Sub-process start.
green
green
green
green
green
green
green
green
green
green
green
green
green
green
green
green
green
green
green
green
green
green
green
green
green
green
green
green
green
green
green
green
green
green
green
green
green
green
green
green
green
green
green
green
green
green
green
green
green
green
green
green
green
green
green
green
green
green
green
green
green
green
green
green
green
green
green
green
green
green
green
green
green
green
green
green
green
green
green
green
green
green
green
green
green
green
green
green
green
green
green
green
green
green
green
green
green
green
green
green
green
green
green
green
green
green
green
green
green
green
green
green
green
green
green
green
green
green
green
green
green
green
green
green
green
green
green
green
green
green
green
green
green
green
green
green
green
green
green
green
green
green
green
green
green
green
green
green
green
green
green
green
green
green
green
green
green
green
green
green
green
green
green
green
green
green
green
green
green
green
green
green
green
green
green
green
green
green
green
green
green
green
green
green
green
green
green
green
green
green
green
green
green
green
green
green
green
green
green
green
green
green
green
green
green
green
green
green
green
green
green
green
green
green
green
green
green
green
green
green
green
green
green
green
green
green
green
green
green
green
green
green
green
green
green
green
green
green
green
green
green
green
green
green
green
green
green
green
green
green
green
green
green
green
green
green
green
green
green
green
green
green
green
green
green
green
green
green
green
green
green
green
green
green
green
green
green
green
green
green
green
green
green
green
green
green
green
green
green
green
green
green
green
green
green
green
green
green
green
green
green
green
green
green
green
green
green
green
green
green
green
green
green
green
green
green
green
green
green
green
green
green
green
green
green
green
green
green
green
green
green
green
green
green
green
green
green
green
green
green
green
green
green
green
green
green
green
green
green
green
green
green
green
green
green
green
green
green
green
green
green
green
green
green
green
green
green
green
green
green
green
green
green
green
green
green
green
green
green
green
green
green
green
green
green
green
green
green
green
green
green
green
green
green
green
green
green
green
green
green
green
green
green
green
green
green
green
green
green
green
green
green
green
green
green
green
green
green
green
green
green
green
green
green
green
green
green
green
green
green
green
green
green
green
green
green
green
green
green
green
green
green
green
green
green
green
green
green
green
green
green
green
green
green
green
green
green
green
green
green
green
green
green
green
green
green
green
green
green
green
green
green
green
green
green
green
green
green
green
green
green
green
green
green
green
green
green
green
green
green
green
green
green
green
green
green
green
green
green
green
green
green
green
green
green
green
green
green
green
green
green
green
green
green
green
green
green
green
green
green
green
green
green
green
green
green
green
green
green
green
green
green
green
green
green
green
green
green
green
green
green
green
green
green
green
green
green
green
green
green
green
green
green
green
green
green
green
green
green
green
green
green
green
green
green
green
green
green
green
green
green
green
green
green
green
green
green
green
green
green
green
green
green
green
green
green
green
green
green
green
green
green
green
green
green
green
green
green
green
green
green
green
green
green
green
green
green
green
green
green
green
green
green
green
green
green
green
green
green
green
green
green
green
green
green
green
green
green
green
green
green
green
green
green
green
green
green
green
green
green
green
green
green
green
green
green
green
green
green
green
green
green
green
green
green
green
green
green
green
green
green
green
green
green
green
green
green
green
green
green
green
green
green
green
green
green
green
green
green
green
green
green
green
green
green
green
green
green
green
green
green
green
green
green
green
green
green
green
green
green
green
green
green
green
green
green
green
green
green
green
green
green
green
green
green
green
green
green
green
green
green
green
green
green
green
green
green
green
green
green
green
green
green
green
green
green
green
green
green
green
green
green
green
green
green
green
green
green
green
green
green
green
green
green
green
green
green
green
green
green
green
green
green
green
green
green
green
green
green
green
green
green
green
green
green
green
green
green
green
green
green
green
green
green
green
green
green
green
green
green
green
green
green
green
green
green
green
green
green
green
green
green
green
green
green
green
green
green
green
green
green
green
green
green
green
green
green
green
green
green
green
green
green
green
green
green
green
green
green
green
green
green
green
green
green
green
green
green
green
green
green
green
green
green
green
green
green
green
green
green
green
green
green
green
green
green
green
green
green
green
green
green
green
green
green
green
green
green
green
green
green
green
green
green
green
green
green
green
green
green
green
green
green
green
green
green
green
green
green
green
green
green
green
green
green
green
green
green
green
green
green
green
green
green
green
green
green
green
green
green
green
green
green
green
green
green
green
green
green
green
green
green
green
green
green
green
green
green
green
green
green
green
green
green
green
green
green
green
green
green
green
green
green
green
green
green
green
green
green
green
green
green
green
green
green
green
green
green
green
green
green
green
green
green
green
green
green
green
green
green
green
green
green
green
green
green
green
green
green
green
green
green
green
green
green
green
green
green
green
green
green
green
green
green
green
green
green
green
green
green
green
green
waitting for takeoff.
green
waitting for takeoff.
green
waitting for takeoff.
green
waitting for takeoff.
green
waitting for takeoff.
green
waitting for takeoff.
green
waitting for takeoff.
green
waitting for takeoff.
green
waitting for takeoff.
green
waitting for takeoff.
green
waitting for takeoff.
green
waitting for takeoff.
green
waitting for takeoff.
green
waitting for takeoff.
green
waitting for takeoff.
green
waitting for takeoff.
green
waitting for takeoff.
green
waitting for takeoff.
green
waitting for takeoff.
green
waitting for takeoff.
green
waitting for takeoff.
green
waitting for takeoff.
green
waitting for takeoff.
green
waitting for takeoff.
green
waitting for takeoff.
green
waitting for takeoff.
green
waitting for takeoff.
green
waitting for takeoff.
green
waitting for takeoff.
green
waitting for takeoff.
green
waitting for takeoff.
green
waitting for takeoff.
green
waitting for takeoff.
green
waitting for takeoff.
green
waitting for takeoff.
green
waitting for takeoff.
green
waitting for takeoff.
green
waitting for takeoff.
green
waitting for takeoff.
green
waitting for takeoff.
green
waitting for takeoff.
green
waitting for takeoff.
green
waitting for takeoff.
green
waitting for takeoff.
green
waitting for takeoff.
green
waitting for takeoff.
green
waitting for takeoff.
green
waitting for takeoff.
green
waitting for takeoff.
green
waitting for takeoff.
green
waitting for takeoff.
green
waitting for takeoff.
green
waitting for takeoff.
green
waitting for takeoff.
green
waitting for takeoff.
green
waitting for takeoff.
green
waitting for takeoff.
green
waitting for takeoff.
green
waitting for takeoff.
green
waitting for takeoff.
green
waitting for takeoff.
green
waitting for takeoff.
green
waitting for takeoff.
green
waitting for takeoff.
green
waitting for takeoff.
green
waitting for takeoff.
green
waitting for takeoff.
green
waitting for takeoff.
green
waitting for takeoff.
green
waitting for takeoff.
green
waitting for takeoff.
green
waitting for takeoff.
green
waitting for takeoff.
green
waitting for takeoff.
green
waitting for takeoff.
green
waitting for takeoff.
green
waitting for takeoff.
green
waitting for takeoff.Tello: 10:29:20.623:  Info: start video thread
Tello: 10:29:20.623:  Info: send connection request (cmd="conn_req:9617")
Tello: 10:29:20.623:  Info: video receive buffer size = 425984
Tello: 10:29:20.623:  Info: state transit State::disconnected -> State::connecting
Tello: 10:29:20.639:  Info: connected. (port=9617)
Tello: 10:29:20.639:  Info: send_time (cmd=0x46 seq=0x01e4)
Tello: 10:29:20.639:  Info: state transit State::connecting -> State::connected
Tello: 10:29:20.639:  Info: get video stream
Tello: 10:29:20.639:  Info: start video (cmd=0x25 seq=0x01e4)
Tello: 10:29:20.691:  Info: recv: ack: cmd=0x34 seq=0x0000 cc 60 00 27 90 34 00 00 00 00 72 a5
Tello: 10:29:20.691:  Info: recv: ack: cmd=0x20 seq=0x0000 cc 60 00 27 b0 20 00 00 00 00 42 b9
Tello: 10:29:20.692:  Info: recv: ack: cmd=0x34 seq=0x0000 cc 60 00 27 90 34 00 00 00 00 72 a5
Tello: 10:29:20.692:  Info: recv: ack: cmd=0x20 seq=0x0000 cc 60 00 27 b0 20 00 00 00 00 42 b9
Tello: 10:29:23.625:  Info: video data 780527 bytes 381.1KB/sec
Tello: 10:29:25.637:  Info: video data 760543 bytes 369.2KB/sec
Tello: 10:29:27.641:  Info: video data 752661 bytes 366.7KB/sec
Tello: 10:29:29.641:  Info: video data 753985 bytes 368.1KB/sec
ALT:  0 | SPD:  0 | BAT: 78 | WIFI: 90 | CAM:  0 | MODE:  6
ALT:  0 | SPD:  0 | BAT: 78 | WIFI: 90 | CAM:  0 | MODE:  6
ALT:  0 | SPD:  0 | BAT: 78 | WIFI: 90 | CAM:  0 | MODE:  6
ALT:  0 | SPD:  0 | BAT: 78 | WIFI: 90 | CAM:  0 | MODE:  6
ALT:  0 | SPD:  0 | BAT: 78 | WIFI: 90 | CAM:  0 | MODE:  6
ALT:  0 | SPD:  0 | BAT: 78 | WIFI: 90 | CAM:  0 | MODE:  6
ALT:  0 | SPD:  0 | BAT: 78 | WIFI: 90 | CAM:  0 | MODE:  6
Tello: 10:29:31.644:  Info: video data 755561 bytes 368.5KB/sec
ALT:  0 | SPD:  0 | BAT: 78 | WIFI: 90 | CAM:  0 | MODE:  6
ALT:  0 | SPD:  0 | BAT: 78 | WIFI: 90 | CAM:  0 | MODE:  6
ALT:  0 | SPD:  0 | BAT: 78 | WIFI: 90 | CAM:  0 | MODE:  6
ALT:  0 | SPD:  0 | BAT: 78 | WIFI: 90 | CAM:  0 | MODE:  6
ALT:  0 | SPD:  0 | BAT: 78 | WIFI: 90 | CAM:  0 | MODE:  6
ALT:  0 | SPD:  0 | BAT: 78 | WIFI: 90 | CAM:  0 | MODE:  6
ALT:  0 | SPD:  0 | BAT: 78 | WIFI: 90 | CAM:  0 | MODE:  6
ALT:  0 | SPD:  0 | BAT: 78 | WIFI: 90 | CAM:  0 | MODE:  6
ALT:  0 | SPD:  0 | BAT: 78 | WIFI: 90 | CAM:  0 | MODE:  6
ALT:  0 | SPD:  0 | BAT: 78 | WIFI: 90 | CAM:  0 | MODE:  6
ALT:  0 | SPD:  0 | BAT: 78 | WIFI: 90 | CAM:  0 | MODE:  6
ALT:  0 | SPD:  0 | BAT: 78 | WIFI: 90 | CAM:  0 | MODE:  6
ALT:  0 | SPD:  0 | BAT: 78 | WIFI: 90 | CAM:  0 | MODE:  6
ALT:  0 | SPD:  0 | BAT: 78 | WIFI: 90 | CAM:  0 | MODE:  6
ALT:  0 | SPD:  0 | BAT: 78 | WIFI: 90 | CAM:  0 | MODE:  6
ALT:  0 | SPD:  0 | BAT: 78 | WIFI: 90 | CAM:  0 | MODE:  6
ALT:  0 | SPD:  0 | BAT: 78 | WIFI: 90 | CAM:  0 | MODE:  6
ALT:  0 | SPD:  0 | BAT: 78 | WIFI: 90 | CAM:  0 | MODE:  6
ALT:  0 | SPD:  0 | BAT: 78 | WIFI: 90 | CAM:  0 | MODE:  6
ALT:  0 | SPD:  0 | BAT: 78 | WIFI: 90 | CAM:  0 | MODE:  6
Tello: 10:29:33.647:  Info: video data 752467 bytes 366.9KB/sec
ALT:  0 | SPD:  0 | BAT: 78 | WIFI: 90 | CAM:  0 | MODE:  6
ALT:  0 | SPD:  0 | BAT: 78 | WIFI: 90 | CAM:  0 | MODE:  6
ALT:  0 | SPD:  0 | BAT: 78 | WIFI: 90 | CAM:  0 | MODE:  6
ALT:  0 | SPD:  0 | BAT: 78 | WIFI: 90 | CAM:  0 | MODE:  6
ALT:  0 | SPD:  0 | BAT: 78 | WIFI: 90 | CAM:  0 | MODE:  6
ALT:  0 | SPD:  0 | BAT: 78 | WIFI: 90 | CAM:  0 | MODE:  6
ALT:  0 | SPD:  0 | BAT: 78 | WIFI: 90 | CAM:  0 | MODE:  6
ALT:  0 | SPD:  0 | BAT: 78 | WIFI: 90 | CAM:  0 | MODE:  6
ALT:  0 | SPD:  0 | BAT: 78 | WIFI: 90 | CAM:  0 | MODE:  6
ALT:  0 | SPD:  0 | BAT: 78 | WIFI: 90 | CAM:  0 | MODE:  6
ALT:  0 | SPD:  0 | BAT: 78 | WIFI: 90 | CAM:  0 | MODE:  6
ALT:  0 | SPD:  0 | BAT: 78 | WIFI: 90 | CAM:  0 | MODE:  6
ALT:  0 | SPD:  0 | BAT: 78 | WIFI: 90 | CAM:  0 | MODE:  6
ALT:  0 | SPD:  0 | BAT: 78 | WIFI: 90 | CAM:  0 | MODE:  6
ALT:  0 | SPD:  0 | BAT: 78 | WIFI: 90 | CAM:  0 | MODE:  6
ALT:  0 | SPD:  0 | BAT: 78 | WIFI: 90 | CAM:  0 | MODE:  6
ALT:  0 | SPD:  0 | BAT: 78 | WIFI: 90 | CAM:  0 | MODE:  6
ALT:  0 | SPD:  0 | BAT: 78 | WIFI: 90 | CAM:  0 | MODE:  6
ALT:  0 | SPD:  0 | BAT: 78 | WIFI: 90 | CAM:  0 | MODE:  6
ALT:  0 | SPD:  0 | BAT: 78 | WIFI: 90 | CAM:  0 | MODE:  6
Tello: 10:29:35.648:  Info: video data 746816 bytes 364.5KB/sec
ALT:  0 | SPD:  0 | BAT: 78 | WIFI: 90 | CAM:  0 | MODE:  6
ALT:  0 | SPD:  0 | BAT: 78 | WIFI: 90 | CAM:  0 | MODE:  6
ALT:  0 | SPD:  0 | BAT: 78 | WIFI: 90 | CAM:  0 | MODE:  6
ALT:  0 | SPD:  0 | BAT: 78 | WIFI: 90 | CAM:  0 | MODE:  6
ALT:  0 | SPD:  0 | BAT: 78 | WIFI: 90 | CAM:  0 | MODE:  6
ALT:  0 | SPD:  0 | BAT: 78 | WIFI: 90 | CAM:  0 | MODE:  6
ALT:  0 | SPD:  0 | BAT: 78 | WIFI: 90 | CAM:  0 | MODE:  6
ALT:  0 | SPD:  0 | BAT: 78 | WIFI: 90 | CAM:  0 | MODE:  6
ALT:  0 | SPD:  0 | BAT: 78 | WIFI: 90 | CAM:  0 | MODE:  6
ALT:  0 | SPD:  0 | BAT: 78 | WIFI: 90 | CAM:  0 | MODE:  6
ALT:  0 | SPD:  0 | BAT: 78 | WIFI: 90 | CAM:  0 | MODE:  6
ALT:  0 | SPD:  0 | BAT: 78 | WIFI: 90 | CAM:  0 | MODE:  6
ALT:  0 | SPD:  0 | BAT: 78 | WIFI: 90 | CAM:  0 | MODE:  6
ALT:  0 | SPD:  0 | BAT: 78 | WIFI: 90 | CAM:  0 | MODE:  6
ALT:  0 | SPD:  0 | BAT: 78 | WIFI: 90 | CAM:  0 | MODE:  6
ALT:  0 | SPD:  0 | BAT: 78 | WIFI: 90 | CAM:  0 | MODE:  6
ALT:  0 | SPD:  0 | BAT: 78 | WIFI: 90 | CAM:  0 | MODE:  6
ALT:  0 | SPD:  0 | BAT: 78 | WIFI: 90 | CAM:  0 | MODE:  6
Tello: 10:29:37.533:  Info: video recv: 1460 bytes f600 +122
ALT:  0 | SPD:  0 | BAT: 78 | WIFI: 90 | CAM:  0 | MODE:  6
ALT:  0 | SPD:  0 | BAT: 78 | WIFI: 90 | CAM:  0 | MODE:  6
Tello: 10:29:37.603:  Info: set altitude limit 30m
Tello: 10:29:37.603:  Info: takeoff (cmd=0x54 seq=0x01e4)
Tello: 10:29:37.644:  Info: recv: ack: cmd=0x54 seq=0x0000 cc 60 00 27 b0 54 00 00 00 00 a1 81
Tello: 10:29:37.767:  Info: video recv: 1460 bytes fd00 +122
Tello: 10:29:37.767:  Info: video data 757786 bytes 349.1KB/sec
Tello: 10:29:37.910:  Info: video recv: 1460 bytes ff00 +119
ALT:  0 | SPD:  0 | BAT: 78 | WIFI: 90 | CAM:  0 | MODE: 11
ALT:  0 | SPD:  0 | BAT: 78 | WIFI: 90 | CAM:  0 | MODE: 11
Tello: 10:29:38.232:  Info: video recv: 1460 bytes 0308 +137
Tello: 10:29:38.389:  Info: video recv: 1460 bytes 0605 +124
Tello: 10:29:38.516:  Info: video recv: 1460 bytes 0900 +100
Tello: 10:29:38.697:  Info: video recv: 1460 bytes 0e03 +128
ALT:  3 | SPD: -9 | BAT: 78 | WIFI: 90 | CAM:  0 | MODE: 11
Tello: 10:29:38.831:  Info: video recv: 1460 bytes 1105 +118
Tello: 10:29:39.055:  Info: video recv: 1460 bytes 1b05 +119
ALT:  6 | SPD: -7 | BAT: 78 | WIFI: 90 | CAM:  0 | MODE: 11
Tello: 10:29:39.302:  Info: video recv: 1460 bytes 2901 +116
ALT:  7 | SPD: -5 | BAT: 78 | WIFI: 90 | CAM:  0 | MODE: 11
Tello: 10:29:39.444:  Info: video recv: 1460 bytes 2c00 +115
Tello: 10:29:39.608:  Info: video recv: 1460 bytes 3005 +114
Tello: 10:29:39.617:  Info: set_throttle(val=0.10)
ALT:  9 | SPD: -2 | BAT: 78 | WIFI: 90 | CAM:  0 | MODE: 11
Tello: 10:29:39.751:  Info: video recv: 1460 bytes 3301 +116
Tello: 10:29:39.768:  Info: video data 552464 bytes 269.6KB/sec loss=144
ALT:  9 | SPD: -1 | BAT: 78 | WIFI: 90 | CAM:  0 | MODE:  6
Tello: 10:29:39.917:  Info: video recv: 1460 bytes 3800 +117
Tello: 10:29:40.062:  Info: video recv: 1460 bytes 3901 +119
ALT: 10 | SPD:  0 | BAT: 77 | WIFI: 90 | CAM:  0 | MODE:  1
Tello: 10:29:40.223:  Info: video recv: 1460 bytes 3d07 +115
Tello: 10:29:40.366:  Info: video recv: 1460 bytes 4204 +116
ALT: 10 | SPD:  0 | BAT: 77 | WIFI: 90 | CAM:  0 | MODE:  1
Tello: 10:29:40.545:  Info: video recv: 1460 bytes 4907 +130
Tello: 10:29:40.851:  Info: video recv: 700 bytes 5388 +125
ALT: 10 | SPD:  0 | BAT: 77 | WIFI: 90 | CAM:  0 | MODE:  1
ALT: 10 | SPD:  0 | BAT: 77 | WIFI: 90 | CAM:  0 | MODE:  1
ALT: 10 | SPD:  0 | BAT: 77 | WIFI: 90 | CAM:  0 | MODE:  1
ALT: 10 | SPD:  0 | BAT: 77 | WIFI: 90 | CAM:  0 | MODE:  1
ALT: 11 | SPD:  0 | BAT: 77 | WIFI: 90 | CAM:  0 | MODE:  1
ALT: 11 | SPD:  0 | BAT: 77 | WIFI: 90 | CAM:  0 | MODE:  1
ALT: 11 | SPD:  0 | BAT: 77 | WIFI: 90 | CAM:  0 | MODE:  1
ALT: 11 | SPD:  0 | BAT: 77 | WIFI: 90 | CAM:  0 | MODE:  6
ALT: 11 | SPD:  0 | BAT: 77 | WIFI: 90 | CAM:  0 | MODE:  6
ALT: 11 | SPD:  0 | BAT: 77 | WIFI: 90 | CAM:  0 | MODE:  6
878.0 304.0 2
Tello: 10:29:41.684:  Info: set_yaw(val=1.00)
Tello: 10:29:41.684:  Info: set_throttle(val=-0.08)
Tello: 10:29:41.684:  Info: set_pitch(val=0.60)
-1.0 -1.0 2
-1.0 -1.0 2
Tello: 10:29:41.772:  Info: video data 767441 bytes 374.0KB/sec loss=113
ALT: 11 | SPD:  0 | BAT: 77 | WIFI: 90 | CAM:  0 | MODE:  6
-1.0 -1.0 2
-1.0 -1.0 2
-1.0 -1.0 2
ALT: 11 | SPD:  0 | BAT: 77 | WIFI: 90 | CAM:  0 | MODE:  6
872.0 318.0 2
Tello: 10:29:41.884:  Info: set_throttle(val=-0.15)
-1.0 -1.0 2
-1.0 -1.0 2
ALT: 11 | SPD:  0 | BAT: 77 | WIFI: 90 | CAM:  0 | MODE:  6
-1.0 -1.0 2
-1.0 -1.0 2
-1.0 -1.0 2
ALT: 11 | SPD:  0 | BAT: 77 | WIFI: 90 | CAM:  0 | MODE:  6
-1.0 -1.0 2
-1.0 -1.0 2
-1.0 -1.0 2
-1.0 -1.0 2
ALT: 11 | SPD:  0 | BAT: 77 | WIFI: 90 | CAM:  0 | MODE:  6
-1.0 -1.0 2
-1.0 -1.0 2
ALT: 11 | SPD:  0 | BAT: 77 | WIFI: 90 | CAM:  0 | MODE:  6
-1.0 -1.0 2
-1.0 -1.0 2
-1.0 -1.0 2
ALT: 11 | SPD:  0 | BAT: 77 | WIFI: 90 | CAM:  0 | MODE:  6
-1.0 -1.0 2
-1.0 -1.0 2
ALT: 11 | SPD:  0 | BAT: 77 | WIFI: 90 | CAM:  0 | MODE:  6
-1.0 -1.0 2
-1.0 -1.0 2
ALT: 11 | SPD:  0 | BAT: 77 | WIFI: 90 | CAM:  0 | MODE:  6
-1.0 -1.0 2
-1.0 -1.0 2
-1.0 -1.0 2
ALT: 11 | SPD:  0 | BAT: 77 | WIFI: 90 | CAM:  0 | MODE:  6
ALT: 10 | SPD:  0 | BAT: 77 | WIFI: 90 | CAM:  0 | MODE:  6
-1.0 -1.0 2
-1.0 -1.0 2
-1.0 -1.0 2
-1.0 -1.0 2
-1.0 -1.0 2
ALT: 10 | SPD:  0 | BAT: 77 | WIFI: 90 | CAM:  0 | MODE:  6
-1.0 -1.0 2
ALT: 10 | SPD:  0 | BAT: 77 | WIFI: 90 | CAM:  0 | MODE:  1
-1.0 -1.0 2
-1.0 -1.0 2
-1.0 -1.0 2
-1.0 -1.0 2
-1.0 -1.0 2
ALT: 10 | SPD:  0 | BAT: 77 | WIFI: 90 | CAM:  0 | MODE:  1
-1.0 -1.0 2
-1.0 -1.0 2
-1.0 -1.0 2
-1.0 -1.0 2
-1.0 -1.0 2
ALT: 10 | SPD:  0 | BAT: 77 | WIFI: 90 | CAM:  0 | MODE:  1
-1.0 -1.0 2
-1.0 -1.0 2
-1.0 -1.0 2
-1.0 -1.0 2
-1.0 -1.0 2
ALT: 10 | SPD:  0 | BAT: 77 | WIFI: 90 | CAM:  0 | MODE:  1
-1.0 -1.0 2
-1.0 -1.0 2
ALT: 10 | SPD:  0 | BAT: 77 | WIFI: 90 | CAM:  0 | MODE:  1
-1.0 -1.0 2
-1.0 -1.0 2
-1.0 -1.0 2
-1.0 -1.0 2
ALT: 10 | SPD:  0 | BAT: 77 | WIFI: 90 | CAM:  0 | MODE:  1
-1.0 -1.0 2
-1.0 -1.0 2
-1.0 -1.0 2
ALT: 10 | SPD:  0 | BAT: 77 | WIFI: 90 | CAM:  0 | MODE:  1
-1.0 -1.0 2
-1.0 -1.0 2
ALT: 10 | SPD:  0 | BAT: 77 | WIFI: 90 | CAM:  0 | MODE:  1
-1.0 -1.0 2
-1.0 -1.0 2
Tello: 10:29:43.773:  Info: video data 735122 bytes 358.8KB/sec
-1.0 -1.0 2
-1.0 -1.0 2
ALT: 10 | SPD:  0 | BAT: 77 | WIFI: 90 | CAM:  0 | MODE:  1
-1.0 -1.0 2
-1.0 -1.0 2
-1.0 -1.0 2
ALT: 10 | SPD:  0 | BAT: 77 | WIFI: 90 | CAM:  0 | MODE:  1
-1.0 -1.0 2
-1.0 -1.0 2
ALT: 10 | SPD:  0 | BAT: 77 | WIFI: 90 | CAM:  0 | MODE:  1
-1.0 -1.0 2
ALT: 10 | SPD:  0 | BAT: 77 | WIFI: 90 | CAM:  0 | MODE:  1
-1.0 -1.0 2
-1.0 -1.0 2
-1.0 -1.0 2
-1.0 -1.0 2
ALT: 10 | SPD:  0 | BAT: 77 | WIFI: 90 | CAM:  0 | MODE:  6
-1.0 -1.0 2
-1.0 -1.0 2
-1.0 -1.0 2
-1.0 -1.0 2
ALT:  9 | SPD:  1 | BAT: 77 | WIFI: 90 | CAM:  0 | MODE:  6
-1.0 -1.0 2
-1.0 -1.0 2
-1.0 -1.0 2
ALT:  9 | SPD:  1 | BAT: 77 | WIFI: 90 | CAM:  0 | MODE:  6
-1.0 -1.0 2
-1.0 -1.0 2
-1.0 -1.0 2
ALT:  9 | SPD:  1 | BAT: 77 | WIFI: 90 | CAM:  0 | MODE:  6
-1.0 -1.0 2
-1.0 -1.0 2
-1.0 -1.0 2
-1.0 -1.0 2
ALT:  9 | SPD:  0 | BAT: 77 | WIFI: 90 | CAM:  0 | MODE:  1
-1.0 -1.0 2
-1.0 -1.0 2
ALT:  9 | SPD:  0 | BAT: 77 | WIFI: 90 | CAM:  0 | MODE:  1
-1.0 -1.0 2
-1.0 -1.0 2
-1.0 -1.0 2
-1.0 -1.0 2
ALT:  9 | SPD:  0 | BAT: 77 | WIFI: 90 | CAM:  0 | MODE:  1
-1.0 -1.0 2
-1.0 -1.0 2
-1.0 -1.0 2
ALT:  9 | SPD:  0 | BAT: 77 | WIFI: 90 | CAM:  0 | MODE:  1
-1.0 -1.0 2
-1.0 -1.0 2
ALT:  9 | SPD:  0 | BAT: 77 | WIFI: 90 | CAM:  0 | MODE:  1
-1.0 -1.0 2
-1.0 -1.0 2
-1.0 -1.0 2
-1.0 -1.0 2
ALT:  9 | SPD:  0 | BAT: 77 | WIFI: 90 | CAM:  0 | MODE:  1
-1.0 -1.0 2
-1.0 -1.0 2
ALT:  9 | SPD:  0 | BAT: 77 | WIFI: 90 | CAM:  0 | MODE:  1
-1.0 -1.0 2
-1.0 -1.0 2
-1.0 -1.0 2
ALT:  9 | SPD:  0 | BAT: 77 | WIFI: 90 | CAM:  0 | MODE:  6
-1.0 -1.0 2
-1.0 -1.0 2
-1.0 -1.0 2
ALT:  9 | SPD:  0 | BAT: 77 | WIFI: 90 | CAM:  0 | MODE:  6
-1.0 -1.0 2
-1.0 -1.0 2
-1.0 -1.0 2
ALT:  8 | SPD:  0 | BAT: 77 | WIFI: 90 | CAM:  0 | MODE:  6
-1.0 -1.0 2
-1.0 -1.0 2
-1.0 -1.0 2
ALT:  8 | SPD:  0 | BAT: 77 | WIFI: 90 | CAM:  0 | MODE:  6
-1.0 -1.0 2
-1.0 -1.0 2
-1.0 -1.0 2
ALT:  8 | SPD:  0 | BAT: 77 | WIFI: 90 | CAM:  0 | MODE:  1
-1.0 -1.0 2
-1.0 -1.0 2
-1.0 -1.0 2
ALT:  8 | SPD:  0 | BAT: 77 | WIFI: 90 | CAM:  0 | MODE:  1
Tello: 10:29:45.777:  Info: video data 767132 bytes 373.8KB/sec
-1.0 -1.0 2
-1.0 -1.0 2
-1.0 -1.0 2
ALT:  8 | SPD:  0 | BAT: 77 | WIFI: 90 | CAM:  0 | MODE:  1
-1.0 -1.0 2
-1.0 -1.0 2
-1.0 -1.0 2
ALT:  8 | SPD:  0 | BAT: 77 | WIFI: 90 | CAM:  0 | MODE:  1
-1.0 -1.0 2
-1.0 -1.0 2
-1.0 -1.0 2
-1.0 -1.0 2
ALT:  8 | SPD:  0 | BAT: 77 | WIFI: 90 | CAM:  0 | MODE:  1
-1.0 -1.0 2
-1.0 -1.0 2
ALT:  8 | SPD:  0 | BAT: 77 | WIFI: 90 | CAM:  0 | MODE:  1
-1.0 -1.0 2
-1.0 -1.0 2
-1.0 -1.0 2
-1.0 -1.0 2
ALT:  8 | SPD:  0 | BAT: 77 | WIFI: 90 | CAM:  0 | MODE:  1
-1.0 -1.0 2
-1.0 -1.0 2
-1.0 -1.0 2
ALT:  8 | SPD:  0 | BAT: 77 | WIFI: 90 | CAM:  0 | MODE:  1
-1.0 -1.0 2
-1.0 -1.0 2
ALT:  8 | SPD:  0 | BAT: 77 | WIFI: 90 | CAM:  0 | MODE:  1
-1.0 -1.0 2
-1.0 -1.0 2
-1.0 -1.0 2
ALT:  8 | SPD:  0 | BAT: 77 | WIFI: 90 | CAM:  0 | MODE:  1
-1.0 -1.0 2
-1.0 -1.0 2
ALT:  8 | SPD:  0 | BAT: 77 | WIFI: 90 | CAM:  0 | MODE:  1
-1.0 -1.0 2
-1.0 -1.0 2
-1.0 -1.0 2
-1.0 -1.0 2
ALT:  8 | SPD:  0 | BAT: 77 | WIFI: 90 | CAM:  0 | MODE:  1
-1.0 -1.0 2
-1.0 -1.0 2
-1.0 -1.0 2
-1.0 -1.0 2
ALT:  8 | SPD:  0 | BAT: 77 | WIFI: 90 | CAM:  0 | MODE:  1
-1.0 -1.0 2
-1.0 -1.0 2
-1.0 -1.0 2
ALT:  8 | SPD:  0 | BAT: 77 | WIFI: 90 | CAM:  0 | MODE:  1
-1.0 -1.0 2
-1.0 -1.0 2
ALT:  8 | SPD:  0 | BAT: 77 | WIFI: 90 | CAM:  0 | MODE:  1
-1.0 -1.0 2
-1.0 -1.0 2
-1.0 -1.0 2
-1.0 -1.0 2
ALT:  8 | SPD:  0 | BAT: 77 | WIFI: 90 | CAM:  0 | MODE:  1
-1.0 -1.0 2
-1.0 -1.0 2
-1.0 -1.0 2
ALT:  8 | SPD:  0 | BAT: 77 | WIFI: 90 | CAM:  0 | MODE:  1
-1.0 -1.0 2
-1.0 -1.0 2
ALT:  8 | SPD:  0 | BAT: 77 | WIFI: 90 | CAM:  0 | MODE:  1
-1.0 -1.0 2
-1.0 -1.0 2
-1.0 -1.0 2
-1.0 -1.0 2
ALT:  8 | SPD:  0 | BAT: 77 | WIFI: 90 | CAM:  0 | MODE:  1
-1.0 -1.0 2
-1.0 -1.0 2
ALT:  8 | SPD:  0 | BAT: 77 | WIFI: 90 | CAM:  0 | MODE:  1
-1.0 -1.0 2
-1.0 -1.0 2
-1.0 -1.0 2
ALT:  8 | SPD:  0 | BAT: 77 | WIFI: 90 | CAM:  0 | MODE:  1
-1.0 -1.0 2
Tello: 10:29:47.790:  Info: video data 717992 bytes 348.2KB/sec loss=1
-1.0 -1.0 2
ALT:  8 | SPD:  0 | BAT: 77 | WIFI: 90 | CAM:  0 | MODE:  1
-1.0 -1.0 2
-1.0 -1.0 2
ALT:  8 | SPD:  0 | BAT: 77 | WIFI: 90 | CAM:  0 | MODE:  1
-1.0 -1.0 2
-1.0 -1.0 2
-1.0 -1.0 2
-1.0 -1.0 2
-1.0 -1.0 2
ALT:  8 | SPD:  0 | BAT: 77 | WIFI: 90 | CAM:  0 | MODE:  1
-1.0 -1.0 2
-1.0 -1.0 2
ALT:  8 | SPD:  0 | BAT: 77 | WIFI: 90 | CAM:  0 | MODE:  1
-1.0 -1.0 2
-1.0 -1.0 2
-1.0 -1.0 2
-1.0 -1.0 2
ALT:  8 | SPD:  0 | BAT: 77 | WIFI: 90 | CAM:  0 | MODE:  1
-1.0 -1.0 2
-1.0 -1.0 2
-1.0 -1.0 2
ALT:  8 | SPD:  0 | BAT: 77 | WIFI: 90 | CAM:  0 | MODE:  1
-1.0 -1.0 2
-1.0 -1.0 2
-1.0 -1.0 2
ALT:  8 | SPD:  0 | BAT: 77 | WIFI: 90 | CAM:  0 | MODE:  1
-1.0 -1.0 2
-1.0 -1.0 2
-1.0 -1.0 2
ALT:  7 | SPD:  0 | BAT: 77 | WIFI: 90 | CAM:  0 | MODE:  1
-1.0 -1.0 2
-1.0 -1.0 2
-1.0 -1.0 2
-1.0 -1.0 2
ALT:  7 | SPD:  0 | BAT: 77 | WIFI: 90 | CAM:  0 | MODE:  1
-1.0 -1.0 2
-1.0 -1.0 2
-1.0 -1.0 2
ALT:  7 | SPD:  0 | BAT: 77 | WIFI: 90 | CAM:  0 | MODE:  1
-1.0 -1.0 2
-1.0 -1.0 2
ALT:  7 | SPD:  0 | BAT: 77 | WIFI: 90 | CAM:  0 | MODE:  1
-1.0 -1.0 2
-1.0 -1.0 2
-1.0 -1.0 2
ALT:  7 | SPD:  0 | BAT: 77 | WIFI: 90 | CAM:  0 | MODE:  1
-1.0 -1.0 2
-1.0 -1.0 2
-1.0 -1.0 2
-1.0 -1.0 2
ALT:  7 | SPD:  0 | BAT: 77 | WIFI: 90 | CAM:  0 | MODE:  1
-1.0 -1.0 2
-1.0 -1.0 2
-1.0 -1.0 2
ALT:  7 | SPD:  0 | BAT: 77 | WIFI: 90 | CAM:  0 | MODE:  1
-1.0 -1.0 2
-1.0 -1.0 2
-1.0 -1.0 2
ALT:  7 | SPD:  0 | BAT: 77 | WIFI: 90 | CAM:  0 | MODE:  1
-1.0 -1.0 2
-1.0 -1.0 2
-1.0 -1.0 2
ALT:  7 | SPD:  0 | BAT: 77 | WIFI: 90 | CAM:  0 | MODE:  1
-1.0 -1.0 2
-1.0 -1.0 2
-1.0 -1.0 2
ALT:  7 | SPD:  0 | BAT: 77 | WIFI: 90 | CAM:  0 | MODE:  1
-1.0 -1.0 2
-1.0 -1.0 2
-1.0 -1.0 2
ALT:  7 | SPD:  0 | BAT: 77 | WIFI: 90 | CAM:  0 | MODE:  1
-1.0 -1.0 2
-1.0 -1.0 2
-1.0 -1.0 2
ALT:  7 | SPD:  0 | BAT: 77 | WIFI: 90 | CAM:  0 | MODE:  1
-1.0 -1.0 2
-1.0 -1.0 2
-1.0 -1.0 2
ALT:  7 | SPD:  0 | BAT: 77 | WIFI: 90 | CAM:  0 | MODE:  1
-1.0 -1.0 2
-1.0 -1.0 2
Tello: 10:29:49.792:  Info: video data 794001 bytes 387.4KB/sec
ALT:  7 | SPD:  0 | BAT: 77 | WIFI: 90 | CAM:  0 | MODE:  1
green
waitting for takeoff.
green
waitting for takeoff.
green
waitting for takeoff.
green
waitting for takeoff.
green
waitting for takeoff.
green
waitting for takeoff.
green
waitting for takeoff.
green
waitting for takeoff.
green
waitting for takeoff.
green
waitting for takeoff.
green
waitting for takeoff.
green
waitting for takeoff.
green
waitting for takeoff.
green
waitting for takeoff.
green
waitting for takeoff.
green
waitting for takeoff.
green
waitting for takeoff.
green
waitting for takeoff.
green
waitting for takeoff.
green
waitting for takeoff.
green
waitting for takeoff.
green
waitting for takeoff.
green
waitting for takeoff.
green
waitting for takeoff.
green
waitting for takeoff.
green
waitting for takeoff.
green
waitting for takeoff.
green
waitting for takeoff.
green
waitting for takeoff.
green
waitting for takeoff.
green
waitting for takeoff.
green
waitting for takeoff.
green
waitting for takeoff.
green
waitting for takeoff.
green
waitting for takeoff.
green
waitting for takeoff.
green
waitting for takeoff.
green
waitting for takeoff.
green
waitting for takeoff.
green
waitting for takeoff.
green
waitting for takeoff.
green
waitting for takeoff.
green
waitting for takeoff.
green
waitting for takeoff.
green
waitting for takeoff.
green
waitting for takeoff.
green
waitting for takeoff.
green
waitting for takeoff.
green
waitting for takeoff.
green
waitting for takeoff.
green
waitting for takeoff.
green
waitting for takeoff.
green
waitting for takeoff.
green
waitting for takeoff.
green
waitting for takeoff.
green
waitting for takeoff.
green
waitting for takeoff.
green
waitting for takeoff.
green
waitting for takeoff.
green
waitting for takeoff.
green
waitting for takeoff.
green
waitting for takeoff.
green
green
green
green
green
green
green
green
green
green
green
green
green
green
green
green
green
green
green
green
green
green
green
green
green
green
green
green
green
green
green
green
green
green
green
green
green
green
green
green
green
green
green
green
green
green
green
green
green
green
green
green
green
green
green
green
green
green
green
green
green
green
green
green
green
green
green
green
green
green
green
green
green
green
green
green
green
green
green
green
green
green
green
green
green
green
green
green
green
green
green
green
green
green
green
green
green
green
green
green
green
green
green
green
green
green
green
green
green
green
green
green
green
green
green
green
green
green
green
green
green
green
green
green
green
green
green
green
green
green
green
green
green
green
green
green
green
green
green
green
green
green
green
green
green
green
green
green
green
green
green
green
green
green
green
green
green
green
green
green
green
green
green
green
green
green
green
green
green
green
green
R: 0
green
R: 0
green
R: 0
green
R: 0
green
R: 0
green
R: 0
green
R: 0
green
R: 0
green
R: -1
green
R: -1
green
R: -1
green
R: -1
green
R: -1
green
R: -1
green
R: -1
green
R: -1
green
R: -1
green
R: -1
green
R: -1
green
R: -1
green
R: -1
green
R: -1
green
R: -1
green
R: -1
green
R: -1
green
R: -1
green
R: -1
green
R: -1
green
R: -1
green
R: -1
green
R: -1
green
R: -1
green
R: -1
green
R: -1
green
R: -1
green
R: -1
green
R: -1
green
R: -1
green
R: -1
green
R: -1
green
R: -1
green
R: -1
green
R: -1
green
R: -1
green
R: -1
green
R: -1
green
R: -1
green
R: -1
green
R: -1
green
R: -1
green
R: -1
green
R: -1
green
R: -1
green
R: -1
green
R: -1
green
R: -1
green
R: -1
green
R: -1
green
R: -1
green
R: -1
green
R: -1
green
R: -1
green
R: -1
green
R: -1
green
R: -1
green
R: -1
green
R: -1
green
R: -1
green
R: -1
green
R: -1
green
R: -1
green
R: -1
green
R: -1
green
R: -1
green
R: -1
green
R: -1
green
R: -1
green
R: -1
green
R: -1
green
R: -1
green
R: -1
green
R: -1
green
R: -1
green
R: -1
green
R: -1
green
R: -1
green
R: -1
green
R: -1
green
R: -1
green
R: -1
green
R: -1
green
R: -1
green
R: -1
green
R: -1
green
R: -1
green
R: -1
green
R: -1
green
R: -1
green
R: -1
green
R: -1
green
R: -1
green
R: -1
green
R: -1
green
R: -1
green
R: -1
green
R: -1
green
R: -1
green
R: -1
green
R: -1
green
R: -1
green
R: -1
green
R: -1
green
R: -1
green
R: -1
green
R: -1
green
R: -1
green
R: -1
green
R: -1
green
R: -1
green
R: -1
green
R: -1
green
R: -1
green
R: -1
green
R: -1
green
R: -1
green
R: -1
green
R: -1
green
R: -1
green
R: -1
green
R: -1
green
R: -1
green
R: -1
green
R: -1
green
R: -1
green
R: -1
green
R: -1
green
R: -1
green
R: -1
green
R: -1
green
R: -1
green
R: -1
green
R: -1
green
R: -1
green
R: -1
green
R: -1
green
R: -1
green
R: -1
green
R: -1
green
R: -1
green
R: -1
green
R: -1
green
R: -1
green
R: -1
green
R: -1
green
R: -1
green
R: -1
green
R: -1
green
R: -1
green
R: -1
green
R: -1
green
R: -1
green
R: -1
green
R: -1
green
R: -1
green
R: -1
green
R: -1
green
R: -1
green
R: -1
green
R: -1
green
R: -1
green
R: -1
green
R: -1
green
R: -1
green
R: -1
green
R: -1
green
R: -1
green
R: -1
green
R: -1
green
R: -1
green
R: -1
green
R: -1
green
R: -1
green
R: -1
green
R: -1
green
R: -1
green
R: -1
green
R: -1
green
R: -1
green
R: -1
green
R: -1
green
R: -1
green
R: -1
green
R: -1
green
R: -1
green
R: -1
green
R: -1
green
R: -1
green
R: -1
green
R: -1
green
R: -1
green
R: -1
green
R: -1
green
R: -1
green
R: -1
green
R: -1
green
R: -1
green
R: -1
green
R: -1
green
R: -1
green
R: -1
green
R: -1
green
R: -1
green
R: -1
green
R: -1
green
R: -1
green
R: -1
green
R: -1
green
R: -1
green
R: -1
green
R: -1
green
R: -1
green
R: -1
green
R: -1
green
R: -1
green
R: -1
green
R: -1
green
R: -1
green
R: -1
green
R: -1
green
R: -1
green
R: -1
green
R: -1
green
R: -1
green
R: -1
green
R: -1
green
R: -1
green
R: -1
green
R: -1
green
R: -1
green
R: -1
green
R: -1
green
R: -1
green
R: -1
green
R: -1
green
R: -1
green
R: -1
green
R: -1
green
R: -1
green
R: -1
green
R: -1
green
R: -1
green
R: -1
green
R: -1
green
R: -1
green
R: -1
green
R: -1
green
R: -1
green
R: -1
green
R: -1
green
R: -1
green
R: -1
green
R: -1
green
R: -1
green
R: -1
green
R: -1
green
R: -1
green
R: -1
green
R: -1
green
R: -1
green
R: -1
green
R: -1
green
R: -1
green
R: -1
green
R: -1
green
R: -1
green
R: -1
green
R: -1
green
R: -1
green
R: -1
green
R: -1
green
R: -1
green
R: -1
green
R: -1
green
R: -1
green
R: -1
green
R: -1
green
R: -1
green
R: -1
green
R: -1
green
R: -1
green
R: -1
green
R: -1
green
R: -1
green
R: -1
green
R: -1
green
R: -1
green
R: -1
green
R: -1
green
R: -1
green
R: -1
green
R: -1
green
R: -1
green
R: -1
green
R: -1
green
R: -1
green
R: -1
green
R: -1
green
R: -1
green
R: -1
green
R: -1
green
R: -1
green
R: -1
green
R: -1
green
R: -1
green
R: -1
green
R: -1
green
R: -1
green
R: -1
green
R: -1
green
R: -1
green
R: -1
green
R: -1
green
R: -1
green
R: -1
green
R: -1
green
R: -1
green
R: -1
green
R: -1
green
R: -1
green
R: -1
green
R: -1
green
R: -1
green
R: -1
green
R: -1
green
R: -1
green
R: -1
green
R: -1
green
R: -1
green
R: -1
green
R: -1
green
R: -1
green
R: -1
green
R: -1
green
R: -1
green
R: -1
green
R: -1
green
R: -1
green
R: -1
green
R: -1
green
R: -1
green
R: -1
green
R: -1
green
R: -1
green
R: -1
green
R: -1
green
R: -1
green
R: -1
green
R: -1
green
R: -1
green
R: -1
green
R: -1
green
R: -1
green
R: -1
green
R: -1
green
R: -1
green
R: -1
green
R: -1
green
R: -1
green
R: -1
green
R: -1
green
R: 0
green
R: -1
green
R: -1
green
R: -1
green
R: -1
green
R: -1
green
R: -1
green
R: -1
green
R: -1
green
R: -1
green
R: -1
green
R: -1
green
R: -1
green
R: -1
green
R: -1
green
R: -1
green
R: -1
green
R: -1
green
R: -1
green
R: -1
green
R: -1
green
R: -1
green
R: -1
green
R: -1
green
R: -1
green
R: -1
green
R: -1
green
R: -1
green
R: -1
green
R: -1
green
R: -1
green
R: -1
green
R: -1
green
R: -1
green
R: -1
green
R: -1
green
R: -1
green
R: -1
green
R: -1
green
R: -1
green
R: -1
green
R: -1
green
R: -1
green
R: -1
green
R: -1
green
R: -1
green
R: -1
green
R: -1
green
R: -1
green
R: -1
green
R: -1
green
R: -1
green
R: -1
green
R: -1
green
R: -1
green
R: -1
green
R: -1
green
R: -1
green
R: -1
green
R: -1
green
R: -1
green
R: -1
green
R: -1
green
R: -1
green
R: -1
green
R: -1
green
R: -1
green
R: -1
green
R: -1
green
R: -1
green
R: -1
green
R: -1
green
R: -1
green
R: -1
green
R: -1
green
R: -1
green
R: -1
green
R: -1
green
R: -1
green
R: -1
green
R: -1
green
R: -1
green
R: -1
green
R: -1