Sub-process start.
green
green
green
green
green
green
green
green
green
green
green
green
green
green
green
green
green
green
green
green
green
green
green
green
green
green
green
green
green
green
green
green
green
green
green
green
green
green
green
green
green
green
green
green
green
green
green
green
green
green
green
green
green
green
green
green
green
green
green
green
green
green
green
green
green
green
green
green
green
green
green
green
green
green
green
green
green
green
green
green
green
green
green
green
green
green
green
green
green
green
green
green
green
green
green
green
green
green
green
green
green
green
green
green
green
green
green
green
green
green
green
green
green
green
green
green
green
green
green
green
green
green
green
green
green
green
green
green
green
green
green
green
green
green
green
green
green
green
green
green
green
green
green
green
green
green
green
green
green
green
green
green
green
green
green
green
green
green
green
green
green
green
green
green
green
green
green
green
green
green
green
green
green
green
green
green
green
green
green
green
green
green
green
green
green
green
green
green
green
green
green
green
green
green
green
green
green
green
green
green
green
green
green
green
green
green
green
green
green
green
green
green
green
green
green
green
green
green
green
green
green
green
green
green
green
green
green
green
green
green
green
green
green
green
green
green
green
green
green
green
green
green
green
green
green
green
green
green
green
green
green
green
green
green
green
green
green
green
green
green
green
green
green
green
green
green
green
green
green
green
green
green
green
green
green
green
green
green
green
green
green
green
green
green
green
green
green
green
green
green
green
green
green
green
green
green
green
green
green
green
green
green
green
green
green
green
green
green
green
green
green
green
green
green
green
green
green
green
green
green
green
green
green
green
green
green
green
green
green
green
green
green
green
green
green
green
green
green
green
green
green
green
green
green
green
green
green
green
green
green
green
green
green
green
green
green
green
green
green
green
green
green
green
green
green
green
green
green
green
green
green
green
green
green
green
green
green
green
green
green
green
green
green
green
green
green
green
green
green
green
green
green
green
green
green
green
green
green
green
green
green
green
green
green
green
green
green
green
green
green
green
green
green
green
green
green
green
green
green
green
green
green
green
green
green
green
green
green
green
green
green
green
green
green
green
green
green
green
green
green
green
green
green
green
green
green
green
green
green
green
green
green
green
green
green
green
green
green
green
green
green
green
green
green
green
green
green
green
green
green
green
green
green
green
green
green
green
green
green
green
green
green
green
green
green
green
green
green
green
green
green
green
green
green
green
green
green
green
green
green
green
green
green
green
green
green
green
green
green
green
green
green
green
green
green
green
green
green
green
green
green
green
green
green
green
green
green
green
green
green
green
green
green
green
green
green
green
green
green
green
green
green
green
green
green
green
green
green
green
green
green
green
green
green
green
green
green
green
green
green
green
green
green
green
green
green
green
green
green
green
green
green
green
green
green
green
green
green
green
green
green
green
green
green
green
green
green
green
green
green
green
green
green
green
green
green
green
green
green
green
green
green
green
green
green
green
green
green
green
green
green
green
green
green
green
green
green
green
green
green
green
green
green
green
green
green
green
green
green
green
green
green
green
green
green
green
green
green
green
green
green
green
green
green
green
green
green
green
green
green
green
green
green
green
green
green
green
green
green
green
green
green
green
green
green
green
green
green
green
green
green
green
green
green
green
green
green
green
green
green
green
green
green
green
green
green
green
green
green
green
green
green
green
green
green
green
green
green
green
green
green
green
green
green
green
green
green
green
green
green
green
green
green
green
green
green
green
green
green
green
green
green
green
green
green
green
green
green
green
green
green
green
green
green
green
green
green
green
green
green
green
green
green
green
green
green
green
green
green
green
green
green
green
green
green
green
green
green
green
green
green
green
green
green
green
green
green
green
green
green
green
green
green
green
green
green
green
green
green
green
green
green
green
green
green
green
green
green
green
green
green
green
green
green
green
green
green
green
green
green
green
green
green
green
green
green
green
green
green
green
green
green
green
green
green
green
green
green
green
green
green
green
green
green
green
green
green
green
green
green
green
green
green
green
green
green
green
green
green
green
green
green
green
green
green
green
green
green
green
green
green
green
green
green
green
green
green
green
green
green
green
green
green
green
green
green
green
green
green
green
green
green
green
green
green
green
green
green
green
green
green
green
green
green
green
green
green
green
green
green
green
green
green
green
green
green
green
green
green
green
green
green
green
green
green
green
green
green
green
green
green
green
green
green
green
green
green
green
green
green
green
green
green
green
green
green
green
green
green
green
green
green
green
green
green
green
green
green
green
green
green
green
green
green
green
green
green
green
green
green
green
green
green
green
green
green
green
green
green
green
green
green
green
green
green
green
green
green
green
green
green
green
green
green
green
green
green
green
green
green
green
green
green
green
green
green
green
green
green
green
green
green
green
green
green
green
green
green
green
green
green
green
waitting for takeoff.
green
waitting for takeoff.
green
waitting for takeoff.
green
waitting for takeoff.
green
waitting for takeoff.
green
waitting for takeoff.
green
waitting for takeoff.
green
waitting for takeoff.
green
waitting for takeoff.
green
waitting for takeoff.
green
waitting for takeoff.
green
waitting for takeoff.
green
waitting for takeoff.
green
waitting for takeoff.
green
waitting for takeoff.
green
waitting for takeoff.
green
waitting for takeoff.
green
waitting for takeoff.
green
waitting for takeoff.
green
waitting for takeoff.
green
waitting for takeoff.
green
waitting for takeoff.
green
waitting for takeoff.
green
waitting for takeoff.
green
waitting for takeoff.
green
waitting for takeoff.
green
waitting for takeoff.
green
waitting for takeoff.
green
waitting for takeoff.
green
waitting for takeoff.
green
waitting for takeoff.
green
waitting for takeoff.
green
waitting for takeoff.
green
waitting for takeoff.
green
waitting for takeoff.
green
waitting for takeoff.
green
waitting for takeoff.
green
waitting for takeoff.
green
waitting for takeoff.
green
waitting for takeoff.
green
waitting for takeoff.
green
waitting for takeoff.
green
waitting for takeoff.
green
waitting for takeoff.
green
waitting for takeoff.
green
waitting for takeoff.
green
waitting for takeoff.
green
waitting for takeoff.
green
waitting for takeoff.
green
waitting for takeoff.
green
waitting for takeoff.
green
waitting for takeoff.
green
waitting for takeoff.
green
waitting for takeoff.
green
waitting for takeoff.
green
waitting for takeoff.
green
waitting for takeoff.
green
waitting for takeoff.
green
waitting for takeoff.
green
waitting for takeoff.
green
waitting for takeoff.
green
waitting for takeoff.
green
waitting for takeoff.
green
waitting for takeoff.
green
waitting for takeoff.
green
waitting for takeoff.
green
waitting for takeoff.
green
waitting for takeoff.
green
waitting for takeoff.
green
waitting for takeoff.
green
waitting for takeoff.
green
waitting for takeoff.
green
waitting for takeoff.
green
waitting for takeoff.
green
waitting for takeoff.
green
waitting for takeoff.
green
waitting for takeoff.
green
waitting for takeoff.Tello: 08:53:44.595:  Info: start video thread
Tello: 08:53:44.596:  Info: video receive buffer size = 425984
Tello: 08:53:44.596:  Info: send connection request (cmd="conn_req:9617")
Tello: 08:53:44.596:  Info: state transit State::disconnected -> State::connecting
Tello: 08:53:44.609:  Info: connected. (port=9617)
Tello: 08:53:44.609:  Info: send_time (cmd=0x46 seq=0x01e4)
Tello: 08:53:44.609:  Info: state transit State::connecting -> State::connected
Tello: 08:53:44.609:  Info: get video stream
Tello: 08:53:44.609:  Info: start video (cmd=0x25 seq=0x01e4)
Tello: 08:53:44.664:  Info: recv: ack: cmd=0x34 seq=0x0000 cc 60 00 27 90 34 00 00 00 00 72 a5
Tello: 08:53:44.664:  Info: recv: ack: cmd=0x20 seq=0x0000 cc 60 00 27 b0 20 00 00 00 00 42 b9
Tello: 08:53:44.665:  Info: recv: ack: cmd=0x34 seq=0x0000 cc 60 00 27 90 34 00 00 00 00 72 a5
Tello: 08:53:44.665:  Info: recv: ack: cmd=0x20 seq=0x0000 cc 60 00 27 b0 20 00 00 00 00 42 b9
Tello: 08:53:47.598:  Info: video data 766465 bytes 374.0KB/sec loss=2
Tello: 08:53:49.600:  Info: video data 657696 bytes 320.9KB/sec loss=1
Tello: 08:53:51.600:  Info: video data 716476 bytes 349.7KB/sec loss=1
Tello: 08:53:53.621:  Info: video data 498806 bytes 241.0KB/sec loss=94
Tello: 08:53:55.622:  Info: video data 549233 bytes 268.1KB/sec loss=295
ALT:  0 | SPD:  0 | BAT: 86 | WIFI: 90 | CAM:  0 | MODE:  6
ALT:  0 | SPD:  0 | BAT: 86 | WIFI: 90 | CAM:  0 | MODE:  6
ALT:  0 | SPD:  0 | BAT: 86 | WIFI: 90 | CAM:  0 | MODE:  6
mission:0
mission:0
mission:0
mission:0
mission:0
mission:0
mission:0
mission:0
mission:0
mission:0
ALT:  0 | SPD:  0 | BAT: 86 | WIFI: 90 | CAM:  0 | MODE:  6
mission:0
mission:0
mission:0
mission:0
mission:0
mission:0
mission:0
mission:0
mission:0
mission:0
mission:0
ALT:  0 | SPD:  0 | BAT: 86 | WIFI: 90 | CAM:  0 | MODE:  6
mission:0
mission:0
mission:0
ALT:  0 | SPD:  0 | BAT: 86 | WIFI: 90 | CAM:  0 | MODE:  6
mission:0
mission:0
mission:0
mission:0
mission:0
mission:0
mission:0
mission:0
mission:0
mission:0
ALT:  0 | SPD:  0 | BAT: 86 | WIFI: 90 | CAM:  0 | MODE:  6
mission:0
mission:0
mission:0
mission:0
mission:0
mission:0
mission:0
mission:0
mission:0
ALT:  0 | SPD:  0 | BAT: 86 | WIFI: 90 | CAM:  0 | MODE:  6
mission:0
mission:0
mission:0
mission:0
mission:0
mission:0
mission:0
mission:0
mission:0
Tello: 08:53:57.623:  Info: video data 582331 bytes 284.2KB/sec loss=242
mission:0
ALT:  0 | SPD:  0 | BAT: 86 | WIFI: 90 | CAM:  0 | MODE:  6
mission:0
mission:0
mission:0
mission:0
mission:0
mission:0
mission:0
mission:0
mission:0
mission:0
mission:0
mission:0
ALT:  0 | SPD:  0 | BAT: 86 | WIFI: 90 | CAM:  0 | MODE:  6
mission:0
mission:0
mission:0
mission:0
mission:0
mission:0
mission:0
mission:0
mission:0
mission:0
mission:0
ALT:  0 | SPD:  0 | BAT: 86 | WIFI: 90 | CAM:  0 | MODE:  6
mission:0
mission:0
mission:0
mission:0
mission:0
mission:0
mission:0
ALT:  0 | SPD:  0 | BAT: 86 | WIFI: 90 | CAM:  0 | MODE:  6
mission:0
mission:0
mission:0
mission:0
mission:0
mission:0
mission:0
mission:0
mission:0
mission:0
ALT:  0 | SPD:  0 | BAT: 86 | WIFI: 90 | CAM:  0 | MODE:  6
mission:0
mission:0
mission:0
mission:0
mission:0
ALT:  0 | SPD:  0 | BAT: 86 | WIFI: 90 | CAM:  0 | MODE:  6
mission:0
mission:0
mission:0
mission:0
mission:0
mission:0
mission:0
mission:0
mission:0
mission:0
ALT:  0 | SPD:  0 | BAT: 86 | WIFI: 90 | CAM:  0 | MODE:  6
mission:0
mission:0
mission:0
mission:0
mission:0
mission:0
mission:0
mission:0
mission:0
mission:0
mission:0
ALT:  0 | SPD:  0 | BAT: 86 | WIFI: 90 | CAM:  0 | MODE:  6
mission:0
mission:0
mission:0
mission:0
mission:0
mission:0
mission:0
mission:0
mission:0
mission:0
mission:0
mission:0
mission:0
mission:0
mission:0
ALT:  0 | SPD:  0 | BAT: 86 | WIFI: 90 | CAM:  0 | MODE:  6
mission:0
mission:0
mission:0
mission:0
mission:0
mission:0
mission:0
ALT:  0 | SPD:  0 | BAT: 86 | WIFI: 90 | CAM:  0 | MODE:  6
mission:0
mission:0
mission:0
mission:0
mission:0
mission:0
mission:0
mission:0
mission:0
mission:0
mission:0
mission:0
mission:0
mission:0
ALT:  0 | SPD:  0 | BAT: 86 | WIFI: 90 | CAM:  0 | MODE:  6
mission:0
mission:0
mission:0
ALT:  0 | SPD:  0 | BAT: 86 | WIFI: 90 | CAM:  0 | MODE:  6
mission:0
mission:0
mission:0
mission:0
mission:0
mission:0
mission:0
mission:0
mission:0
mission:0
mission:0
mission:0
ALT:  0 | SPD:  0 | BAT: 86 | WIFI: 90 | CAM:  0 | MODE:  6
mission:0
mission:0
mission:0
mission:0
mission:0
mission:0
mission:0
mission:0
mission:0
mission:0
ALT:  0 | SPD:  0 | BAT: 86 | WIFI: 90 | CAM:  0 | MODE:  6
mission:0
mission:0
mission:0
mission:0
mission:0
mission:0
mission:0
mission:0
ALT:  0 | SPD:  0 | BAT: 86 | WIFI: 90 | CAM:  0 | MODE:  6
mission:0
mission:0
mission:0
mission:0
mission:0
mission:0
mission:0
ALT:  0 | SPD:  0 | BAT: 86 | WIFI: 90 | CAM:  0 | MODE:  6
mission:0
mission:0
mission:0
mission:0
mission:0
mission:0
mission:0
mission:0
mission:0
ALT:  0 | SPD:  0 | BAT: 86 | WIFI: 90 | CAM:  0 | MODE:  6
mission:0
mission:0
ALT:  0 | SPD:  0 | BAT: 86 | WIFI: 90 | CAM:  0 | MODE:  6
mission:0
mission:0
mission:0
mission:0
mission:0
mission:0
mission:0
mission:0
ALT:  0 | SPD:  0 | BAT: 86 | WIFI: 90 | CAM:  0 | MODE:  6
mission:0
mission:0
mission:0
mission:0
mission:0
mission:0
mission:0
mission:0
ALT:  0 | SPD:  0 | BAT: 86 | WIFI: 90 | CAM:  0 | MODE:  6
mission:0
mission:0
mission:0
mission:0
mission:0
mission:0
mission:0
Tello: 08:53:59.624:  Info: video data 624351 bytes 304.7KB/sec loss=90
mission:0
mission:0
mission:0
mission:0
mission:0
ALT:  0 | SPD:  0 | BAT: 85 | WIFI: 90 | CAM:  0 | MODE:  6
mission:0
mission:0
mission:0
mission:0
mission:0
mission:0
mission:0
mission:0
mission:0
ALT:  0 | SPD:  0 | BAT: 85 | WIFI: 90 | CAM:  0 | MODE:  6
mission:0
mission:0
mission:0
mission:0
mission:0
mission:0
ALT:  0 | SPD:  0 | BAT: 85 | WIFI: 90 | CAM:  0 | MODE:  6
mission:0
mission:0
ALT:  0 | SPD:  0 | BAT: 85 | WIFI: 90 | CAM:  0 | MODE:  6
mission:0
mission:0
ALT:  0 | SPD:  0 | BAT: 85 | WIFI: 90 | CAM:  0 | MODE:  6
mission:0
mission:0
mission:0
ALT:  0 | SPD:  0 | BAT: 85 | WIFI: 90 | CAM:  0 | MODE:  6
mission:0
ALT:  0 | SPD:  0 | BAT: 85 | WIFI: 90 | CAM:  0 | MODE:  6
ALT:  0 | SPD:  0 | BAT: 85 | WIFI: 90 | CAM:  0 | MODE:  6
ALT:  0 | SPD:  0 | BAT: 85 | WIFI: 90 | CAM:  0 | MODE:  6
ALT:  0 | SPD:  0 | BAT: 85 | WIFI: 90 | CAM:  0 | MODE:  6
ALT:  0 | SPD:  0 | BAT: 85 | WIFI: 90 | CAM:  0 | MODE:  6
ALT:  0 | SPD:  0 | BAT: 85 | WIFI: 90 | CAM:  0 | MODE:  6
ALT:  0 | SPD:  0 | BAT: 85 | WIFI: 90 | CAM:  0 | MODE:  6
ALT:  0 | SPD:  0 | BAT: 85 | WIFI: 90 | CAM:  0 | MODE:  6
ALT:  0 | SPD:  0 | BAT: 85 | WIFI: 90 | CAM:  0 | MODE:  6
ALT:  0 | SPD:  0 | BAT: 85 | WIFI: 90 | CAM:  0 | MODE:  6
ALT:  0 | SPD:  0 | BAT: 85 | WIFI: 90 | CAM:  0 | MODE:  6
ALT:  0 | SPD:  0 | BAT: 85 | WIFI: 90 | CAM:  0 | MODE:  6
ALT:  0 | SPD:  0 | BAT: 85 | WIFI: 90 | CAM:  0 | MODE:  6
ALT:  0 | SPD:  0 | BAT: 85 | WIFI: 90 | CAM:  0 | MODE:  6
Tello: 08:54:01.625:  Info: video data 507578 bytes 247.8KB/sec loss=215
ALT:  0 | SPD:  0 | BAT: 85 | WIFI: 90 | CAM:  0 | MODE:  6
ALT:  0 | SPD:  0 | BAT: 85 | WIFI: 90 | CAM:  0 | MODE:  6
ALT:  0 | SPD:  0 | BAT: 85 | WIFI: 90 | CAM:  0 | MODE:  6
ALT:  0 | SPD:  0 | BAT: 85 | WIFI: 90 | CAM:  0 | MODE:  6
ALT:  0 | SPD:  0 | BAT: 85 | WIFI: 90 | CAM:  0 | MODE:  6
ALT:  0 | SPD:  0 | BAT: 85 | WIFI: 90 | CAM:  0 | MODE:  6
mission:-1
Tello: 08:54:02.129:  Info: set altitude limit 30m
Tello: 08:54:02.129:  Info: takeoff (cmd=0x54 seq=0x01e4)
Tello: 08:54:02.227:  Info: recv: ack: cmd=0x54 seq=0x0000 cc 60 00 27 b0 54 00 00 00 00 a1 81
ALT:  0 | SPD:  0 | BAT: 85 | WIFI: 90 | CAM:  0 | MODE: 41
ALT:  0 | SPD:  0 | BAT: 85 | WIFI: 90 | CAM:  0 | MODE: 11
ALT:  0 | SPD:  0 | BAT: 85 | WIFI: 90 | CAM:  0 | MODE: 11
ALT:  0 | SPD:  0 | BAT: 85 | WIFI: 90 | CAM:  0 | MODE: 11
ALT:  0 | SPD:  0 | BAT: 85 | WIFI: 90 | CAM:  0 | MODE: 11
ALT:  0 | SPD:  0 | BAT: 85 | WIFI: 90 | CAM:  0 | MODE: 11
ALT:  0 | SPD: -1 | BAT: 85 | WIFI: 90 | CAM:  0 | MODE: 11
ALT:  0 | SPD: -4 | BAT: 85 | WIFI: 90 | CAM:  0 | MODE: 11
ALT:  0 | SPD: -6 | BAT: 85 | WIFI: 90 | CAM:  0 | MODE: 11
ALT:  1 | SPD: -7 | BAT: 85 | WIFI: 90 | CAM:  0 | MODE: 11
ALT:  1 | SPD: -7 | BAT: 85 | WIFI: 90 | CAM:  0 | MODE: 11
ALT:  2 | SPD: -8 | BAT: 85 | WIFI: 90 | CAM:  0 | MODE: 11
ALT:  3 | SPD: -8 | BAT: 85 | WIFI: 90 | CAM:  0 | MODE: 11
Tello: 08:54:03.625:  Info: video data 576275 bytes 281.3KB/sec loss=164
ALT:  4 | SPD: -7 | BAT: 85 | WIFI: 90 | CAM:  0 | MODE: 11
ALT:  5 | SPD: -7 | BAT: 85 | WIFI: 90 | CAM:  0 | MODE: 11
ALT:  5 | SPD: -6 | BAT: 85 | WIFI: 90 | CAM:  0 | MODE: 11
ALT:  6 | SPD: -5 | BAT: 85 | WIFI: 90 | CAM:  0 | MODE: 11
ALT:  6 | SPD: -5 | BAT: 85 | WIFI: 90 | CAM:  0 | MODE: 11
ALT:  7 | SPD: -4 | BAT: 85 | WIFI: 90 | CAM:  0 | MODE: 11
mission:1
Tello: 08:54:04.140:  Info: set_throttle(val=0.10)
mission:2
513.0 148.0 2
Tello: 08:54:04.151:  Info: set_yaw(val=0.13)
Tello: 08:54:04.151:  Info: set_throttle(val=0.70)
Tello: 08:54:04.151:  Info: set_pitch(val=0.60)
mission:2
513.0 148.0 2
ALT:  7 | SPD: -3 | BAT: 85 | WIFI: 90 | CAM:  0 | MODE: 11
mission:2
510.0 146.0 2
Tello: 08:54:04.176:  Info: set_yaw(val=0.12)
Tello: 08:54:04.176:  Info: set_throttle(val=0.71)
mission:2
510.0 146.0 2
mission:2
-1.0 -1.0 2
mission:2
-1.0 -1.0 2
mission:2
-1.0 -1.0 2
mission:2
-1.0 -1.0 2
mission:2
-1.0 -1.0 2
mission:2
-1.0 -1.0 2
mission:2
-1.0 -1.0 2
ALT:  8 | SPD: -3 | BAT: 85 | WIFI: 90 | CAM:  0 | MODE: 11
mission:2
-1.0 -1.0 2
mission:2
-1.0 -1.0 2
mission:2
-1.0 -1.0 2
mission:2
-1.0 -1.0 2
mission:2
-1.0 -1.0 2
mission:2
-1.0 -1.0 2
mission:2
-1.0 -1.0 2
mission:2
-1.0 -1.0 2
mission:2
-1.0 -1.0 2
mission:2
-1.0 -1.0 2
mission:2
-1.0 -1.0 2
mission:2
-1.0 -1.0 2
ALT:  8 | SPD: -2 | BAT: 85 | WIFI: 90 | CAM:  0 | MODE:  6
mission:2
-1.0 -1.0 2
mission:2
-1.0 -1.0 2
mission:2
-1.0 -1.0 2
mission:2
-1.0 -1.0 2
mission:2
-1.0 -1.0 2
mission:2
-1.0 -1.0 2
ALT:  9 | SPD: -3 | BAT: 85 | WIFI: 90 | CAM:  0 | MODE:  1
mission:2
-1.0 -1.0 2
mission:2
-1.0 -1.0 2
mission:2
-1.0 -1.0 2
mission:2
-1.0 -1.0 2
mission:2
-1.0 -1.0 2
mission:2
-1.0 -1.0 2
mission:2
-1.0 -1.0 2
mission:2
-1.0 -1.0 2
mission:2
-1.0 -1.0 2
mission:2
261.0 434.0 2
Tello: 08:54:04.586:  Info: set_yaw(val=-0.88)
Tello: 08:54:04.586:  Info: set_throttle(val=-0.73)
ALT:  9 | SPD: -3 | BAT: 85 | WIFI: 90 | CAM:  0 | MODE:  1
mission:2
261.0 434.0 2
mission:2
261.0 434.0 2
mission:2
190.0 521.0 2
Tello: 08:54:04.623:  Info: set_yaw(val=-1.00)
Tello: 08:54:04.623:  Info: set_throttle(val=-1.00)
mission:2
190.0 521.0 2
mission:2
482.0 107.0 2
Tello: 08:54:04.646:  Info: set_yaw(val=0.01)
Tello: 08:54:04.646:  Info: set_throttle(val=0.91)
mission:2
482.0 107.0 2
mission:2
538.0 21.0 2
Tello: 08:54:04.667:  Info: set_yaw(val=0.23)
Tello: 08:54:04.667:  Info: set_throttle(val=1.00)
mission:2
538.0 21.0 2
ALT:  9 | SPD: -4 | BAT: 84 | WIFI: 90 | CAM:  0 | MODE:  1
mission:2
545.0 35.0 2
Tello: 08:54:04.691:  Info: set_yaw(val=0.26)
mission:2
545.0 35.0 2
mission:2
549.0 39.0 2
Tello: 08:54:04.713:  Info: set_yaw(val=0.28)
mission:2
549.0 39.0 2
mission:2
548.0 41.0 2
Tello: 08:54:04.737:  Info: set_yaw(val=0.27)
mission:2
548.0 41.0 2
mission:2
549.0 43.0 2
Tello: 08:54:04.758:  Info: set_yaw(val=0.28)
mission:2
549.0 43.0 2
ALT: 10 | SPD: -4 | BAT: 84 | WIFI: 90 | CAM:  0 | MODE:  1
mission:2
536.0 44.0 2
Tello: 08:54:04.785:  Info: set_yaw(val=0.22)
mission:2
539.0 48.0 2
Tello: 08:54:04.823:  Info: set_yaw(val=0.24)
mission:2
538.0 48.0 2
Tello: 08:54:04.878:  Info: set_yaw(val=0.23)
ALT: 10 | SPD: -4 | BAT: 84 | WIFI: 90 | CAM:  0 | MODE:  1
mission:2
542.0 48.0 2
Tello: 08:54:04.958:  Info: set_yaw(val=0.25)
ALT: 11 | SPD: -5 | BAT: 84 | WIFI: 90 | CAM:  0 | MODE:  1
mission:2
543.0 50.0 2
Tello: 08:54:05.039:  Info: set_yaw(val=0.25)
ALT: 12 | SPD: -6 | BAT: 84 | WIFI: 90 | CAM:  0 | MODE:  1
mission:2
542.0 49.0 2
Tello: 08:54:05.091:  Info: set_yaw(val=0.25)
mission:2
544.0 50.0 2
Tello: 08:54:05.123:  Info: set_yaw(val=0.26)
ALT: 12 | SPD: -7 | BAT: 84 | WIFI: 90 | CAM:  0 | MODE:  1
mission:2
542.0 51.0 2
Tello: 08:54:05.158:  Info: set_yaw(val=0.25)
mission:2
548.0 54.0 2
Tello: 08:54:05.193:  Info: set_yaw(val=0.27)
mission:2
548.0 55.0 2
ALT: 13 | SPD: -8 | BAT: 84 | WIFI: 90 | CAM:  0 | MODE:  1
mission:2
548.0 55.0 2
mission:2
552.0 59.0 2
Tello: 08:54:05.347:  Info: set_yaw(val=0.29)
ALT: 14 | SPD: -9 | BAT: 84 | WIFI: 90 | CAM:  0 | MODE:  1
mission:2
552.0 59.0 2
mission:2
547.0 70.0 2
Tello: 08:54:05.396:  Info: set_yaw(val=0.27)
mission:2
544.0 63.0 2
Tello: 08:54:05.440:  Info: set_yaw(val=0.26)
ALT: 15 | SPD: -9 | BAT: 84 | WIFI: 90 | CAM:  0 | MODE:  1
mission:2
546.0 70.0 2
Tello: 08:54:05.502:  Info: set_yaw(val=0.26)
mission:2
541.0 66.0 2
Tello: 08:54:05.570:  Info: set_yaw(val=0.24)
Tello: 08:54:05.628:  Info: video data 500063 bytes 243.8KB/sec loss=289
ALT: 16 | SPD: -9 | BAT: 84 | WIFI: 90 | CAM:  0 | MODE:  1
mission:2
536.0 85.0 2
Tello: 08:54:05.653:  Info: set_yaw(val=0.22)
ALT: 17 | SPD: -10 | BAT: 84 | WIFI: 90 | CAM:  0 | MODE:  1
mission:2
531.0 102.0 2
Tello: 08:54:05.699:  Info: set_yaw(val=0.20)
Tello: 08:54:05.699:  Info: set_throttle(val=0.93)
mission:2
528.0 106.0 2
Tello: 08:54:05.737:  Info: set_yaw(val=0.19)
Tello: 08:54:05.737:  Info: set_throttle(val=0.91)
mission:2
531.0 72.0 2
Tello: 08:54:05.776:  Info: set_yaw(val=0.20)
Tello: 08:54:05.776:  Info: set_throttle(val=1.00)
ALT: 18 | SPD: -10 | BAT: 84 | WIFI: 90 | CAM:  0 | MODE:  1
mission:2
513.0 73.0 2
Tello: 08:54:05.856:  Info: set_yaw(val=0.13)
ALT: 19 | SPD: -10 | BAT: 84 | WIFI: 90 | CAM:  0 | MODE:  1
mission:2
509.0 71.0 2
Tello: 08:54:05.929:  Info: set_yaw(val=0.12)
ALT: 20 | SPD: -10 | BAT: 84 | WIFI: 90 | CAM:  0 | MODE:  1
mission:2
-1.0 -1.0 2
ALT: 21 | SPD: -10 | BAT: 84 | WIFI: 90 | CAM:  0 | MODE:  1
mission:2
ALT: 22 | SPD: -10 | BAT: 84 | WIFI: 90 | CAM:  0 | MODE:  1
-1.0 -1.0 2
mission:2
-1.0 -1.0 2
mission:2
-1.0 -1.0 2
mission:2
-1.0 -1.0 2
ALT: 23 | SPD: -10 | BAT: 84 | WIFI: 90 | CAM:  0 | MODE:  1
ALT: 24 | SPD: -10 | BAT: 84 | WIFI: 90 | CAM:  0 | MODE:  1
mission:2
-1.0 -1.0 2
ALT: 25 | SPD: -10 | BAT: 84 | WIFI: 90 | CAM:  0 | MODE:  6
mission:2
-1.0 -1.0 2
mission:2
-1.0 -1.0 2
ALT: 26 | SPD: -10 | BAT: 84 | WIFI: 90 | CAM:  0 | MODE:  6
ALT: 27 | SPD: -9 | BAT: 84 | WIFI: 90 | CAM:  0 | MODE:  6
ALT: 28 | SPD: -10 | BAT: 84 | WIFI: 90 | CAM:  0 | MODE:  6
ALT: 29 | SPD: -10 | BAT: 84 | WIFI: 90 | CAM:  0 | MODE:  1
ALT: 31 | SPD: -10 | BAT: 84 | WIFI: 90 | CAM:  0 | MODE:  1
ALT: 31 | SPD: -9 | BAT: 84 | WIFI: 90 | CAM:  0 | MODE:  1
ALT: 32 | SPD: -9 | BAT: 84 | WIFI: 90 | CAM:  0 | MODE:  1
ALT: 33 | SPD: -9 | BAT: 84 | WIFI: 90 | CAM:  0 | MODE:  1
ALT: 34 | SPD: -9 | BAT: 84 | WIFI: 90 | CAM:  0 | MODE:  1
ALT: 35 | SPD: -9 | BAT: 84 | WIFI: 90 | CAM:  0 | MODE:  6
ALT: 36 | SPD: -10 | BAT: 84 | WIFI: 90 | CAM:  0 | MODE:  6
Tello: 08:54:07.633:  Info: video data 367357 bytes 179.0KB/sec loss=315
ALT: 38 | SPD: -10 | BAT: 83 | WIFI: 90 | CAM:  0 | MODE:  6
ALT: 39 | SPD: -9 | BAT: 83 | WIFI: 90 | CAM:  0 | MODE:  6
ALT: 40 | SPD: -10 | BAT: 83 | WIFI: 90 | CAM:  0 | MODE:  6
ALT: 41 | SPD: -10 | BAT: 83 | WIFI: 90 | CAM:  0 | MODE:  1
ALT: 42 | SPD: -10 | BAT: 83 | WIFI: 90 | CAM:  0 | MODE:  6
mission:2
-1.0 -1.0 2
mission:2
218.0 222.0 2
Tello: 08:54:08.158:  Info: set_yaw(val=-1.00)
Tello: 08:54:08.158:  Info: set_throttle(val=0.33)
ALT: 43 | SPD: -10 | BAT: 83 | WIFI: 90 | CAM:  0 | MODE:  6
mission:2
222.0 234.0 2
Tello: 08:54:08.181:  Info: set_throttle(val=0.27)
mission:2
222.0 234.0 2
ALT: 44 | SPD: -9 | BAT: 83 | WIFI: 90 | CAM:  0 | MODE:  6
mission:2
214.0 218.0 2
Tello: 08:54:08.247:  Info: set_throttle(val=0.35)
mission:2
206.0 198.0 2
Tello: 08:54:08.292:  Info: set_throttle(val=0.45)
mission:2
194.0 154.0 2
Tello: 08:54:08.329:  Info: set_throttle(val=0.67)
ALT: 45 | SPD: -9 | BAT: 83 | WIFI: 90 | CAM:  0 | MODE:  1
mission:2
206.0 150.0 2
Tello: 08:54:08.363:  Info: set_throttle(val=0.69)
mission:2
202.0 174.0 2
Tello: 08:54:08.405:  Info: set_throttle(val=0.57)
mission:2
190.0 198.0 2
Tello: 08:54:08.447:  Info: set_throttle(val=0.45)
ALT: 46 | SPD: -8 | BAT: 83 | WIFI: 90 | CAM:  0 | MODE:  1
mission:2
190.0 198.0 2
mission:2
194.0 246.0 2
Tello: 08:54:08.490:  Info: set_throttle(val=0.21)
mission:2
194.0 218.0 2
Tello: 08:54:08.513:  Info: set_throttle(val=0.35)
mission:2
194.0 230.0 2
Tello: 08:54:08.535:  Info: set_throttle(val=0.29)
green
waitting for takeoff.
green
waitting for takeoff.
green
waitting for takeoff.
green
waitting for takeoff.
green
waitting for takeoff.
green
waitting for takeoff.
green
waitting for takeoff.
green
waitting for takeoff.
green
waitting for takeoff.
green
waitting for takeoff.
green
waitting for takeoff.
green
waitting for takeoff.
green
waitting for takeoff.
green
waitting for takeoff.
green
waitting for takeoff.
green
waitting for takeoff.
green
waitting for takeoff.
green
waitting for takeoff.
green
waitting for takeoff.
green
waitting for takeoff.
green
waitting for takeoff.
green
waitting for takeoff.
green
waitting for takeoff.
green
waitting for takeoff.
green
waitting for takeoff.
green
waitting for takeoff.
green
waitting for takeoff.
green
waitting for takeoff.
green
waitting for takeoff.
green
waitting for takeoff.
green
waitting for takeoff.
green
waitting for takeoff.
green
waitting for takeoff.
green
waitting for takeoff.
green
waitting for takeoff.
green
waitting for takeoff.
green
waitting for takeoff.
green
waitting for takeoff.
green
waitting for takeoff.
green
waitting for takeoff.
green
waitting for takeoff.
green
waitting for takeoff.
green
waitting for takeoff.
green
waitting for takeoff.
green
waitting for takeoff.
green
waitting for takeoff.
green
waitting for takeoff.
green
waitting for takeoff.
green
waitting for takeoff.
green
waitting for takeoff.
green
waitting for takeoff.
green
waitting for takeoff.
green
waitting for takeoff.
green
waitting for takeoff.
green
waitting for takeoff.
green
waitting for takeoff.
green
waitting for takeoff.
green
waitting for takeoff.
green
waitting for takeoff.
green
waitting for takeoff.
green
waitting for takeoff.
green
waitting for takeoff.
green
waitting for takeoff.
green
waitting for takeoff.
green
waitting for takeoff.
green
waitting for takeoff.
green
waitting for takeoff.
green
waitting for takeoff.
green
waitting for takeoff.
green
waitting for takeoff.
green
waitting for takeoff.
green
waitting for takeoff.
green
waitting for takeoff.
green
waitting for takeoff.
green
waitting for takeoff.
green
waitting for takeoff.
green
waitting for takeoff.
green
waitting for takeoff.
green
waitting for takeoff.
green
waitting for takeoff.
green
waitting for takeoff.
green
waitting for takeoff.
green
waitting for takeoff.
green
waitting for takeoff.
green
waitting for takeoff.
green
waitting for takeoff.
green
waitting for takeoff.
green
waitting for takeoff.
green
waitting for takeoff.
green
waitting for takeoff.
green
waitting for takeoff.
green
waitting for takeoff.
green
waitting for takeoff.
green
waitting for takeoff.
green
waitting for takeoff.
green
waitting for takeoff.
green
waitting for takeoff.
green
waitting for takeoff.
green
waitting for takeoff.
green
waitting for takeoff.
green
waitting for takeoff.
green
waitting for takeoff.
green
waitting for takeoff.
green
waitting for takeoff.
green
waitting for takeoff.
green
waitting for takeoff.
green
waitting for takeoff.
green
waitting for takeoff.
green
waitting for takeoff.
green
waitting for takeoff.
green
waitting for takeoff.
green
waitting for takeoff.
green
waitting for takeoff.
green
waitting for takeoff.
green
waitting for takeoff.
green
waitting for takeoff.
green
waitting for takeoff.
green
waitting for takeoff.
green
waitting for takeoff.
green
waitting for takeoff.
green
waitting for takeoff.
green
waitting for takeoff.
green
waitting for takeoff.
green
waitting for takeoff.
green
waitting for takeoff.
green
waitting for takeoff.
green
waitting for takeoff.
green
waitting for takeoff.
green
waitting for takeoff.
green
waitting for takeoff.
green
waitting for takeoff.
green
waitting for takeoff.
green
waitting for takeoff.
green
waitting for takeoff.
green
waitting for takeoff.
green
waitting for takeoff.
green
waitting for takeoff.
green
waitting for takeoff.
green
waitting for takeoff.
green
waitting for takeoff.
green
waitting for takeoff.
green
waitting for takeoff.
green
waitting for takeoff.
green
waitting for takeoff.
green
waitting for takeoff.
green
waitting for takeoff.
green
waitting for takeoff.
green
waitting for takeoff.
green
waitting for takeoff.
green
waitting for takeoff.
green
waitting for takeoff.
green
waitting for takeoff.
green
waitting for takeoff.
green
waitting for takeoff.
green
waitting for takeoff.
green
waitting for takeoff.
green
green
R: -1
green
R: -1
green
R: -1
green
R: -1
green
R: -1
green
R: -1
green
R: -1
green
R: -1
green
R: -1
green
R: -1
green
R: -1
green
R: -1
green
R: -1
green
R: -1
green
R: -1
green
R: -1
green
R: -1
green
R: -1
green
R: 0
green
R: 0
green
R: -1
green
R: -1
green
R: -1
green
R: 0
green
R: 0
green
R: -1
green
R: -1
green
R: -1
green
R: -1
green
R: -1
green
R: -1
green
R: -1
green
R: -1
green
R: -1
green
R: -1
green
R: -1
green
R: -1
green
R: -1
green
R: -1
green
R: -1
green
R: -1
green
R: -1
green
R: -1
green
R: 0
green
R: 0
green
R: 0
green
R: -1
green
R: -1
green
R: -1
green
R: -1
green
R: 0
green
R: 0
green
R: 0
green
R: 0
green
R: 0
green
R: 0
green
R: 0
green
R: 0
green
R: 0
green
R: 0
green
R: 0
green
R: 0
green
R: 0
green
R: 0
green
R: 0
green
R: 0
green
R: 0
green
R: 0
green
R: 0
green
R: 0
green
R: 0
green
R: 0
green
R: 0
green
R: 0
green
R: 0
green
R: 0
green
R: 0
green
R: 0
green
R: 0
green
R: 0
green
R: 0
green
R: -1
green
R: -1
green
R: -1
green
R: -1
green
R: -1
green
R: -1
green
R: -1
green
R: -1
green
R: 0
green
R: 0
green
R: 0
green
R: -1
green
R: 0
green
R: 0
green
R: 0
green
R: -1
green
R: -1
green
R: -1
green
R: -1
green
R: -1
green
R: -1
green
R: -1
green
R: -1
green
R: -1
green
R: -1
green
R: -1
green
R: -1
green
R: -1
green
R: -1
green
R: -1
green
R: -1
green
R: -1
green
R: -1
green
R: -1
green
R: -1
green
R: -1
green
R: -1
green
R: -1
green
R: -1
green
R: -1
green
R: -1
green
R: -1
green
R: -1
green
R: -1
green
R: -1
green
R: -1
green
R: -1
green
R: -1
green
R: -1
green
R: -1
green
R: -1
green
R: -1
green
R: -1
green
R: -1
green
R: -1
green
R: -1
green
R: -1
green
R: -1
green
R: -1
green
R: -1
green
R: -1
green
R: -1
green
R: -1
green
R: -1
green
R: -1
green
R: -1
green
R: -1
green
R: -1
green
R: -1
green
R: -1
green
R: -1
green
R: -1
green
R: -1
green
R: -1
green
R: -1
green
R: -1
green
R: -1
green
R: -1
green
R: -1
green
R: -1
green
R: -1
green
R: -1
green
R: 134
green
R: 134
green
R: 128
green
R: 128
green
R: 128
green
R: 132
green
R: 122
green
R: 122
green
R: 128
green
R: 128
green
R: 129
green
R: 129
green
R: 137
green
R: 137
green
R: 131
green
R: 131
green
R: 127
green
R: 128
green
R: 138
green
R: 127
green
R: 127
green
R: 134
green
R: 134
green
R: 132
green
R: 132
green
R: 131
green
R: 123
green
R: 131
green
R: 131
green
R: 0
green
R: 0
green
R: 0
green
R: 0
green
R: 0
green
R: 0
green
R: 35
green
R: 0
green
R: 0
green
R: 0
green
R: 0
green
R: 0
green
R: 0
green
R: 0
green
R: 0
green
R: 0
green
R: 0
green
R: 0
green
R: 141
green
R: 141
green
R: 141
green
R: 129
green
R: 142
green
R: 136
green
R: 136
green
R: 136
green
R: 136
green
R: 136
green
R: 136
green
R: 136
green
R: 152
green
R: 152
green
R: 0
green
R: 0
green
R: 0
green
R: 0
green
R: 0
green
R: 0
green
R: 0
green
R: 0
green
R: 0
green
R: 0
green
R: 0
green
R: 0
green
R: 0
green
R: 0
green
R: 0
green
R: -1
green
R: -1
green
R: -1
green
R: -1
green
R: -1
green
R: 0
green
R: 0
green
R: 0
green
R: -1
green
R: -1
green
R: -1
green
R: -1
green
R: -1
green
R: -1
green
R: -1
green
R: -1
green
R: -1
green
R: -1
green
R: -1
green
R: -1
green
R: -1
green
R: -1
green
R: -1
green
R: -1
green
R: -1
green
R: -1
green
R: -1
green
R: -1
green
R: -1
green
R: 0
green
R: 0
green
R: -1
green
R: -1
green
R: 103
green
R: -1
green
R: -1
green
R: -1
green
R: -1
green
R: -1
green
R: -1
green
R: -1
green
R: -1
green
R: -1
green
R: -1
green
R: -1
green
R: -1
green
R: -1
green
R: -1
green
R: -1
green
R: -1
green
R: -1
green
R: -1
green
R: -1
green
R: -1
green
R: -1
green
R: -1
green
R: -1
green
R: -1
green
R: -1
green
R: -1
green
R: -1
green
R: -1
green
R: -1
green
R: -1
green
R: -1
green
R: -1
green
R: -1
green
R: -1
green
R: -1
green
R: -1
green
R: -1
green
R: -1
green
R: -1
green
R: -1
green
R: -1
green
R: -1
green
R: -1
green
R: -1
green
R: -1
green
R: -1
green
R: -1
green
R: -1
green
ALT: 46 | SPD: -6 | BAT: 83 | WIFI: 90 | CAM:  0 | MODE:  1
mission:2
186.0 238.0 2
Tello: 08:54:08.557:  Info: set_throttle(val=0.25)
mission:2
186.0 230.0 2
Tello: 08:54:08.580:  Info: set_throttle(val=0.29)
mission:2
178.0 246.0 2
Tello: 08:54:08.612:  Info: set_throttle(val=0.21)
mission:2
174.0 246.0 2
ALT: 47 | SPD: -5 | BAT: 83 | WIFI: 90 | CAM:  0 | MODE:  1
mission:2
174.0 246.0 2
mission:2
170.0 230.0 2
Tello: 08:54:08.707:  Info: set_throttle(val=0.29)
ALT: 48 | SPD: -4 | BAT: 83 | WIFI: 90 | CAM:  0 | MODE:  1
mission:2
190.0 266.0 2
Tello: 08:54:08.737:  Info: set_throttle(val=0.11)
mission:2
234.0 263.0 2
Tello: 08:54:08.794:  Info: set_yaw(val=-0.98)
Tello: 08:54:08.794:  Info: set_throttle(val=0.12)
mission:2
305.0 285.0 2
Tello: 08:54:08.831:  Info: set_yaw(val=-0.70)
Tello: 08:54:08.831:  Info: set_throttle(val=0.01)
ALT: 48 | SPD: -3 | BAT: 83 | WIFI: 90 | CAM:  0 | MODE:  1
mission:2
361.0 283.0 2
Tello: 08:54:08.864:  Info: set_yaw(val=-0.48)
Tello: 08:54:08.864:  Info: set_throttle(val=0.03)
mission:2
361.0 283.0 2
mission:2
454.0 248.0 2
Tello: 08:54:08.918:  Info: set_yaw(val=-0.10)
Tello: 08:54:08.918:  Info: set_throttle(val=0.20)
ALT: 49 | SPD: -2 | BAT: 83 | WIFI: 90 | CAM:  0 | MODE:  1
mission:2
524.0 292.0 2
Tello: 08:54:08.988:  Info: set_yaw(val=0.18)
Tello: 08:54:08.988:  Info: set_throttle(val=-0.02)
mission:2
621.0 348.0 2
Tello: 08:54:09.017:  Info: set_yaw(val=0.56)
Tello: 08:54:09.017:  Info: set_throttle(val=-0.30)
ALT: 49 | SPD: -2 | BAT: 83 | WIFI: 90 | CAM:  0 | MODE:  1
mission:2
629.0 286.0 2
Tello: 08:54:09.107:  Info: set_yaw(val=0.60)
Tello: 08:54:09.107:  Info: set_throttle(val=0.01)
ALT: 49 | SPD: -1 | BAT: 83 | WIFI: 90 | CAM:  0 | MODE:  1
mission:2
660.0 355.0 2
Tello: 08:54:09.134:  Info: set_yaw(val=0.72)
Tello: 08:54:09.134:  Info: set_throttle(val=-0.34)
mission:2
674.0 310.0 2
Tello: 08:54:09.188:  Info: set_yaw(val=0.78)
Tello: 08:54:09.188:  Info: set_throttle(val=-0.11)
mission:2
674.0 310.0 2
mission:2
798.0 322.0 2
Tello: 08:54:09.240:  Info: set_yaw(val=1.00)
Tello: 08:54:09.240:  Info: set_throttle(val=-0.17)
ALT: 50 | SPD: -1 | BAT: 83 | WIFI: 90 | CAM:  0 | MODE:  1
mission:2
834.0 342.0 2
Tello: 08:54:09.384:  Info: set_throttle(val=-0.27)
ALT: 50 | SPD:  0 | BAT: 83 | WIFI: 90 | CAM:  0 | MODE:  1
mission:2
890.0 338.0 2
Tello: 08:54:09.425:  Info: set_throttle(val=-0.25)
ALT: 50 | SPD:  0 | BAT: 83 | WIFI: 90 | CAM:  0 | MODE:  1
mission:2
864.0 443.0 2
Tello: 08:54:09.548:  Info: set_throttle(val=-0.78)
ALT: 50 | SPD:  0 | BAT: 83 | WIFI: 90 | CAM:  0 | MODE:  1
Tello: 08:54:09.635:  Info: video data 620382 bytes 302.7KB/sec loss=149
mission:2
888.0 417.0 2
Tello: 08:54:09.636:  Info: set_throttle(val=-0.65)
mission:2
938.0 408.0 2
Tello: 08:54:09.733:  Info: set_throttle(val=-0.60)
ALT: 50 | SPD:  0 | BAT: 82 | WIFI: 90 | CAM:  0 | MODE:  1
mission:2
-1.0 -1.0 2
ALT: 50 | SPD:  0 | BAT: 82 | WIFI: 90 | CAM:  0 | MODE:  1
ALT: 50 | SPD:  0 | BAT: 82 | WIFI: 90 | CAM:  0 | MODE:  1
mission:2
938.0 473.0 2
Tello: 08:54:09.909:  Info: set_throttle(val=-0.93)
mission:2
-1.0 -1.0 2
ALT: 50 | SPD:  0 | BAT: 82 | WIFI: 90 | CAM:  0 | MODE:  1
mission:2
-1.0 -1.0 2
mission:2
-1.0 -1.0 2
ALT: 50 | SPD:  0 | BAT: 82 | WIFI: 90 | CAM:  0 | MODE:  1
mission:2
-1.0 -1.0 2
ALT: 50 | SPD:  1 | BAT: 82 | WIFI: 90 | CAM:  0 | MODE:  1
mission:2
-1.0 -1.0 2
mission:2
-1.0 -1.0 2
mission:2
-1.0 -1.0 2
ALT: 50 | SPD:  2 | BAT: 82 | WIFI: 90 | CAM:  0 | MODE:  1
mission:2
-1.0 -1.0 2
ALT: 50 | SPD:  3 | BAT: 82 | WIFI: 90 | CAM:  0 | MODE:  1
mission:2
-1.0 -1.0 2
mission:2
-1.0 -1.0 2
mission:2
139.0 264.0 2
Tello: 08:54:10.396:  Info: set_yaw(val=-1.00)
Tello: 08:54:10.396:  Info: set_throttle(val=0.12)
mission:2
575.0 391.0 2
Tello: 08:54:10.429:  Info: set_yaw(val=0.38)
Tello: 08:54:10.429:  Info: set_throttle(val=-0.52)
ALT: 50 | SPD:  5 | BAT: 82 | WIFI: 90 | CAM:  0 | MODE:  1
mission:2
622.0 358.0 2
Tello: 08:54:10.457:  Info: set_yaw(val=0.57)
Tello: 08:54:10.457:  Info: set_throttle(val=-0.35)
mission:2
622.0 358.0 2
mission:2
-1.0 -1.0 2
mission:2
-1.0 -1.0 2
ALT: 49 | SPD:  6 | BAT: 82 | WIFI: 90 | CAM:  0 | MODE:  1
ALT: 49 | SPD:  6 | BAT: 82 | WIFI: 90 | CAM:  0 | MODE:  1
ALT: 49 | SPD:  5 | BAT: 82 | WIFI: 90 | CAM:  0 | MODE:  1
ALT: 48 | SPD:  4 | BAT: 82 | WIFI: 90 | CAM:  0 | MODE:  1
ALT: 48 | SPD:  3 | BAT: 82 | WIFI: 90 | CAM:  0 | MODE:  1
ALT: 48 | SPD:  3 | BAT: 82 | WIFI: 90 | CAM:  0 | MODE:  1
ALT: 47 | SPD:  2 | BAT: 82 | WIFI: 90 | CAM:  0 | MODE:  1
ALT: 47 | SPD:  2 | BAT: 82 | WIFI: 90 | CAM:  0 | MODE:  1
ALT: 47 | SPD:  2 | BAT: 82 | WIFI: 90 | CAM:  0 | MODE:  1
ALT: 46 | SPD:  2 | BAT: 82 | WIFI: 90 | CAM:  0 | MODE:  1
ALT: 46 | SPD:  2 | BAT: 82 | WIFI: 90 | CAM:  0 | MODE:  1
Tello: 08:54:11.638:  Info: video data 664037 bytes 323.6KB/sec loss=236
ALT: 46 | SPD:  2 | BAT: 81 | WIFI: 90 | CAM:  0 | MODE:  1
ALT: 45 | SPD:  2 | BAT: 81 | WIFI: 90 | CAM:  0 | MODE:  1
ALT: 45 | SPD:  2 | BAT: 81 | WIFI: 90 | CAM:  0 | MODE:  1
ALT: 45 | SPD:  2 | BAT: 81 | WIFI: 90 | CAM:  0 | MODE:  1
mission:2
-1.0 -1.0 2
mission:2
-1.0 -1.0 2
ALT: 45 | SPD:  2 | BAT: 81 | WIFI: 90 | CAM:  0 | MODE:  1
mission:2
-1.0 -1.0 2
mission:2
-1.0 -1.0 2
ALT: 45 | SPD:  2 | BAT: 81 | WIFI: 90 | CAM:  0 | MODE:  1
mission:2
-1.0 -1.0 2
mission:2
-1.0 -1.0 2
mission:2
-1.0 -1.0 2
mission:2
-1.0 -1.0 2
mission:2
-1.0 -1.0 2
ALT: 45 | SPD:  2 | BAT: 81 | WIFI: 90 | CAM:  0 | MODE:  1
mission:2
-1.0 -1.0 2
mission:2
-1.0 -1.0 2
mission:2
-1.0 -1.0 2
ALT: 44 | SPD:  2 | BAT: 81 | WIFI: 90 | CAM:  0 | MODE:  1
mission:2
-1.0 -1.0 2
mission:2
-1.0 -1.0 2
mission:2
-1.0 -1.0 2
ALT: 44 | SPD:  1 | BAT: 81 | WIFI: 90 | CAM:  0 | MODE:  1
mission:2
-1.0 -1.0 2
mission:2
-1.0 -1.0 2
ALT: 44 | SPD:  2 | BAT: 81 | WIFI: 90 | CAM:  0 | MODE:  1
mission:2
-1.0 -1.0 2
mission:2
-1.0 -1.0 2
mission:2
-1.0 -1.0 2
ALT: 44 | SPD:  2 | BAT: 81 | WIFI: 90 | CAM:  0 | MODE:  1
mission:2
-1.0 -1.0 2
mission:2
-1.0 -1.0 2
mission:2
-1.0 -1.0 2
mission:2
-1.0 -1.0 2
ALT: 44 | SPD:  2 | BAT: 81 | WIFI: 90 | CAM:  0 | MODE:  1
mission:2
-1.0 -1.0 2
mission:2
-1.0 -1.0 2
mission:2
-1.0 -1.0 2
mission:2
-1.0 -1.0 2
ALT: 44 | SPD:  2 | BAT: 81 | WIFI: 90 | CAM:  0 | MODE:  1
mission:2
-1.0 -1.0 2
mission:2
-1.0 -1.0 2
mission:2
-1.0 -1.0 2
mission:2
-1.0 -1.0 2
ALT: 44 | SPD:  2 | BAT: 81 | WIFI: 90 | CAM:  0 | MODE:  1
mission:2
-1.0 -1.0 2
mission:2
-1.0 -1.0 2
ALT: 43 | SPD:  2 | BAT: 81 | WIFI: 90 | CAM:  0 | MODE:  1
mission:2
-1.0 -1.0 2
mission:2
-1.0 -1.0 2
ALT: 43 | SPD:  2 | BAT: 81 | WIFI: 90 | CAM:  0 | MODE:  1
mission:2
-1.0 -1.0 2
mission:2
-1.0 -1.0 2
mission:2
-1.0 -1.0 2
mission:2
-1.0 -1.0 2
ALT: 43 | SPD:  2 | BAT: 81 | WIFI: 90 | CAM:  0 | MODE:  1
mission:2
-1.0 -1.0 2
mission:2
-1.0 -1.0 2
mission:2
-1.0 -1.0 2
mission:2
-1.0 -1.0 2
ALT: 43 | SPD:  2 | BAT: 81 | WIFI: 90 | CAM:  0 | MODE:  1
mission:2
-1.0 -1.0 2
mission:2
-1.0 -1.0 2
mission:2
-1.0 -1.0 2
mission:2
-1.0 -1.0 2
ALT: 42 | SPD:  2 | BAT: 81 | WIFI: 90 | CAM:  0 | MODE:  1
mission:2
-1.0 -1.0 2
mission:2
-1.0 -1.0 2
ALT: 42 | SPD:  2 | BAT: 81 | WIFI: 90 | CAM:  0 | MODE:  1
mission:2
-1.0 -1.0 2
mission:2
-1.0 -1.0 2
mission:2
-1.0 -1.0 2
mission:2
-1.0 -1.0 2
ALT: 42 | SPD:  2 | BAT: 80 | WIFI: 90 | CAM:  0 | MODE:  1
Tello: 08:54:13.642:  Info: video data 826502 bytes 402.9KB/sec loss=2
mission:2
-1.0 -1.0 2
mission:2
-1.0 -1.0 2
mission:2
-1.0 -1.0 2
ALT: 42 | SPD:  2 | BAT: 80 | WIFI: 90 | CAM:  0 | MODE:  1
mission:2
-1.0 -1.0 2
mission:2
-1.0 -1.0 2
mission:2
-1.0 -1.0 2
mission:2
-1.0 -1.0 2
ALT: 41 | SPD:  2 | BAT: 80 | WIFI: 90 | CAM:  0 | MODE:  1
mission:2
-1.0 -1.0 2
mission:2
-1.0 -1.0 2
mission:2
-1.0 -1.0 2
mission:2
-1.0 -1.0 2
ALT: 41 | SPD:  2 | BAT: 80 | WIFI: 90 | CAM:  0 | MODE:  1
mission:2
-1.0 -1.0 2
mission:2
-1.0 -1.0 2
mission:2
-1.0 -1.0 2
ALT: 41 | SPD:  2 | BAT: 80 | WIFI: 90 | CAM:  0 | MODE:  1
mission:2
-1.0 -1.0 2
mission:2
-1.0 -1.0 2
mission:2
-1.0 -1.0 2
ALT: 41 | SPD:  2 | BAT: 80 | WIFI: 90 | CAM:  0 | MODE:  1
mission:2
-1.0 -1.0 2
mission:2
-1.0 -1.0 2
mission:2
-1.0 -1.0 2
mission:2
-1.0 -1.0 2
ALT: 40 | SPD:  2 | BAT: 80 | WIFI: 90 | CAM:  0 | MODE:  1
mission:2
-1.0 -1.0 2
mission:2
-1.0 -1.0 2
ALT: 40 | SPD:  2 | BAT: 80 | WIFI: 90 | CAM:  0 | MODE:  1
mission:2
-1.0 -1.0 2
mission:2
-1.0 -1.0 2
mission:2
-1.0 -1.0 2
mission:2
-1.0 -1.0 2
ALT: 40 | SPD:  2 | BAT: 80 | WIFI: 90 | CAM:  0 | MODE:  1
mission:2
-1.0 -1.0 2
mission:2
-1.0 -1.0 2
mission:2
-1.0 -1.0 2
ALT: 40 | SPD:  2 | BAT: 80 | WIFI: 90 | CAM:  0 | MODE:  1
mission:2
-1.0 -1.0 2
mission:2
-1.0 -1.0 2
mission:2
-1.0 -1.0 2
ALT: 39 | SPD:  2 | BAT: 80 | WIFI: 90 | CAM:  0 | MODE:  1
mission:2
-1.0 -1.0 2
mission:2
-1.0 -1.0 2
mission:2
-1.0 -1.0 2
ALT: 39 | SPD:  2 | BAT: 80 | WIFI: 90 | CAM:  0 | MODE:  1
mission:2
-1.0 -1.0 2
ALT: 39 | SPD:  2 | BAT: 80 | WIFI: 90 | CAM:  0 | MODE:  1
mission:2
-1.0 -1.0 2
mission:2
-1.0 -1.0 2
mission:2
-1.0 -1.0 2
ALT: 39 | SPD:  2 | BAT: 80 | WIFI: 90 | CAM:  0 | MODE:  1
mission:2
-1.0 -1.0 2
mission:2
-1.0 -1.0 2
mission:2
-1.0 -1.0 2
mission:2
-1.0 -1.0 2
ALT: 39 | SPD:  2 | BAT: 80 | WIFI: 90 | CAM:  0 | MODE:  1
mission:2
-1.0 -1.0 2
mission:2
-1.0 -1.0 2
mission:2
-1.0 -1.0 2
ALT: 38 | SPD:  2 | BAT: 80 | WIFI: 90 | CAM:  0 | MODE:  6
mission:2
-1.0 -1.0 2
mission:2
-1.0 -1.0 2
mission:2
-1.0 -1.0 2
ALT: 38 | SPD:  2 | BAT: 80 | WIFI: 90 | CAM:  0 | MODE:  6
mission:2
-1.0 -1.0 2
mission:2
-1.0 -1.0 2
mission:2
-1.0 -1.0 2
mission:2
-1.0 -1.0 2
ALT: 38 | SPD:  2 | BAT: 80 | WIFI: 90 | CAM:  0 | MODE:  6
mission:2
-1.0 -1.0 2
ALT: 38 | SPD:  2 | BAT: 80 | WIFI: 90 | CAM:  0 | MODE:  1
mission:2
-1.0 -1.0 2
mission:2
-1.0 -1.0 2
ALT: 37 | SPD:  2 | BAT: 80 | WIFI: 90 | CAM:  0 | MODE:  1
mission:2
-1.0 -1.0 2
mission:2
-1.0 -1.0 2
mission:2
-1.0 -1.0 2
mission:2
-1.0 -1.0 2
ALT: 37 | SPD:  2 | BAT: 79 | WIFI: 90 | CAM:  0 | MODE:  1
mission:2
-1.0 -1.0 2
Tello: 08:54:15.647:  Info: video data 760210 bytes 370.3KB/sec loss=1
mission:2
-1.0 -1.0 2
mission:2
-1.0 -1.0 2
mission:2
-1.0 -1.0 2
ALT: 37 | SPD:  2 | BAT: 79 | WIFI: 90 | CAM:  0 | MODE:  1
mission:2
-1.0 -1.0 2
mission:2
-1.0 -1.0 2
mission:2
-1.0 -1.0 2
ALT: 37 | SPD:  2 | BAT: 79 | WIFI: 90 | CAM:  0 | MODE:  1
mission:2
-1.0 -1.0 2
mission:2
-1.0 -1.0 2
mission:2
-1.0 -1.0 2
ALT: 36 | SPD:  2 | BAT: 79 | WIFI: 90 | CAM:  0 | MODE:  1
mission:2
-1.0 -1.0 2
mission:2
-1.0 -1.0 2
mission:2
-1.0 -1.0 2
ALT: 36 | SPD:  2 | BAT: 79 | WIFI: 90 | CAM:  0 | MODE:  1
mission:2
-1.0 -1.0 2
mission:2
-1.0 -1.0 2
mission:2
-1.0 -1.0 2
mission:2
-1.0 -1.0 2
mission:2
-1.0 -1.0 2
mission:2
-1.0 -1.0 2
ALT: 36 | SPD:  2 | BAT: 79 | WIFI: 90 | CAM:  0 | MODE:  1
mission:2
-1.0 -1.0 2
mission:2
-1.0 -1.0 2
mission:2
-1.0 -1.0 2
ALT: 36 | SPD:  2 | BAT: 79 | WIFI: 90 | CAM:  0 | MODE:  1
mission:2
-1.0 -1.0 2
mission:2
-1.0 -1.0 2
Tello: 08:54:16.556:  Info: video recv: 1460 bytes b505 +132
Tello: 08:54:16.692:  Info: video recv: 817 bytes b588 +136
mission:2
-1.0 -1.0 2
ALT: 35 | SPD:  2 | BAT: 79 | WIFI: 90 | CAM:  0 | MODE:  1
Tello: 08:54:16.841:  Info: video recv: 1460 bytes b605 +130
mission:2
-1.0 -1.0 2
Tello: 08:54:16.992:  Info: video recv: 705 bytes b788 +127
mission:2
-1.0 -1.0 2
mission:2
-1.0 -1.0 2
Tello: 08:54:17.139:  Info: video recv: 1460 bytes b901 +113
ALT: 34 | SPD:  2 | BAT: 79 | WIFI: 90 | CAM:  0 | MODE:  1
mission:2
-1.0 -1.0 2
Tello: 08:54:17.302:  Info: video recv: 1460 bytes bb00 +122
mission:2
-1.0 -1.0 2
Tello: 08:54:17.466:  Info: video recv: 1460 bytes bb07 +122
mission:2
-1.0 -1.0 2
mission:2
-1.0 -1.0 2
mission:2
-1.0 -1.0 2
ALT: 33 | SPD:  2 | BAT: 78 | WIFI: 90 | CAM:  0 | MODE:  1
mission:2
-1.0 -1.0 2
Tello: 08:54:17.773:  Info: video recv: 1460 bytes c002 +129
Tello: 08:54:17.773:  Info: video data 391360 bytes 179.8KB/sec loss=24
Tello: 08:54:17.910:  Info: video recv: 668 bytes c088 +123
mission:2
-1.0 -1.0 2
Tello: 08:54:18.065:  Info: video recv: 1460 bytes c403 +110
ALT: 32 | SPD:  2 | BAT: 78 | WIFI: 90 | CAM:  0 | MODE:  1
mission:2
-1.0 -1.0 2
Tello: 08:54:18.232:  Info: video recv: 1460 bytes c506 +138
mission:2
-1.0 -1.0 2
ALT: 32 | SPD:  2 | BAT: 78 | WIFI: 90 | CAM:  0 | MODE:  1
mission:2
-1.0 -1.0 2
mission:2
-1.0 -1.0 2
Tello: 08:54:18.449:  Info: video recv: 1460 bytes ce02 +142
mission:2
-1.0 -1.0 2
ALT: 31 | SPD:  2 | BAT: 78 | WIFI: 90 | CAM:  0 | MODE:  1
mission:2
-1.0 -1.0 2
mission:2
-1.0 -1.0 2
Tello: 08:54:18.706:  Info: video recv: 989 bytes da88 +142
Tello: 08:54:18.827:  Info: video recv: 1460 bytes db01 +121
ALT: 30 | SPD:  2 | BAT: 78 | WIFI: 90 | CAM:  0 | MODE:  1
Tello: 08:54:18.989:  Info: video recv: 1460 bytes e000 +117
mission:2
-1.0 -1.0 2
Tello: 08:54:19.149:  Info: video recv: 1460 bytes e505 +134
mission:2
-1.0 -1.0 2
Tello: 08:54:19.314:  Info: video recv: 1460 bytes e904 +134
Tello: 08:54:19.447:  Info: video recv: 1460 bytes ef01 +120
ALT: 29 | SPD:  2 | BAT: 78 | WIFI: 90 | CAM:  0 | MODE:  1
mission:2
-1.0 -1.0 2
Tello: 08:54:19.624:  Info: video recv: 1460 bytes f106 +144
Tello: 08:54:19.759:  Info: video recv: 1460 bytes f201 +133
Tello: 08:54:19.776:  Info: video data 179502 bytes  87.5KB/sec loss=401
Tello: 08:54:19.900:  Info: video recv: 1460 bytes f706 +118
Tello: 08:54:20.040:  Info: video recv: 1460 bytes f807 +116
Tello: 08:54:20.229:  Info: video recv: 1460 bytes 0204 +130
Tello: 08:54:20.375:  Info: video recv: 1460 bytes 0302 +127
ALT: 27 | SPD:  2 | BAT: 77 | WIFI: 90 | CAM:  0 | MODE:  1
ALT: 27 | SPD:  2 | BAT: 77 | WIFI: 90 | CAM:  0 | MODE:  1
ALT: 27 | SPD:  2 | BAT: 77 | WIFI: 90 | CAM:  0 | MODE:  1
ALT: 26 | SPD:  2 | BAT: 77 | WIFI: 90 | CAM:  0 | MODE:  1
ALT: 26 | SPD:  1 | BAT: 77 | WIFI: 90 | CAM:  0 | MODE:  1
ALT: 26 | SPD:  1 | BAT: 77 | WIFI: 90 | CAM:  0 | MODE:  1
ALT: 26 | SPD:  0 | BAT: 77 | WIFI: 90 | CAM:  0 | MODE:  1
ALT: 26 | SPD:  0 | BAT: 77 | WIFI: 90 | CAM:  0 | MODE:  1
ALT: 26 | SPD:  0 | BAT: 77 | WIFI: 90 | CAM:  0 | MODE:  1
ALT: 26 | SPD:  0 | BAT: 77 | WIFI: 90 | CAM:  0 | MODE:  1
ALT: 26 | SPD:  0 | BAT: 77 | WIFI: 90 | CAM:  0 | MODE:  6
ALT: 26 | SPD:  0 | BAT: 77 | WIFI: 90 | CAM:  0 | MODE:  6
ALT: 26 | SPD:  0 | BAT: 76 | WIFI: 90 | CAM:  0 | MODE:  6
ALT: 26 | SPD:  0 | BAT: 76 | WIFI: 90 | CAM:  0 | MODE:  1
Tello: 08:54:21.779:  Info: video data 685424 bytes 334.2KB/sec loss=530
ALT: 26 | SPD:  0 | BAT: 76 | WIFI: 90 | CAM:  0 | MODE:  1
mission:2
-1.0 -1.0 2
mission:2
-1.0 -1.0 2
mission:2
-1.0 -1.0 2
ALT: 26 | SPD:  0 | BAT: 76 | WIFI: 90 | CAM:  0 | MODE:  1
mission:2
-1.0 -1.0 2
mission:2
-1.0 -1.0 2
mission:2
-1.0 -1.0 2
ALT: 26 | SPD:  1 | BAT: 76 | WIFI: 90 | CAM:  0 | MODE:  1
mission:2
-1.0 -1.0 2
mission:2
-1.0 -1.0 2
mission:2
-1.0 -1.0 2
ALT: 26 | SPD:  1 | BAT: 76 | WIFI: 90 | CAM:  0 | MODE:  1
mission:2
-1.0 -1.0 2
ALT: 25 | SPD:  2 | BAT: 76 | WIFI: 90 | CAM:  0 | MODE:  6
mission:2
-1.0 -1.0 2
mission:2
-1.0 -1.0 2
mission:2
-1.0 -1.0 2
ALT: 25 | SPD:  2 | BAT: 76 | WIFI: 90 | CAM:  0 | MODE:  6
mission:2
-1.0 -1.0 2
mission:2
-1.0 -1.0 2
mission:2
-1.0 -1.0 2
ALT: 25 | SPD:  2 | BAT: 76 | WIFI: 90 | CAM:  0 | MODE:  6
mission:2
-1.0 -1.0 2
mission:2
-1.0 -1.0 2
mission:2
-1.0 -1.0 2
mission:2
-1.0 -1.0 2
ALT: 25 | SPD:  2 | BAT: 76 | WIFI: 90 | CAM:  0 | MODE:  6
mission:2
-1.0 -1.0 2
mission:2
-1.0 -1.0 2
ALT: 25 | SPD:  2 | BAT: 76 | WIFI: 90 | CAM:  0 | MODE:  6
mission:2
-1.0 -1.0 2
mission:2
-1.0 -1.0 2
mission:2
-1.0 -1.0 2
ALT: 24 | SPD:  2 | BAT: 76 | WIFI: 90 | CAM:  0 | MODE:  1
mission:2
-1.0 -1.0 2
mission:2
-1.0 -1.0 2
mission:2
-1.0 -1.0 2
mission:2
-1.0 -1.0 2
ALT: 24 | SPD:  2 | BAT: 76 | WIFI: 90 | CAM:  0 | MODE:  1
mission:2
-1.0 -1.0 2
mission:2
-1.0 -1.0 2
mission:2
-1.0 -1.0 2
ALT: 24 | SPD:  2 | BAT: 76 | WIFI: 90 | CAM:  0 | MODE:  1
mission:2
-1.0 -1.0 2
mission:2
-1.0 -1.0 2
mission:2
-1.0 -1.0 2
ALT: 24 | SPD:  2 | BAT: 76 | WIFI: 90 | CAM:  0 | MODE:  1
mission:2
-1.0 -1.0 2
mission:2
-1.0 -1.0 2
mission:2
-1.0 -1.0 2
ALT: 24 | SPD:  2 | BAT: 76 | WIFI: 90 | CAM:  0 | MODE:  1
mission:2
-1.0 -1.0 2
mission:2
-1.0 -1.0 2
mission:2
-1.0 -1.0 2
ALT: 24 | SPD:  2 | BAT: 76 | WIFI: 90 | CAM:  0 | MODE:  1
mission:2
-1.0 -1.0 2
mission:2
-1.0 -1.0 2
mission:2
-1.0 -1.0 2
ALT: 23 | SPD:  2 | BAT: 76 | WIFI: 90 | CAM:  0 | MODE:  1
mission:2
-1.0 -1.0 2
mission:2
-1.0 -1.0 2
mission:2
-1.0 -1.0 2
ALT: 23 | SPD:  2 | BAT: 76 | WIFI: 90 | CAM:  0 | MODE:  1
mission:2
-1.0 -1.0 2
mission:2
R: -1
green
R: -1
green
R: -1
green
R: -1
green
R: -1
green
R: -1
green
R: -1
green
R: -1
green
R: -1
green
R: -1
green
R: -1
green
R: -1
green
R: -1
green
R: -1
green
R: -1
green
R: -1
green
R: -1
green
R: -1
green
R: -1
green
R: -1
green
R: -1
green
R: -1
green
R: -1
green
R: -1
green
R: -1
green
R: -1
green
R: -1
green
R: -1
green
R: -1
green
R: -1
green
R: -1
green
R: -1
green
R: -1
green
R: -1
green
R: -1
green
R: -1
green
R: -1
green
R: -1
green
R: -1
green
R: -1
green
R: -1
green
R: -1
green
R: -1
green
R: -1
green
R: -1
green
R: -1
green
R: -1
green
R: -1
green
R: -1
green
R: -1
green
R: -1
green
R: -1
green
R: -1
green
R: -1
green
R: -1
green
R: -1
green
R: -1
green
R: -1
green
R: -1
green
R: -1
green
R: -1
green
R: -1
green
R: -1
green
R: -1
green
R: -1
green
R: -1
green
R: -1
green
R: -1
green
R: -1
green
R: -1
green
R: -1
green
R: -1
green
R: -1
green
R: -1
green
R: -1
green
R: -1
green
R: -1
green
R: -1
green
R: -1
green
R: -1
green
R: -1
green
R: -1
green
R: -1
green
R: -1
green
R: -1
green
R: -1
green
R: -1
green
R: -1
green
R: -1
green
R: -1
green
R: -1
green
R: -1
green
R: -1
green
R: -1
green
R: -1
green
R: -1
green
R: -1
green
R: -1
green
R: -1
green
R: -1
green
R: -1
green
R: -1
green
R: -1
green
R: -1
green
R: -1
green
R: -1
green
R: -1
green
R: -1
green
R: -1
green
R: -1
green
R: -1
green
R: -1
green
R: -1
green
R: -1
green
R: -1
green
R: -1
green
R: -1
green
R: -1
green
R: -1
green
R: -1
green
R: -1
green
R: -1
green
R: -1
green
R: -1
green
R: -1
green
R: -1
green
R: -1
green
R: -1
green
R: -1
green
R: -1
green
R: -1
green
R: -1
green
R: -1
green
R: -1
green
R: -1
green
R: -1
green
R: -1
green
R: -1
green
R: -1
green
R: -1
green
R: -1
green
R: -1
green
R: -1
green
R: -1
green
R: -1
green
R: -1
green
R: -1
green
R: -1
green
R: -1
green
R: -1
green
R: -1
green
R: -1
green
R: -1
green
R: -1
green
R: -1
green
R: -1
green
R: -1
green
R: -1
green
R: -1
green
R: -1
green
R: -1
green
R: -1
green
R: -1
green
R: -1
green
R: -1
green
R: -1
green
R: -1
green
R: -1
green
R: -1
green
R: -1
green
R: -1
green
R: -1
green
R: -1
green
R: -1
green
R: -1
green
R: -1
green
R: -1
green
R: -1
green
R: -1
green
R: -1
green
R: -1
green
R: -1
green
R: -1
green
R: -1
green
R: -1
green
R: -1
green
R: -1
green
R: -1
green
R: -1
green
R: -1
green
R: -1
green
R: -1
green
R: -1
green
R: -1
green
R: -1
green
R: -1
green
R: -1
green
R: -1
green
R: -1
green
R: -1
green
R: -1
green
R: -1
green
R: -1
green
R: -1
green
R: -1
green
R: -1
green
R: -1
green
R: -1
green
R: -1
green
R: -1
green
R: -1
green
R: -1
green
R: -1
green
R: -1
green
R: -1
green
R: -1
green
R: -1
green
R: -1
green
R: -1
green
R: -1
green
R: -1
green
R: -1
green
R: -1
green
R: -1
green
R: -1
green
R: -1
green
R: -1
green
R: -1
green
R: -1
green
R: -1
green
R: -1
green
R: -1
green
R: -1
green
R: -1
green
R: -1
green
R: -1
green
R: -1
green
R: -1
green
R: -1
green
R: -1
green
R: -1
green
R: -1
green
R: -1
green
R: -1
green
R: -1
green
R: -1
green
R: -1
green
R: -1
green
R: -1
green
R: -1
green
R: -1
green
R: -1
green
R: -1
green
R: -1
green
R: -1
green
R: -1
green
R: -1
green
R: -1
green
R: -1
green
R: -1
green
R: -1
green
R: -1
green
R: -1
green
R: -1
green
R: -1
green
R: -1
green
R: -1
green
R: -1
green
R: -1
green
R: -1
green
R: -1
green
R: -1
green
R: -1
green
R: -1
green
R: -1
green
R: -1
green
R: -1
green
R: -1
green
R: -1
green
R: -1
green
R: -1
green
R: -1
green
R: -1
green
R: -1
green
R: -1
green
R: -1
green
R: -1
green
R: -1
green
R: -1
green
R: -1
green
R: -1
green
R: -1
green
R: -1
green
R: -1
green
R: -1
green
R: -1
green
R: -1
green
R: -1
green
R: -1
green
R: -1
green
R: -1
green
R: -1
green
R: -1
green
R: -1
green
R: -1
green
R: -1
green
R: -1
green
R: -1
green
R: -1
green
R: -1
green
R: -1
green
R: -1
green
R: -1
green
R: -1
green
R: -1
green
R: -1
green
R: -1
green
R: -1
green
R: -1
green
R: -1
green
R: -1
green
R: -1
green
R: -1
green
R: -1
green
R: -1
green
R: -1
green
R: -1
green
R: -1
green
R: -1
green
R: -1
green
R: -1
green
R: -1
green
R: -1
green
R: -1
green
R: -1
green
R: -1
green
R: -1
green
R: -1
green
R: -1
green
R: -1
green
R: -1
green
R: -1
green
R: -1
green
R: -1
green
R: -1
green
R: -1
green
R: -1
green
R: -1
green
R: -1
green
R: -1
green
R: -1
green
R: -1
green
R: -1
green
R: -1
green
R: -1
green
R: -1
green
R: -1
green
R: -1
green
R: -1
green
R: -1
green
R: -1
green
R: -1
green
R: -1
green
R: -1
green
R: -1
green
R: -1
green
R: -1
green
R: -1
green
R: -1
green
R: -1
green
R: -1
green
R: -1
green
R: -1
green
R: -1
green
R: -1
green
R: -1
green
R: -1
green
R: -1
green
R: -1
green
R: -1
green
R: -1
green
R: -1
green
R: -1
green
R: -1
green
R: -1
green
R: -1
green
R: -1
green
R: -1
green
R: -1
green
R: -1
green
R: -1
green
R: -1
green
R: -1
green
R: -1
green
R: -1
green
R: -1
green
R: -1
green
R: -1
green
R: -1
green
R: -1
green
R: -1
green
R: -1
green
R: -1
green
R: -1
green
R: -1
green
R: -1
green
R: -1
green
R: -1
green
R: -1
green
R: -1
green
R: -1
green
R: -1
green
R: -1
green
R: -1
green
R: -1
green
R: -1
green
R: -1
green
R: -1
green
R: -1
green
R: -1
green
R: -1
green
R: -1
green
R: -1
green
R: -1
green
R: -1
green
R: -1
green
R: -1
green
R: -1
green
R: -1
green
R: -1
green
R: -1
green
R: -1
green
R: -1
green
R: -1
green
R: -1
green
R: -1
green
R: -1
green
R: -1
green
R: -1
green
R: -1
green
R: -1
green
R: -1
green
R: -1
green
R: -1
green
R: -1
green
R: -1
green
R: -1
green
R: -1
green
R: -1
green
R: -1
green
R: -1
green
R: -1
green
R: -1
green
R: -1
green
R: -1
green
R: -1
green
R: -1
green
R: -1
green
R: -1
green
R: -1
green
R: -1
green
R: -1
green
R: -1
green
R: -1
green
R: -1
green
R: -1
green
R: -1
green
R: -1
green
R: -1
green
R: -1
green
R: -1
green
R: -1
green
R: -1
green
R: -1
green
R: -1
green
R: -1
green
R: -1
green
R: -1
green
R: -1
green
R: -1
green
R: -1
green
R: -1
green
R: -1
green
R: -1
green
R: -1
green
R: -1
green
R: -1
green
R: -1
green
R: -1
green
R: -1
green
R: -1
green
R: -1
green
R: -1
green
R: -1
green
R: -1
green
R: -1
green
R: -1
green
R: -1
green
R: -1
green
R: -1
green
R: -1
green
R: -1
green
R: -1
green
R: -1
green
R: -1
green
R: -1
green
R: -1
green
R: -1
green
R: -1
green
R: -1
green
R: -1
green
R: -1
green
R: -1
green
R: -1
green
R: -1
green
R: -1
green
R: -1
green
R: -1
green
R: -1
green
R: -1
green
R: -1
green
R: -1
green
R: -1
green
R: -1
green
R: -1
green
R: -1
green
R: -1
green
R: -1
green
R: -1
green
R: -1
green
R: -1
green
R: -1
green
R: -1
green
R: -1
green
R: -1
green
R: -1
green
R: -1
green
R: -1
green
R: -1
green
R: -1
green
R: -1
green
R: -1
green
R: -1
green
R: -1
green
R: -1
green
R: -1
green
R: -1
green
R: -1
green
R: -1
green
R: -1
green
R: -1
green
R: -1
green
R: -1
green
R: -1
green
R: -1
green
R: -1
green
R: -1
green
R: -1
green
R: -1
green
R: -1
green
R: -1
green
R: -1
green
R: -1
green
R: -1
green
R: -1
green
R: -1
green
R: -1
green
R: -1
green
R: -1
green
R: -1
green
R: -1
green
R: -1
green
R: -1
green
R: -1
green
R: -1
green
R: -1
green
R: -1
green
R: -1
green
R: -1
green
R: -1
green
R: -1
green
R: -1
green
R: -1
green
R: -1
green
R: -1
green
R: -1
green
R: -1
green
R: -1
green
R: -1
green
R: -1
green
R: -1
green
R: -1
green
R: -1
green
R: -1
green
R: -1
green
R: -1
green
R: -1
green
R: -1
green
R: -1
green
R: -1
green
R: -1
green
R: -1
green
R: -1
green
R: -1
green
R: -1
green
R: -1
green
R: -1
green
R: -1
green
R: -1
green
R: -1
green
R: -1
green
R: -1
green
R: -1
green
R: -1
green
R: -1
green
R: -1
green
R: -1
green
R: -1
green
R: -1
green
R: -1
green
R: -1
green
R: -1
green
R: -1
green
R: -1
green
R: -1
green
R: -1
green
R: -1
green
R: -1
green
R: -1
green
R: -1
green
R: -1
green
R: -1
green
R: -1
green
R: -1
green
R: -1
green
R: -1
green
R: -1
green
R: -1
green
R: -1
green
R: -1
green
R: -1
green
R: -1
green
R: -1
green
R: -1
green
R: -1
green
R: -1
green
R: -1
green
R: -1
green
R: -1
green
R: -1
green
R: -1
green
R: -1
green
R: -1
green
R: -1
green
R: -1
green
R: -1
green
R: -1
green
R: -1
green
R: -1
green
R: -1
green
R: -1
green
R: -1
green
R: -1
green
R: -1
green
R: -1
green
R: -1
green
R: -1
green
R: -1
green
R: -1
green
R: -1
green
R: -1
green
R: -1
green
R: -1
green
R: -1
green
R: -1
green
R: -1
green
R: -1
green
R: -1
green
R: -1
green
R: -1
green
R: -1
green
R: -1
green
R: -1
green