Tello: 23:53:34.951:  Info: start video thread
Tello: 23:53:34.951:  Info: send connection request (cmd="conn_req:9617")
Tello: 23:53:34.951:  Info: video receive buffer size = 425984
Tello: 23:53:34.951:  Info: state transit State::disconnected -> State::connecting
Tello: 23:53:34.986:  Info: connected. (port=9617)
Tello: 23:53:34.986:  Info: send_time (cmd=0x46 seq=0x01e4)
Tello: 23:53:34.987:  Info: state transit State::connecting -> State::connected
Tello: 23:53:34.987:  Info: get video stream
Tello: 23:53:34.988:  Info: start video (cmd=0x25 seq=0x01e4)
Tello: 23:53:35.038:  Info: recv: ack: cmd=0x34 seq=0x0000 cc 60 00 27 90 34 00 00 00 00 72 a5
Tello: 23:53:35.038:  Info: recv: ack: cmd=0x20 seq=0x0000 cc 60 00 27 b0 20 00 00 00 00 42 b9
Tello: 23:53:35.039:  Info: recv: ack: cmd=0x34 seq=0x0000 cc 60 00 27 90 34 00 00 00 00 72 a5
Tello: 23:53:35.040:  Info: recv: ack: cmd=0x20 seq=0x0000 cc 60 00 27 b0 20 00 00 00 00 42 b9
Tello: 23:53:37.958:  Info: video data 765258 bytes 373.1KB/sec
Tello: 23:53:39.964:  Info: video data 751049 bytes 365.6KB/sec
Tello: 23:53:41.965:  Info: video data 752619 bytes 367.3KB/sec
Tello: 23:53:43.967:  Info: video data 753981 bytes 367.8KB/sec
Tello: 23:53:45.359:  Info: set altitude limit 30m
Tello: 23:53:45.359:  Info: takeoff (cmd=0x54 seq=0x01e4)
Tello: 23:53:45.359:  Info: up(val=50)
ALT:  0 | SPD:  0 | BAT: 83 | WIFI: 90 | CAM:  0 | MODE:  6
Tello: 23:53:45.419:  Info: recv: ack: cmd=0x54 seq=0x0000 cc 60 00 27 b0 54 00 00 00 00 a1 81
ALT:  0 | SPD:  0 | BAT: 83 | WIFI: 90 | CAM:  0 | MODE: 11
ALT:  0 | SPD:  0 | BAT: 83 | WIFI: 90 | CAM:  0 | MODE: 11
ALT:  0 | SPD:  0 | BAT: 83 | WIFI: 90 | CAM:  0 | MODE: 11
ALT:  0 | SPD:  0 | BAT: 83 | WIFI: 90 | CAM:  0 | MODE: 11
ALT:  0 | SPD:  0 | BAT: 83 | WIFI: 90 | CAM:  0 | MODE: 11
Tello: 23:53:45.969:  Info: video data 751334 bytes 366.5KB/sec
ALT:  0 | SPD: -1 | BAT: 83 | WIFI: 90 | CAM:  0 | MODE: 11
ALT:  0 | SPD: -3 | BAT: 83 | WIFI: 90 | CAM:  0 | MODE:  6
ALT:  0 | SPD: -6 | BAT: 83 | WIFI: 90 | CAM:  0 | MODE:  6
ALT:  1 | SPD: -7 | BAT: 83 | WIFI: 90 | CAM:  0 | MODE:  6
ALT:  2 | SPD: -8 | BAT: 83 | WIFI: 90 | CAM:  0 | MODE:  6
ALT:  2 | SPD: -8 | BAT: 83 | WIFI: 90 | CAM:  0 | MODE:  6
ALT:  3 | SPD: -8 | BAT: 83 | WIFI: 90 | CAM:  0 | MODE:  6
ALT:  4 | SPD: -7 | BAT: 83 | WIFI: 90 | CAM:  0 | MODE:  6
ALT:  5 | SPD: -6 | BAT: 83 | WIFI: 90 | CAM:  0 | MODE:  6
ALT:  5 | SPD: -6 | BAT: 83 | WIFI: 90 | CAM:  0 | MODE:  6
ALT:  6 | SPD: -5 | BAT: 83 | WIFI: 90 | CAM:  0 | MODE:  6
ALT:  6 | SPD: -4 | BAT: 83 | WIFI: 90 | CAM:  0 | MODE:  6
ALT:  7 | SPD: -4 | BAT: 83 | WIFI: 90 | CAM:  0 | MODE:  6
ALT:  7 | SPD: -4 | BAT: 83 | WIFI: 90 | CAM:  0 | MODE:  6
ALT:  7 | SPD: -3 | BAT: 83 | WIFI: 90 | CAM:  0 | MODE:  6
ALT:  8 | SPD: -3 | BAT: 83 | WIFI: 90 | CAM:  0 | MODE:  6
ALT:  8 | SPD: -3 | BAT: 83 | WIFI: 90 | CAM:  0 | MODE:  6
Tello: 23:53:47.646:  Info: set_yaw(val=0.10)
Tello: 23:53:47.646:  Info: set_throttle(val=0.00)
ALT:  9 | SPD: -3 | BAT: 83 | WIFI: 90 | CAM:  0 | MODE:  1
ALT:  9 | SPD: -3 | BAT: 83 | WIFI: 90 | CAM:  0 | MODE:  1
ALT: 10 | SPD: -2 | BAT: 83 | WIFI: 90 | CAM:  0 | MODE:  1
Tello: 23:53:47.969:  Info: video data 756748 bytes 369.5KB/sec
ALT: 10 | SPD: -2 | BAT: 83 | WIFI: 90 | CAM:  0 | MODE:  1
ALT: 10 | SPD: -1 | BAT: 83 | WIFI: 90 | CAM:  0 | MODE:  1
ALT: 10 | SPD: -1 | BAT: 83 | WIFI: 90 | CAM:  0 | MODE:  1
ALT: 10 | SPD:  0 | BAT: 83 | WIFI: 90 | CAM:  0 | MODE:  1
ALT: 11 | SPD:  0 | BAT: 83 | WIFI: 90 | CAM:  0 | MODE:  1
ALT: 11 | SPD:  0 | BAT: 83 | WIFI: 90 | CAM:  0 | MODE:  1
ALT: 11 | SPD:  0 | BAT: 83 | WIFI: 90 | CAM:  0 | MODE:  1
ALT: 11 | SPD:  0 | BAT: 83 | WIFI: 90 | CAM:  0 | MODE:  1
ALT: 11 | SPD:  0 | BAT: 83 | WIFI: 90 | CAM:  0 | MODE:  1
ALT: 11 | SPD:  0 | BAT: 83 | WIFI: 90 | CAM:  0 | MODE:  1
ALT: 11 | SPD:  0 | BAT: 83 | WIFI: 90 | CAM:  0 | MODE:  1
ALT: 11 | SPD:  0 | BAT: 83 | WIFI: 90 | CAM:  0 | MODE:  1
ALT: 11 | SPD:  0 | BAT: 83 | WIFI: 90 | CAM:  0 | MODE:  1
ALT: 11 | SPD:  0 | BAT: 83 | WIFI: 90 | CAM:  0 | MODE:  1
ALT: 11 | SPD:  0 | BAT: 83 | WIFI: 90 | CAM:  0 | MODE:  1
ALT: 11 | SPD:  0 | BAT: 83 | WIFI: 90 | CAM:  0 | MODE:  1
ALT: 11 | SPD:  0 | BAT: 83 | WIFI: 90 | CAM:  0 | MODE:  1
ALT: 11 | SPD:  0 | BAT: 83 | WIFI: 90 | CAM:  0 | MODE:  1
ALT: 11 | SPD:  0 | BAT: 83 | WIFI: 90 | CAM:  0 | MODE:  1
ALT: 11 | SPD:  0 | BAT: 83 | WIFI: 90 | CAM:  0 | MODE:  1
ALT: 11 | SPD:  0 | BAT: 83 | WIFI: 90 | CAM:  0 | MODE:  1
Tello: 23:53:49.974:  Info: video data 746599 bytes 363.5KB/sec
ALT: 11 | SPD:  0 | BAT: 83 | WIFI: 90 | CAM:  0 | MODE:  1
ALT: 11 | SPD:  0 | BAT: 83 | WIFI: 90 | CAM:  0 | MODE:  1
ALT: 11 | SPD:  0 | BAT: 83 | WIFI: 90 | CAM:  0 | MODE:  1
629.0 18.0 2
Tello: 23:53:50.284:  Info: set_yaw(val=1.00)
Tello: 23:53:50.284:  Info: set_throttle(val=1.00)
Tello: 23:53:50.284:  Info: set_pitch(val=0.60)
629.0 18.0 2
633.0 27.0 2
633.0 27.0 2
-1.0 -1.0 2
-1.0 -1.0 2
624.0 47.0 2
624.0 47.0 2
624.0 47.0 2
-1.0 -1.0 2
ALT: 11 | SPD:  0 | BAT: 83 | WIFI: 90 | CAM:  0 | MODE:  1
-1.0 -1.0 2
629.0 75.0 2
629.0 75.0 2
617.0 80.0 2
617.0 80.0 2
617.0 80.0 2
615.0 90.0 2
Tello: 23:53:50.446:  Info: set_throttle(val=0.99)
615.0 90.0 2
615.0 106.0 2
Tello: 23:53:50.466:  Info: set_throttle(val=0.91)
615.0 106.0 2
621.0 114.0 2
Tello: 23:53:50.488:  Info: set_throttle(val=0.87)
ALT: 11 | SPD:  0 | BAT: 83 | WIFI: 90 | CAM:  0 | MODE:  1
621.0 114.0 2
614.0 121.0 2
Tello: 23:53:50.510:  Info: set_throttle(val=0.83)
614.0 121.0 2
610.0 132.0 2
Tello: 23:53:50.531:  Info: set_throttle(val=0.78)
610.0 132.0 2
603.0 136.0 2
Tello: 23:53:50.551:  Info: set_throttle(val=0.76)
603.0 136.0 2
603.0 136.0 2
ALT: 11 | SPD:  0 | BAT: 83 | WIFI: 90 | CAM:  0 | MODE:  1
596.0 142.0 2
Tello: 23:53:50.581:  Info: set_throttle(val=0.73)
596.0 142.0 2
600.0 152.0 2
Tello: 23:53:50.604:  Info: set_throttle(val=0.68)
600.0 152.0 2
604.0 155.0 2
Tello: 23:53:50.626:  Info: set_throttle(val=0.67)
604.0 155.0 2
592.0 145.0 2
Tello: 23:53:50.647:  Info: set_throttle(val=0.71)
592.0 145.0 2
606.0 119.0 2
Tello: 23:53:50.666:  Info: set_throttle(val=0.84)
606.0 119.0 2
ALT: 11 | SPD: -2 | BAT: 83 | WIFI: 90 | CAM:  0 | MODE:  1
592.0 136.0 2
Tello: 23:53:50.688:  Info: set_throttle(val=0.76)
592.0 136.0 2
592.0 136.0 2
598.0 162.0 2
Tello: 23:53:50.717:  Info: set_throttle(val=0.63)
598.0 162.0 2
532.0 131.0 2
Tello: 23:53:50.737:  Info: set_yaw(val=0.52)
Tello: 23:53:50.738:  Info: set_throttle(val=0.79)
532.0 131.0 2
494.0 121.0 2
Tello: 23:53:50.757:  Info: set_yaw(val=0.14)
Tello: 23:53:50.757:  Info: set_throttle(val=0.83)
494.0 121.0 2
469.0 106.0 2
Tello: 23:53:50.777:  Info: set_yaw(val=-0.11)
Tello: 23:53:50.777:  Info: set_throttle(val=0.91)
ALT: 11 | SPD: -4 | BAT: 83 | WIFI: 90 | CAM:  0 | MODE:  1
469.0 106.0 2
499.0 116.0 2
Tello: 23:53:50.796:  Info: set_yaw(val=0.19)
Tello: 23:53:50.796:  Info: set_throttle(val=0.86)
499.0 116.0 2
506.0 123.0 2
Tello: 23:53:50.817:  Info: set_yaw(val=0.26)
Tello: 23:53:50.817:  Info: set_throttle(val=0.83)
506.0 123.0 2
506.0 123.0 2
530.0 144.0 2
Tello: 23:53:50.847:  Info: set_yaw(val=0.50)
Tello: 23:53:50.847:  Info: set_throttle(val=0.72)
530.0 144.0 2
511.0 148.0 2
Tello: 23:53:50.866:  Info: set_yaw(val=0.31)
Tello: 23:53:50.866:  Info: set_throttle(val=0.70)
511.0 148.0 2
ALT: 12 | SPD: -5 | BAT: 83 | WIFI: 90 | CAM:  0 | MODE:  1
-1.0 -1.0 2
-1.0 -1.0 2
-1.0 -1.0 2
-1.0 -1.0 2
-1.0 -1.0 2
-1.0 -1.0 2
-1.0 -1.0 2
-1.0 -1.0 2
-1.0 -1.0 2
-1.0 -1.0 2
-1.0 -1.0 2
ALT: 12 | SPD: -6 | BAT: 83 | WIFI: 90 | CAM:  0 | MODE:  1
-1.0 -1.0 2
-1.0 -1.0 2
-1.0 -1.0 2
-1.0 -1.0 2
-1.0 -1.0 2
-1.0 -1.0 2
-1.0 -1.0 2
-1.0 -1.0 2
-1.0 -1.0 2
-1.0 -1.0 2
ALT: 13 | SPD: -6 | BAT: 83 | WIFI: 90 | CAM:  0 | MODE:  1
-1.0 -1.0 2
-1.0 -1.0 2
-1.0 -1.0 2
-1.0 -1.0 2
-1.0 -1.0 2
-1.0 -1.0 2
-1.0 -1.0 2
-1.0 -1.0 2
-1.0 -1.0 2
ALT: 13 | SPD: -6 | BAT: 83 | WIFI: 90 | CAM:  0 | MODE:  1
-1.0 -1.0 2
512.0 151.0 2
Tello: 23:53:51.212:  Info: set_yaw(val=0.32)
Tello: 23:53:51.212:  Info: set_throttle(val=0.69)
512.0 151.0 2
512.0 151.0 2
-1.0 -1.0 2
-1.0 -1.0 2
-1.0 -1.0 2
-1.0 -1.0 2
-1.0 -1.0 2
ALT: 14 | SPD: -6 | BAT: 83 | WIFI: 90 | CAM:  0 | MODE:  1
-1.0 -1.0 2
-1.0 -1.0 2
-1.0 -1.0 2
-1.0 -1.0 2
-1.0 -1.0 2
-1.0 -1.0 2
-1.0 -1.0 2
-1.0 -1.0 2
-1.0 -1.0 2
ALT: 15 | SPD: -6 | BAT: 83 | WIFI: 90 | CAM:  0 | MODE:  1
-1.0 -1.0 2
-1.0 -1.0 2
-1.0 -1.0 2
-1.0 -1.0 2
-1.0 -1.0 2
-1.0 -1.0 2
-1.0 -1.0 2
-1.0 -1.0 2
-1.0 -1.0 2
-1.0 -1.0 2
-1.0 -1.0 2
ALT: 15 | SPD: -6 | BAT: 83 | WIFI: 90 | CAM:  0 | MODE:  1
-1.0 -1.0 2
-1.0 -1.0 2
-1.0 -1.0 2
-1.0 -1.0 2
-1.0 -1.0 2
-1.0 -1.0 2
-1.0 -1.0 2
-1.0 -1.0 2
-1.0 -1.0 2
-1.0 -1.0 2
-1.0 -1.0 2
ALT: 16 | SPD: -6 | BAT: 83 | WIFI: 90 | CAM:  0 | MODE:  1
-1.0 -1.0 2
-1.0 -1.0 2
-1.0 -1.0 2
-1.0 -1.0 2
-1.0 -1.0 2
-1.0 -1.0 2
298.0 154.0 2
Tello: 23:53:51.678:  Info: set_yaw(val=-1.00)
Tello: 23:53:51.678:  Info: set_throttle(val=0.67)
298.0 154.0 2
154.0 159.0 2
Tello: 23:53:51.697:  Info: set_throttle(val=0.65)
ALT: 16 | SPD: -5 | BAT: 83 | WIFI: 90 | CAM:  0 | MODE:  1
154.0 159.0 2
154.0 159.0 2
99.0 159.0 2
99.0 159.0 2
-1.0 -1.0 2
-1.0 -1.0 2
-1.0 -1.0 2
-1.0 -1.0 2
-1.0 -1.0 2
-1.0 -1.0 2
-1.0 -1.0 2
ALT: 17 | SPD: -5 | BAT: 83 | WIFI: 90 | CAM:  0 | MODE:  1
-1.0 -1.0 2
-1.0 -1.0 2
-1.0 -1.0 2
-1.0 -1.0 2
-1.0 -1.0 2
-1.0 -1.0 2
-1.0 -1.0 2
-1.0 -1.0 2
-1.0 -1.0 2
ALT: 18 | SPD: -5 | BAT: 83 | WIFI: 90 | CAM:  0 | MODE:  1
-1.0 -1.0 2
-1.0 -1.0 2
-1.0 -1.0 2
-1.0 -1.0 2
-1.0 -1.0 2
ALT: 18 | SPD:  6 | BAT: 83 | WIFI: 90 | CAM:  0 | MODE:  1
-1.0 -1.0 2
Tello: 23:53:51.981:  Info: video data 755400 bytes 367.6KB/sec
-1.0 -1.0 2
-1.0 -1.0 2
-1.0 -1.0 2
-1.0 -1.0 2
-1.0 -1.0 2
-1.0 -1.0 2
-1.0 -1.0 2
-1.0 -1.0 2
ALT: 19 | SPD:  3 | BAT: 83 | WIFI: 90 | CAM:  0 | MODE:  1
-1.0 -1.0 2
-1.0 -1.0 2
-1.0 -1.0 2
-1.0 -1.0 2
-1.0 -1.0 2
-1.0 -1.0 2
-1.0 -1.0 2
ALT: 19 | SPD:  9 | BAT: 83 | WIFI: 90 | CAM:  0 | MODE:  1
-1.0 -1.0 2
-1.0 -1.0 2
ALT: 18 | SPD: 19 | BAT: 83 | WIFI: 90 | CAM:  0 | MODE:  1
-1.0 -1.0 2
-1.0 -1.0 2
-1.0 -1.0 2
ALT: 15 | SPD: 28 | BAT: 83 | WIFI: 90 | CAM:  0 | MODE:  1
-1.0 -1.0 2
-1.0 -1.0 2
-1.0 -1.0 2
-1.0 -1.0 2
ALT: 11 | SPD: 37 | BAT: 83 | WIFI: 90 | CAM:  0 | MODE:  1
614.0 200.0 2
Tello: 23:53:52.492:  Info: set_yaw(val=1.00)
Tello: 23:53:52.492:  Info: set_throttle(val=0.44)
600.0 100.0 2
Tello: 23:53:52.522:  Info: set_throttle(val=0.94)
ALT:  7 | SPD: 46 | BAT: 83 | WIFI: 90 | CAM:  0 | MODE:  1
600.0 100.0 2
-1.0 -1.0 2
-1.0 -1.0 2
ALT:  2 | SPD: 55 | BAT: 83 | WIFI: 90 | CAM:  0 | MODE:  1
-1.0 -1.0 2
-1.0 -1.0 2
-1.0 -1.0 2
-1.0 -1.0 2
ALT: -2 | SPD: 46 | BAT: 83 | WIFI: 90 | CAM:  0 | MODE:  1
-1.0 -1.0 2
934.0 414.0 2
Tello: 23:53:52.813:  Info: set_throttle(val=-0.63)
-1.0 -1.0 2
ALT: -7 | SPD: 50 | BAT: 83 | WIFI: 90 | CAM:  0 | MODE:  1
-1.0 -1.0 2
-1.0 -1.0 2
-1.0 -1.0 2
ALT: -10 | SPD: 45 | BAT: 83 | WIFI: 90 | CAM:  0 | MODE:  1
-1.0 -1.0 2
-1.0 -1.0 2
-1.0 -1.0 2
-1.0 -1.0 2
ALT: -13 | SPD: 41 | BAT: 83 | WIFI: 90 | CAM:  0 | MODE:  1
-1.0 -1.0 2
-1.0 -1.0 2
ALT: -16 | SPD: 38 | BAT: 83 | WIFI: 90 | CAM:  0 | MODE:  1
-1.0 -1.0 2
-1.0 -1.0 2
-1.0 -1.0 2
ALT: -19 | SPD: 37 | BAT: 83 | WIFI: 90 | CAM:  0 | MODE:  1
-1.0 -1.0 2
-1.0 -1.0 2
-1.0 -1.0 2
-1.0 -1.0 2
ALT: -22 | SPD: 35 | BAT: 83 | WIFI: 90 | CAM:  0 | MODE:  1
-1.0 -1.0 2
-1.0 -1.0 2
-1.0 -1.0 2
ALT: -24 | SPD: 33 | BAT: 83 | WIFI: 90 | CAM:  0 | MODE:  1
-1.0 -1.0 2
-1.0 -1.0 2
-1.0 -1.0 2
ALT: -26 | SPD: 32 | BAT: 83 | WIFI: 90 | CAM:  0 | MODE:  1
-1.0 -1.0 2
-1.0 -1.0 2
-1.0 -1.0 2
ALT: -27 | SPD: 30 | BAT: 83 | WIFI: 90 | CAM:  0 | MODE:  1
-1.0 -1.0 2
-1.0 -1.0 2
-1.0 -1.0 2
ALT: -28 | SPD: 28 | BAT: 83 | WIFI: 90 | CAM:  0 | MODE:  1
-1.0 -1.0 2
-1.0 -1.0 2
-1.0 -1.0 2
ALT: -29 | SPD: 27 | BAT: 83 | WIFI: 90 | CAM:  0 | MODE:  1
-1.0 -1.0 2
-1.0 -1.0 2
-1.0 -1.0 2
Tello: 23:53:53.989:  Info: video data 753392 bytes 366.4KB/sec
ALT: -30 | SPD: 25 | BAT: 83 | WIFI: 90 | CAM:  0 | MODE:  1
-1.0 -1.0 2
-1.0 -1.0 2
-1.0 -1.0 2
-1.0 -1.0 2
ALT: -31 | SPD: 24 | BAT: 83 | WIFI: 90 | CAM:  0 | MODE:  1
-1.0 -1.0 2
-1.0 -1.0 2
ALT: -29 | SPD:  0 | BAT: 83 | WIFI: 90 | CAM:  0 | MODE:  6
-1.0 -1.0 2
-1.0 -1.0 2
-1.0 -1.0 2
-1.0 -1.0 2
ALT: -28 | SPD:  0 | BAT: 83 | WIFI: 90 | CAM:  0 | MODE:  6
-1.0 -1.0 2
-1.0 -1.0 2
ALT: -27 | SPD:  0 | BAT: 83 | WIFI: 90 | CAM:  0 | MODE:  6
-1.0 -1.0 2
-1.0 -1.0 2
ALT: -25 | SPD:  0 | BAT: 83 | WIFI: 90 | CAM:  0 | MODE:  6
-1.0 -1.0 2
-1.0 -1.0 2
-1.0 -1.0 2
ALT: -22 | SPD:  0 | BAT: 83 | WIFI: 90 | CAM:  0 | MODE:  6
-1.0 -1.0 2
-1.0 -1.0 2
-1.0 -1.0 2
ALT: -19 | SPD:  0 | BAT: 83 | WIFI: 90 | CAM:  0 | MODE:  6
-1.0 -1.0 2
-1.0 -1.0 2
-1.0 -1.0 2
ALT:  0 | SPD:  0 | BAT: 83 | WIFI: 90 | CAM:  0 | MODE:  6
-1.0 -1.0 2
-1.0 -1.0 2
-1.0 -1.0 2
-1.0 -1.0 2
ALT:  0 | SPD:  0 | BAT: 83 | WIFI: 90 | CAM:  0 | MODE:  6
-1.0 -1.0 2
-1.0 -1.0 2
-1.0 -1.0 2
ALT:  0 | SPD:  0 | BAT: 83 | WIFI: 90 | CAM:  0 | MODE:  6
-1.0 -1.0 2
-1.0 -1.0 2
-1.0 -1.0 2
ALT:  0 | SPD:  0 | BAT: 83 | WIFI: 90 | CAM:  0 | MODE:  6
-1.0 -1.0 2
-1.0 -1.0 2
-1.0 -1.0 2
ALT:  0 | SPD:  0 | BAT: 83 | WIFI: 90 | CAM:  0 | MODE:  6
-1.0 -1.0 2
-1.0 -1.0 2
ALT:  0 | SPD:  0 | BAT: 83 | WIFI: 90 | CAM:  0 | MODE:  6
-1.0 -1.0 2
-1.0 -1.0 2
-1.0 -1.0 2
ALT:  0 | SPD:  0 | BAT: 83 | WIFI: 90 | CAM:  0 | MODE:  6
-1.0 -1.0 2
-1.0 -1.0 2
-1.0 -1.0 2
ALT:  0 | SPD:  0 | BAT: 83 | WIFI: 90 | CAM:  0 | MODE:  6
-1.0 -1.0 2
-1.0 -1.0 2
-1.0 -1.0 2
ALT:  0 | SPD:  0 | BAT: 83 | WIFI: 90 | CAM:  0 | MODE:  6
-1.0 -1.0 2
-1.0 -1.0 2
-1.0 -1.0 2
-1.0 -1.0 2
ALT:  0 | SPD:  0 | BAT: 83 | WIFI: 90 | CAM:  0 | MODE:  6
-1.0 -1.0 2
-1.0 -1.0 2
-1.0 -1.0 2
ALT:  0 | SPD:  0 | BAT: 83 | WIFI: 90 | CAM:  0 | MODE:  6
-1.0 -1.0 2
-1.0 -1.0 2
-1.0 -1.0 2
ALT:  0 | SPD:  0 | BAT: 83 | WIFI: 90 | CAM:  0 | MODE:  6
-1.0 -1.0 2
-1.0 -1.0 2
-1.0 -1.0 2
ALT:  0 | SPD:  0 | BAT: 83 | WIFI: 90 | CAM:  0 | MODE:  6
Tello: 23:53:55.994:  Info: video data 751286 bytes 365.9KB/sec
-1.0 -1.0 2
-1.0 -1.0 2
-1.0 -1.0 2
ALT:  0 | SPD:  0 | BAT: 83 | WIFI: 90 | CAM:  0 | MODE:  6
-1.0 -1.0 2
-1.0 -1.0 2
-1.0 -1.0 2
ALT:  0 | SPD:  0 | BAT: 83 | WIFI: 90 | CAM:  0 | MODE:  6
-1.0 -1.0 2
-1.0 -1.0 2
-1.0 -1.0 2
ALT:  0 | SPD:  0 | BAT: 83 | WIFI: 90 | CAM:  0 | MODE:  6
-1.0 -1.0 2
-1.0 -1.0 2
-1.0 -1.0 2
ALT:  0 | SPD:  0 | BAT: 83 | WIFI: 90 | CAM:  0 | MODE:  6
-1.0 -1.0 2
-1.0 -1.0 2
-1.0 -1.0 2
ALT:  0 | SPD:  0 | BAT: 83 | WIFI: 90 | CAM:  0 | MODE:  6
-1.0 -1.0 2
-1.0 -1.0 2
-1.0 -1.0 2
-1.0 -1.0 2
ALT:  0 | SPD:  0 | BAT: 83 | WIFI: 90 | CAM:  0 | MODE:  6
-1.0 -1.0 2
-1.0 -1.0 2
ALT:  0 | SPD:  0 | BAT: 83 | WIFI: 90 | CAM:  0 | MODE:  6
-1.0 -1.0 2
-1.0 -1.0 2
-1.0 -1.0 2
ALT:  0 | SPD:  0 | BAT: 83 | WIFI: 90 | CAM:  0 | MODE:  6
-1.0 -1.0 2
-1.0 -1.0 2
-1.0 -1.0 2
ALT:  0 | SPD:  0 | BAT: 83 | WIFI: 90 | CAM:  0 | MODE:  6
-1.0 -1.0 2
-1.0 -1.0 2
ALT:  0 | SPD:  0 | BAT: 83 | WIFI: 90 | CAM:  0 | MODE:  6
-1.0 -1.0 2
-1.0 -1.0 2
-1.0 -1.0 2
ALT:  0 | SPD:  0 | BAT: 83 | WIFI: 90 | CAM:  0 | MODE:  6
-1.0 -1.0 2
-1.0 -1.0 2
-1.0 -1.0 2
ALT:  0 | SPD:  0 | BAT: 83 | WIFI: 90 | CAM:  0 | MODE:  6
-1.0 -1.0 2
-1.0 -1.0 2
-1.0 -1.0 2
ALT:  0 | SPD:  0 | BAT: 83 | WIFI: 90 | CAM:  0 | MODE:  6
-1.0 -1.0 2
-1.0 -1.0 2
-1.0 -1.0 2
ALT:  0 | SPD:  0 | BAT: 83 | WIFI: 90 | CAM:  0 | MODE:  6
-1.0 -1.0 2
-1.0 -1.0 2
-1.0 -1.0 2
ALT:  0 | SPD:  0 | BAT: 83 | WIFI: 90 | CAM:  0 | MODE:  6
-1.0 -1.0 2
-1.0 -1.0 2
-1.0 -1.0 2
-1.0 -1.0 2
ALT:  0 | SPD:  0 | BAT: 83 | WIFI: 90 | CAM:  0 | MODE:  6
-1.0 -1.0 2
-1.0 -1.0 2
ALT:  0 | SPD:  0 | BAT: 83 | WIFI: 90 | CAM:  0 | MODE:  6
-1.0 -1.0 2
-1.0 -1.0 2
-1.0 -1.0 2
-1.0 -1.0 2
ALT:  0 | SPD:  0 | BAT: 83 | WIFI: 90 | CAM:  0 | MODE:  6
-1.0 -1.0 2
-1.0 -1.0 2
-1.0 -1.0 2
ALT:  0 | SPD:  0 | BAT: 83 | WIFI: 90 | CAM:  0 | MODE:  6
-1.0 -1.0 2
-1.0 -1.0 2
-1.0 -1.0 2
ALT:  0 | SPD:  0 | BAT: 83 | WIFI: 90 | CAM:  0 | MODE:  6
Tello: 23:53:57.994:  Info: video data 754034 bytes 368.1KB/sec
-1.0 -1.0 2
-1.0 -1.0 2
-1.0 -1.0 2
ALT:  0 | SPD:  0 | BAT: 83 | WIFI: 90 | CAM:  0 | MODE:  6
-1.0 -1.0 2
-1.0 -1.0 2
-1.0 -1.0 2
ALT:  0 | SPD:  0 | BAT: 83 | WIFI: 90 | CAM:  0 | MODE:  6
-1.0 -1.0 2
-1.0 -1.0 2
-1.0 -1.0 2
ALT:  0 | SPD:  0 | BAT: 83 | WIFI: 90 | CAM:  0 | MODE:  6
-1.0 -1.0 2
-1.0 -1.0 2
-1.0 -1.0 2
ALT:  0 | SPD:  0 | BAT: 83 | WIFI: 90 | CAM:  0 | MODE:  6
-1.0 -1.0 2
-1.0 -1.0 2
-1.0 -1.0 2
ALT:  0 | SPD:  0 | BAT: 83 | WIFI: 90 | CAM:  0 | MODE:  6Sub-process start.
green
green
green
green
green
green
green
green
green
green
green
green
green
green
green
green
green
green
green
green
green
green
green
green
green
green
green
green
green
green
green
green
green
green
green
green
green
green
green
green
green
green
green
green
green
green
green
green
green
green
green
green
green
green
green
green
green
green
green
green
green
green
green
green
green
green
green
green
green
green
green
green
green
green
green
green
green
green
green
green
green
green
green
green
green
green
green
green
green
green
green
green
green
green
green
green
green
green
green
green
green
green
green
green
green
green
green
green
green
green
green
green
green
green
green
green
green
green
green
green
green
green
green
green
green
green
green
green
green
green
green
green
green
green
green
green
green
green
green
green
green
green
green
green
green
green
green
green
green
green
green
green
green
green
green
green
green
green
green
green
green
green
green
green
green
green
green
green
green
green
green
green
green
green
green
green
green
green
green
green
green
green
green
green
green
green
green
green
green
green
green
green
green
green
green
green
green
green
green
green
green
green
green
green
green
green
green
green
green
green
green
green
green
green
green
green
green
green
green
green
green
green
green
green
green
green
green
green
green
green
green
green
green
green
green
green
green
green
green
green
green
green
green
green
green
green
green
green
green
green
green
green
green
green
green
green
green
green
green
green
green
green
green
green
green
green
green
green
green
green
green
green
green
green
green
green
green
green
green
green
green
green
green
green
green
green
green
green
green
green
green
green
green
green
green
green
green
green
green
green
green
green
green
green
green
green
green
green
green
green
green
green
green
green
green
green
green
green
green
green
green
green
green
green
green
green
green
green
green
green
green
green
green
green
green
green
green
green
green
green
green
green
green
green
green
green
green
green
green
green
green
green
green
green
green
green
green
green
green
green
green
green
green
green
green
green
green
green
green
green
green
green
green
green
green
green
green
green
green
green
green
green
green
green
green
green
green
green
green
green
green
green
green
green
green
green
green
green
green
green
green
green
green
green
green
green
green
green
green
green
green
green
green
green
green
green
green
green
green
green
green
green
green
green
green
green
green
green
green
green
green
green
green
green
green
green
green
green
green
green
green
green
green
green
green
green
green
green
green
green
green
green
green
green
green
green
green
green
green
green
green
green
green
green
green
green
green
green
green
green
green
green
green
green
green
green
green
green
green
green
green
green
green
green
green
green
green
green
green
green
green
green
green
green
green
green
green
green
green
green
green
green
green
green
green
green
green
green
green
green
green
green
green
green
green
green
green
green
green
green
green
green
green
green
green
green
green
green
green
green
green
green
green
green
green
green
green
green
green
green
green
green
green
green
green
green
green
green
green
green
green
green
green
green
green
green
green
green
green
green
green
green
green
green
green
green
green
green
green
green
green
green
green
green
green
green
green
green
green
green
green
green
green
green
green
green
green
green
green
green
green
green
green
green
green
green
green
green
green
green
green
green
green
green
green
green
green
green
green
green
green
green
green
green
green
green
green
green
green
green
green
green
green
green
green
green
green
green
green
green
green
green
green
green
green
green
green
green
green
green
green
green
green
green
green
green
green
green
green
green
green
green
green
green
green
green
green
green
green
green
green
green
green
green
green
green
green
green
green
green
green
green
green
green
green
green
green
green
green
green
green
green
green
green
R: -1
green
R: -1
green
R: -1
green
R: -1
green
R: -1
green
R: -1
green
R: -1
green
R: -1
green
R: -1
green
R: -1
green
R: -1
green
R: -1
green
R: -1
green
R: -1
green
R: -1
green
R: -1
green
R: -1
green
R: -1
green
R: -1
green
R: -1
green
R: -1
green
R: -1
green
R: -1
green
R: -1
green
R: -1
green
R: -1
green
R: -1
green
R: -1
green
R: -1
green
R: -1
green
R: -1
green
R: -1
green
R: -1
green
R: -1
green
R: -1
green
R: -1
green
R: -1
green
R: -1
green
R: -1
green
R: -1
green
R: -1
green
R: -1
green
R: -1
green
R: -1
green
R: -1
green
R: -1
green
R: -1
green
R: -1
green
R: -1
green
R: -1
green
R: -1
green
R: -1
green
R: -1
green
R: -1
green
R: -1
green
R: -1
green
R: -1
green
R: -1
green
R: -1
green
R: -1
green
R: -1
green
R: -1
green
R: 0
green
R: 0
green
R: 0
green
R: -1
green
R: -1
green
R: -1
green
R: -1
green
R: -1
green
R: -1
green
R: -1
green
R: -1
green
R: -1
green
R: -1
green
R: -1
green
R: -1
green
R: -1
green
R: -1
green
R: -1
green
R: -1
green
R: -1
green
R: -1
green
R: -1
green
R: -1
green
R: -1
green
R: -1
green
R: -1
green
R: -1
green
R: -1
green
R: -1
green
R: -1
green
R: -1
green
R: -1
green
R: -1
green
R: -1
green
R: -1
green
R: -1
green
R: -1
green
R: -1
green
R: -1
green
R: -1
green
R: -1
green
R: -1
green
R: -1
green
R: -1
green
R: -1
green
R: -1
green
R: -1
green
R: -1
green
R: -1
green
R: -1
green
R: -1
green
R: -1
green
R: -1
green
R: -1
green
R: -1
green
R: -1
green
R: -1
green
R: -1
green
R: -1
green
R: -1
green
R: -1
green
R: -1
green
R: -1
green
R: -1
green
R: -1
green
R: -1
green
R: -1
green
R: -1
green
R: -1
green
R: -1
green
R: -1
green
R: -1
green
R: -1
green
R: -1
green
R: -1
green
R: -1
green
R: -1
green
R: -1
green
R: -1
green
R: -1
green
R: -1
green
R: -1
green
R: -1
green
R: -1
green
R: -1
green
R: -1
green
R: -1
green
R: -1
green
R: -1
green
R: -1
green
R: -1
green
R: -1
green
R: -1
green
R: -1
green
R: -1
green
R: -1
green
R: -1
green
R: -1
green
R: -1
green
R: -1
green
R: -1
green
R: -1
green
R: -1
green
R: -1
green
R: -1
green
R: -1
green
R: -1
green
R: -1
green
R: -1
green
R: -1
green
R: -1
green
R: -1
green
R: -1
green
R: -1
green
R: -1
green
R: -1
green
R: -1
green
R: -1
green
R: -1
green
R: -1
green
R: -1
green
R: -1
green
R: -1
green
R: -1
green
R: -1
green
R: -1
green
R: -1
green
R: -1
green
R: -1
green
R: -1
green
R: -1
green
R: -1
green
R: -1
green
R: -1
green
R: -1
green
R: -1
green
R: -1
green
R: -1
green
R: -1
green
R: -1
green
R: -1
green
R: -1
green
R: -1
green
R: -1
green
R: -1
green
R: -1
green
R: -1
green
R: -1
green
R: -1
green
R: -1
green
R: -1
green
R: -1
green
R: -1
green
R: -1
green
R: -1
green
R: -1
green
R: -1
green
R: -1
green
R: -1
green
R: -1
green
R: -1
green
R: -1
green
R: -1
green
R: -1
green
R: -1
green
R: -1
green
R: -1
green
R: -1
green
R: -1
green
R: -1
green
R: -1
green
R: -1
green
R: -1
green
R: -1
green
R: -1
green
R: -1
green
R: -1
green
R: -1
green
R: -1
green
R: -1
green
R: -1
green
R: -1
green
R: -1
green
R: -1
green
R: -1
green
R: -1
green
R: -1
green
R: -1
green
R: -1
green
R: -1
green
R: -1
green
R: -1
green
R: -1
green
R: -1
green
R: -1
green
R: -1
green
R: -1
green
R: -1
green
R: -1
green
R: -1
green
R: -1
green
R: -1
green
R: -1
green
R: -1
green
R: -1
green
R: -1
green
R: -1
green
R: -1
green
R: -1
green
R: -1
green
R: -1
green
R: -1
green
R: -1
green
R: -1
green
R: -1
green
R: -1
green
R: -1
green
R: -1
green
R: -1
green
R: -1
green
R: -1
green
R: -1
green
R: -1
green
R: -1
green
R: -1
green
R: -1
green
R: -1
green
R: -1
green
R: -1
green
R: -1
green
R: -1
green
R: -1
green
R: -1
green
R: -1
green
R: -1
green
R: -1
green
R: -1
green
R: -1
green
R: -1
green
R: -1
green
R: -1
green
R: -1
green
R: -1
green
R: -1
green
R: -1
green
R: -1
green
R: -1
green
R: -1
green
R: -1
green
R: -1
green
R: -1
green
R: -1
green
R: -1
green
R: -1
green
R: -1
green
R: -1
green
R: -1
green
R: -1
green
R: -1
green
R: -1
green
R: -1
green
R: -1
green
R: -1
green
R: -1
green
R: -1
green
R: -1
green
R: -1
green
R: -1
green
R: -1
green
R: -1
green
R: -1
green
R: -1
green
R: -1
green
R: -1
green
R: -1
green
R: -1
green
R: -1
green
R: -1