Processing Time: 106.258524 ms
Processing Time: 4.687643 ms
Processing Time: 4.157072 ms
Processing Time: 10.838023 ms
Processing Time: 10.221002 ms
Processing Time: 9.668169 ms
Processing Time: 10.662469 ms
Processing Time: 9.475357 ms
Processing Time: 9.592485 ms
Processing Time: 10.91323 ms
Processing Time: 11.484636 ms
Processing Time: 10.82324 ms
Processing Time: 10.734658 ms
Processing Time: 11.04691 ms
Processing Time: 12.641454 ms
Processing Time: 9.969221 ms
Processing Time: 10.583625 ms
Processing Time: 10.09395 ms
Processing Time: 9.855887 ms
Processing Time: 10.392309 ms
Processing Time: 10.719779 ms
Processing Time: 11.577385 ms
Processing Time: 11.20719 ms
Processing Time: 9.772683 ms
Processing Time: 10.800144 ms
Processing Time: 10.994362 ms
Processing Time: 10.889121 ms
Processing Time: 10.793613 ms
Processing Time: 11.551378 ms
Processing Time: 11.085875 ms
Processing Time: 11.248595 ms
Processing Time: 10.841009 ms
Processing Time: 11.428503 ms
Processing Time: 11.581563 ms
Processing Time: 11.126214 ms
Processing Time: 11.026241 ms
Processing Time: 10.934017 ms
Processing Time: 10.79561 ms
Processing Time: 8.847366 ms
Processing Time: 11.040635 ms
Processing Time: 11.471185 ms
Processing Time: 12.017677 ms
Processing Time: 10.928574 ms
Processing Time: 11.044193 ms
Processing Time: 11.205052 ms
Processing Time: 10.665851 ms
Processing Time: 10.798579 ms
Processing Time: 12.657045 ms
Processing Time: 10.915825 ms
Processing Time: 4.882577 ms
Processing Time: 5.293722 ms
Processing Time: 10.574913 ms
Processing Time: 10.87359 ms
Processing Time: 11.240737 ms
Processing Time: 10.834004 ms
Processing Time: 10.986009 ms
Processing Time: 11.212236 ms
Processing Time: 11.509728 ms
Processing Time: 10.827297 ms
Processing Time: 10.895685 ms
Processing Time: 13.095008 ms
Processing Time: 11.070109 ms
Processing Time: 11.210326 ms
Processing Time: 11.30671 ms
Processing Time: 10.94756 ms
Processing Time: 11.880507 ms
Processing Time: 11.083337 ms
Processing Time: 11.89566 ms
Processing Time: 10.996093 ms
Processing Time: 11.093399 ms
Processing Time: 11.793722 ms
Processing Time: 11.810758 ms
Processing Time: 10.996307 ms
Processing Time: 10.269812 ms
Processing Time: 10.827471 ms
Processing Time: 11.757429 ms
Processing Time: 10.926904 ms
Processing Time: 10.516597 ms
Processing Time: 10.99105 ms
Processing Time: 10.499061 ms
Processing Time: 10.842745 ms
Processing Time: 10.501894 ms
Processing Time: 10.601006 ms
Processing Time: 10.307487 ms
Processing Time: 10.473657 ms
Processing Time: 10.497356 ms
Processing Time: 10.513712 ms
Processing Time: 10.621599 ms
Processing Time: 10.512249 ms
Processing Time: 10.537023 ms
Processing Time: 10.305536 ms
Processing Time: 10.387428 ms
Processing Time: 10.331071 ms
Processing Time: 12.34406 ms
Processing Time: 10.775934 ms
Processing Time: 10.902453 ms
Processing Time: 12.580167 ms
Processing Time: 12.113015 ms
Processing Time: 14.101681 ms
Processing Time: 11.341068 ms
Processing Time: 12.498645 ms
Processing Time: 11.101275 ms
Processing Time: 12.011523 ms
Processing Time: 11.385368 ms
Processing Time: 11.644439 ms
Processing Time: 14.325888 ms
Processing Time: 14.460409 ms
Processing Time: 12.043393 ms
Processing Time: 11.651663 ms
Processing Time: 11.491478 ms
Processing Time: 11.355999 ms
Processing Time: 11.130376 ms
Processing Time: 11.620421 ms
Processing Time: 15.321335 ms
Processing Time: 12.94501 ms
Processing Time: 12.779196 ms
Processing Time: 11.698755 ms
Processing Time: 12.679086 ms
Processing Time: 11.294945 ms
Processing Time: 11.814313 ms
Processing Time: 11.017022 ms
Processing Time: 12.280043 ms
Processing Time: 12.787464 ms
Processing Time: 12.098123 ms
Processing Time: 11.291695 ms
Processing Time: 10.806689 ms
Processing Time: 10.448677 ms
Processing Time: 10.627519 ms
Processing Time: 11.849402 ms
Processing Time: 11.532929 ms
Processing Time: 12.116586 ms
Processing Time: 11.808552 ms
Processing Time: 12.714853 ms
Processing Time: 13.41151 ms
Processing Time: 12.929508 ms
Processing Time: 13.001096 ms
Processing Time: 12.710261 ms
Processing Time: 10.947216 ms
Processing Time: 12.032352 ms
Processing Time: 11.875663 ms
Processing Time: 11.423799 ms
Processing Time: 11.151389 ms
Processing Time: 12.402721 ms
Processing Time: 12.203239 ms
Processing Time: 12.492465 ms
Processing Time: 12.661229 ms
Processing Time: 11.316669 ms
Processing Time: 13.311592 ms
Processing Time: 11.164623 ms
Processing Time: 11.591991 ms
Processing Time: 10.977604 ms
Processing Time: 13.632994 ms
Processing Time: 11.070743 ms
Processing Time: 11.62433 ms
Processing Time: 12.211974 ms
Processing Time: 12.381547 ms
Processing Time: 12.326922 ms
Processing Time: 11.861129 ms
Processing Time: 12.243618 ms
Processing Time: 13.401254 ms
Processing Time: 12.528442 ms
Processing Time: 12.499385 ms
Processing Time: 11.212973 ms
Processing Time: 12.379841 ms
Processing Time: 12.163618 ms
Processing Time: 12.061666 ms
Processing Time: 12.237311 ms
Processing Time: 14.267545 ms
Processing Time: 11.436753 ms
Processing Time: 12.638131 ms
Processing Time: 11.957373 ms
Processing Time: 11.896401 ms
Processing Time: 11.912123 ms
Processing Time: 11.211442 ms
Processing Time: 11.98247 ms
Processing Time: 11.048481 ms
Processing Time: 10.76573 ms
Processing Time: 15.088339 ms
Processing Time: 11.518956 ms
Processing Time: 11.521872 ms
Processing Time: 11.987681 ms
Processing Time: 13.208709 ms
Processing Time: 12.092172 ms
Processing Time: 11.608383 ms
Processing Time: 12.679793 ms
Processing Time: 11.332559 ms
Processing Time: 11.661978 ms
Processing Time: 11.931516 ms
Processing Time: 12.774271 ms
Processing Time: 12.102519 ms
Processing Time: 12.84445 ms
Processing Time: 13.381187 ms
Processing Time: 12.167294 ms
Processing Time: 10.333485 ms
Processing Time: 10.91432 ms
Processing Time: 11.681381 ms
Processing Time: 12.898014 ms
Processing Time: 12.047399 ms
Processing Time: 12.658143 ms
Processing Time: 12.654052 ms
Processing Time: 12.29099 ms
Processing Time: 11.148215 ms
Processing Time: 11.910455 ms
Processing Time: 12.046989 ms
Processing Time: 11.83284 ms
Processing Time: 11.247914 ms
Processing Time: 10.609062 ms
Processing Time: 11.921999 ms
Processing Time: 11.376567 ms
Processing Time: 12.460398 ms
Processing Time: 11.373162 ms
Processing Time: 11.788482 ms
Processing Time: 12.703653 ms
Processing Time: 11.7647 ms
Processing Time: 11.894238 ms
Processing Time: 12.086222 ms
Processing Time: 12.270459 ms
Processing Time: 13.030473 ms
Processing Time: 13.639998 ms
Processing Time: 12.316134 ms
Processing Time: 12.885228 ms
Processing Time: 11.494079 ms
Processing Time: 11.849036 ms
Processing Time: 12.680122 ms
Processing Time: 13.16122 ms
Processing Time: 13.130485 ms
Processing Time: 11.974356 ms
Processing Time: 13.452357 ms
Processing Time: 11.050562 ms
Processing Time: 11.85199 ms
Processing Time: 11.908417 ms
Processing Time: 16.743354 ms
Processing Time: 13.774353 ms
Processing Time: 16.586562 ms
Processing Time: 14.531816 ms
Processing Time: 12.867843 ms
Processing Time: 13.998921 ms
Processing Time: 13.805914 ms
Processing Time: 13.358086 ms
Processing Time: 14.040934 ms
Processing Time: 12.024394 ms
Processing Time: 15.341507 ms
Processing Time: 13.131554 ms
Processing Time: 14.115188 ms
Processing Time: 14.969747 ms
Processing Time: 13.276573 ms
Processing Time: 14.006629 ms
Processing Time: 14.036554 ms
Processing Time: 13.183445 ms
Processing Time: 12.658752 ms
Processing Time: 12.960455 ms
Processing Time: 13.297306 ms
Processing Time: 12.938852 ms
Processing Time: 13.374977 ms
Processing Time: 17.643697 ms
Processing Time: 21.988198 ms
Processing Time: 13.072484 ms
Processing Time: 11.324851 ms
Processing Time: 10.545319 ms
Processing Time: 11.142949 ms
Processing Time: 11.338269 ms
Processing Time: 11.098542 ms
Processing Time: 11.557188 ms
Processing Time: 11.021726 ms
Processing Time: 11.230142 ms
Processing Time: 11.110534 ms
Processing Time: 11.498438 ms
Processing Time: 10.504225 ms
Processing Time: 11.841792 ms
Processing Time: 11.342451 ms
Processing Time: 11.114378 ms
Processing Time: 11.330584 ms
Processing Time: 11.968705 ms
Processing Time: 12.304559 ms
Processing Time: 10.834388 ms
Processing Time: 11.521437 ms
Processing Time: 11.954354 ms
Processing Time: 11.646739 ms
Processing Time: 11.645974 ms
Processing Time: 12.076937 ms
Processing Time: 11.15695 ms
Processing Time: 12.658179 ms
Processing Time: 14.653888 ms
Processing Time: 12.137871 ms
Processing Time: 14.341134 ms
Processing Time: 12.614908 ms
Processing Time: 11.549356 ms
Processing Time: 10.533842 ms
Processing Time: 10.182257 ms
Processing Time: 11.288519 ms
Processing Time: 12.139933 ms
Processing Time: 10.990357 ms
Processing Time: 11.824318 ms
Processing Time: 11.499861 ms
Processing Time: 12.492789 ms
Processing Time: 12.191558 ms
Processing Time: 11.646978 ms
Processing Time: 12.254204 ms
Processing Time: 11.812513 ms
Processing Time: 11.926787 ms
Processing Time: 12.522017 ms
Processing Time: 12.598491 ms
Processing Time: 12.823239 ms
Processing Time: 12.116017 ms
Processing Time: 12.039785 ms
Processing Time: 13.045695 ms
Processing Time: 10.905553 ms
Processing Time: 11.874908 ms
Processing Time: 11.996915 ms
Processing Time: 10.103646 ms
Processing Time: 12.647002 ms
Processing Time: 12.218171 ms
Processing Time: 11.176583 ms
Processing Time: 11.320982 ms
Processing Time: 11.359108 ms
Processing Time: 11.455665 ms
Processing Time: 11.036137 ms
Processing Time: 10.897725 ms
Processing Time: 12.600634 ms
Processing Time: 11.644701 ms
Processing Time: 11.156043 ms
Processing Time: 10.827161 ms
Processing Time: 10.869442 ms
Processing Time: 11.825627 ms
Processing Time: 10.074864 ms
Processing Time: 10.060488 ms
Processing Time: 11.014505 ms
Processing Time: 10.361717 ms
Processing Time: 10.432413 ms
Processing Time: 11.416256 ms
Processing Time: 13.011139 ms
Processing Time: 11.365464 ms
Processing Time: 12.068048 ms
Processing Time: 11.496104 ms
Processing Time: 14.773573 ms
Processing Time: 11.579496 ms
Processing Time: 11.715883 ms
Processing Time: 10.232486 ms
Processing Time: 11.195764 ms
Processing Time: 12.456663 ms
Processing Time: 11.689555 ms
Processing Time: 13.222233 ms
Processing Time: 12.169059 ms
Processing Time: 11.820491 ms
Processing Time: 12.140226 ms
Processing Time: 12.301399 ms
Processing Time: 13.128387 ms
Processing Time: 11.720671 ms
Processing Time: 11.853457 ms
Processing Time: 11.176516 ms
Processing Time: 12.54578 ms
Processing Time: 12.050347 ms
Processing Time: 12.913559 ms
Processing Time: 14.792873 ms
Processing Time: 13.604873 ms
Processing Time: 14.951487 ms
Processing Time: 12.894919 ms
Processing Time: 11.635147 ms
Processing Time: 11.921941 ms
Processing Time: 11.665359 ms
Processing Time: 10.975734 ms
Processing Time: 11.770822 ms
Processing Time: 11.240099 ms
Processing Time: 11.572417 ms
Processing Time: 11.840778 ms
Processing Time: 11.916878 ms
Processing Time: 11.397755 ms
Processing Time: 11.16238 ms
Processing Time: 13.214179 ms
Processing Time: 11.685308 ms
Processing Time: 10.689434 ms
Processing Time: 11.963978 ms
Processing Time: 12.239172 ms
Processing Time: 11.34016 ms
Processing Time: 11.533386 ms
Processing Time: 11.498373 ms
Processing Time: 12.644052 ms
Processing Time: 11.762094 ms
Processing Time: 12.085453 ms
Processing Time: 12.307826 ms
Processing Time: 11.290665 ms
Processing Time: 13.065837 ms
Processing Time: 14.298048 ms
Processing Time: 13.985758 ms
Processing Time: 13.206327 ms
Processing Time: 12.484448 ms
Processing Time: 12.695819 ms
Processing Time: 13.271056 ms
Processing Time: 14.297131 ms
Processing Time: 16.320016 ms
Processing Time: 21.148026 ms
Processing Time: 15.793137 ms
Processing Time: 17.413285 ms
Processing Time: 18.04282 ms
Processing Time: 12.278183 ms
Processing Time: 11.275479 ms
Processing Time: 12.825496 ms
Processing Time: 10.519419 ms
Processing Time: 12.099506 ms
Processing Time: 11.280202 ms
Processing Time: 11.406685 ms
Processing Time: 11.679076 ms
Processing Time: 11.707228 ms
Processing Time: 11.066991 ms
Processing Time: 11.015816 ms
Processing Time: 12.80849 ms
Processing Time: 8.235047 ms
Processing Time: 12.888104 ms
Processing Time: 13.090356 ms
Processing Time: 6.668203 ms
Processing Time: 7.772712 ms
Processing Time: 10.179775 ms
Processing Time: 11.222451 ms
Processing Time: 10.994363 ms
Processing Time: 11.210533 ms
Processing Time: 11.628729 ms
Processing Time: 6.112811 ms
Processing Time: 5.982004 ms
Processing Time: 11.930569 ms
Processing Time: 11.772729 ms
Processing Time: 12.110886 ms
Processing Time: 11.439519 ms
Processing Time: 9.796254 ms
Processing Time: 9.477797 ms
Processing Time: 11.514264 ms
Processing Time: 10.376604 ms
Processing Time: 10.048365 ms
Processing Time: 9.695 ms
Processing Time: 11.741569 ms
Processing Time: 11.560268 ms
Processing Time: 10.827094 ms
Processing Time: 11.519099 ms
Processing Time: 12.990742 ms
Processing Time: 12.267653 ms
Processing Time: 13.878997 ms
Processing Time: 10.897228 ms
Processing Time: 9.978306 ms
Processing Time: 10.80181 ms
Processing Time: 11.314233 ms
Processing Time: 13.318463 ms
Processing Time: 11.234106 ms
Processing Time: 12.576008 ms
Processing Time: 13.816424 ms
Processing Time: 6.337451 ms
Processing Time: 6.601513 ms
Processing Time: 6.48161 ms
Processing Time: 10.966288 ms
Processing Time: 11.217087 ms
Processing Time: 11.188967 ms
Processing Time: 11.958481 ms
Processing Time: 12.802267 ms
Processing Time: 12.322339 ms
Processing Time: 12.646731 ms
Processing Time: 8.488905 ms
Processing Time: 4.695387 ms
Processing Time: 8.766327 ms
Processing Time: 10.988974 ms
Processing Time: 11.84078 ms
Processing Time: 11.278393 ms
Processing Time: 11.271801 ms
Processing Time: 13.170103 ms
Processing Time: 6.077074 ms
Processing Time: 11.629506 ms
Processing Time: 11.205524 ms
Processing Time: 11.046093 ms
Processing Time: 11.810344 ms
Processing Time: 11.934938 ms
Processing Time: 14.192923 ms
Processing Time: 11.966993 ms
Processing Time: 12.146062 ms
Processing Time: 6.307184 ms
Processing Time: 12.510105 ms
Processing Time: 12.468042 ms
Processing Time: 11.137504 ms
Processing Time: 11.08416 ms
Processing Time: 12.831765 ms
Processing Time: 10.973635 ms
Processing Time: 11.645072 ms
Processing Time: 14.780236 ms
Processing Time: 13.224294 ms
Processing Time: 12.402751 ms
Processing Time: 11.803965 ms
Processing Time: 10.720406 ms
Processing Time: 10.00942 ms
Processing Time: 11.440169 ms
Processing Time: 11.858265 ms
Processing Time: 11.19595 ms
Processing Time: 12.924497 ms
Processing Time: 12.717141 ms
Processing Time: 13.40564 ms
Processing Time: 12.010868 ms
Processing Time: 12.318996 ms
Processing Time: 13.525956 ms
Processing Time: 13.228059 ms
Processing Time: 12.020888 ms
Processing Time: 9.121583 ms
Processing Time: 6.255373 ms
Processing Time: 12.468024 ms
Processing Time: 12.042416 ms
Processing Time: 11.626943 ms
Processing Time: 12.374537 ms
Processing Time: 12.681719 ms
Processing Time: 9.045298 ms
Processing Time: 10.92667 ms
Processing Time: 12.450198 ms
Processing Time: 12.066243 ms
Processing Time: 13.207093 ms
Processing Time: 14.061544 ms
Processing Time: 10.381347 ms
Processing Time: 8.000635 ms
Processing Time: 8.117948 ms
Processing Time: 11.865753 ms
Processing Time: 12.658664 ms
Processing Time: 14.06773 ms
Processing Time: 13.019842 ms
Processing Time: 13.63444 ms
Processing Time: 14.07653 ms
Processing Time: 8.786155 ms
Processing Time: 17.270677 ms
Processing Time: 21.721318 ms
Processing Time: 15.592106 ms
Processing Time: 10.655588 ms
Processing Time: 14.53096 ms
Processing Time: 15.596168 ms
Processing Time: 10.775772 ms
Processing Time: 11.385436 ms
Processing Time: 14.190953 ms
Processing Time: 13.078967 ms
Processing Time: 12.963522 ms
Processing Time: 11.668939 ms
Processing Time: 13.710276 ms
Processing Time: 16.966482 ms
Processing Time: 6.70503 ms
Processing Time: 4.891994 ms
Processing Time: 11.677221 ms
Processing Time: 10.561582 ms
Processing Time: 10.796676 ms
Processing Time: 10.845581 ms
Processing Time: 13.299978 ms
Processing Time: 8.546888 ms
Processing Time: 4.296881 ms
Processing Time: 5.48904 ms
Processing Time: 10.563531 ms
Processing Time: 10.945818 ms
Processing Time: 11.147285 ms
Processing Time: 10.211727 ms
Processing Time: 10.066184 ms
Processing Time: 10.383605 ms
Processing Time: 6.147637 ms
Processing Time: 6.220676 ms
Processing Time: 10.323767 ms
Processing Time: 10.557231 ms
Processing Time: 9.77393 ms
Processing Time: 10.661449 ms
Processing Time: 10.601124 ms
Processing Time: 10.818926 ms
Processing Time: 10.647915 ms
Processing Time: 10.91052 ms
Processing Time: 11.335114 ms
Processing Time: 11.367315 ms
Processing Time: 9.205625 ms
Processing Time: 7.46239 ms
Processing Time: 10.906401 ms
Processing Time: 9.320274 ms
Processing Time: 11.269261 ms
Processing Time: 10.702953 ms
Processing Time: 10.989379 ms
Processing Time: 11.286739 ms
Processing Time: 11.344499 ms
Processing Time: 6.252038 ms
Processing Time: 5.909246 ms
Processing Time: 10.500573 ms
Processing Time: 10.421656 ms
Processing Time: 10.633699 ms
Processing Time: 10.130712 ms
Processing Time: 10.045095 ms
Processing Time: 13.888654 ms
Processing Time: 7.454598 ms
Processing Time: 8.479025 ms
Processing Time: 5.475158 ms
Processing Time: 10.590241 ms
Processing Time: 11.84803 ms
Processing Time: 10.657793 ms
Processing Time: 10.744859 ms
Processing Time: 11.35767 ms
Processing Time: 14.048178 ms
Processing Time: 5.317765 ms
Processing Time: 5.554709 ms
Processing Time: 11.377034 ms
Processing Time: 10.554169 ms
Processing Time: 10.98906 ms
Processing Time: 12.372303 ms
Processing Time: 11.904673 ms
Processing Time: 14.241841 ms
Processing Time: 7.675388 ms
Processing Time: 5.460753 ms
Processing Time: 12.671084 ms
Processing Time: 10.38283 ms
Processing Time: 10.475636 ms
Processing Time: 10.664392 ms
Processing Time: 10.125692 ms
Processing Time: 12.434095 ms
Processing Time: 4.390693 ms
Processing Time: 4.903741 ms
Processing Time: 5.379956 ms
Processing Time: 10.671554 ms
Processing Time: 10.425928 ms
Processing Time: 11.718763 ms
Processing Time: 11.447529 ms
Processing Time: 10.876984 ms
Processing Time: 8.814184 ms
Processing Time: 7.26936 ms
Processing Time: 11.555148 ms
Processing Time: 11.081653 ms
Processing Time: 10.979338 ms
Processing Time: 13.292992 ms
Processing Time: 11.232163 ms
Processing Time: 11.310097 ms
Processing Time: 13.47999 ms
Processing Time: 5.00669 ms
Processing Time: 3.592289 ms
Processing Time: 4.656945 ms
Processing Time: 12.440691 ms
Processing Time: 10.517699 ms
Processing Time: 11.202012 ms
Processing Time: 11.462839 ms
Processing Time: 14.593922 ms
Processing Time: 6.294403 ms
Processing Time: 7.152536 ms
Processing Time: 10.512487 ms
Processing Time: 10.891168 ms
Processing Time: 13.014313 ms
Processing Time: 10.0302 ms
Processing Time: 12.045319 ms
Processing Time: 14.970796 ms
Processing Time: 11.917086 ms
Processing Time: 5.936183 ms
Processing Time: 6.034615 ms
Processing Time: 7.36422 ms
Processing Time: 11.48329 ms
Processing Time: 11.681971 ms
Processing Time: 10.826082 ms
Processing Time: 14.334958 ms
Processing Time: 110.213814 ms
Processing Time: 7.959988 ms
Processing Time: 3.924194 ms
Processing Time: 10.105177 ms
Processing Time: 10.074223 ms
Processing Time: 5.778485 ms
Processing Time: 5.667219 ms
Processing Time: 11.524323 ms
Processing Time: 10.683115 ms
Processing Time: 10.307166 ms
Processing Time: 11.604978 ms
Processing Time: 11.019037 ms
Processing Time: 9.878924 ms
Processing Time: 10.071 ms
Processing Time: 10.511574 ms
Processing Time: 11.31605 ms
Processing Time: 10.59139 ms
Processing Time: 10.833739 ms
Processing Time: 10.969382 ms
Processing Time: 11.30055 ms
Processing Time: 11.083347 ms
Processing Time: 10.892072 ms
Processing Time: 10.914647 ms
Processing Time: 11.115138 ms
Processing Time: 12.640716 ms
Processing Time: 11.363259 ms
Processing Time: 10.307662 ms
Processing Time: 11.502225 ms
Processing Time: 11.251958 ms
Processing Time: 11.127697 ms
Processing Time: 11.378846 ms
Processing Time: 11.061693 ms
Processing Time: 11.224139 ms
Processing Time: 10.927069 ms
Processing Time: 11.343586 ms
Processing Time: 11.610178 ms
Processing Time: 11.101639 ms
Processing Time: 11.12137 ms
Processing Time: 11.265014 ms
Processing Time: 10.973 ms
Processing Time: 11.07773 ms
Processing Time: 11.570479 ms
Processing Time: 11.01743 ms
Processing Time: 11.744422 ms
Processing Time: 11.997714 ms
Processing Time: 11.736014 ms
Processing Time: 10.927627 ms
Processing Time: 11.56617 ms
Processing Time: 11.755002 ms
Processing Time: 10.444678 ms
Processing Time: 5.921181 ms
Processing Time: 11.033687 ms
Processing Time: 10.79641 ms
Processing Time: 10.335939 ms
Processing Time: 10.702886 ms
Processing Time: 10.06413 ms
Processing Time: 10.889931 ms
Processing Time: 11.01317 ms
Processing Time: 10.818965 ms
Processing Time: 11.482988 ms
Processing Time: 10.922141 ms
Processing Time: 7.881189 ms
Processing Time: 10.218718 ms
Processing Time: 10.27519 ms
Processing Time: 11.04545 ms
Processing Time: 11.025055 ms
Processing Time: 11.644072 ms
Processing Time: 11.288841 ms
Processing Time: 11.241507 ms
Processing Time: 10.975474 ms
Processing Time: 10.994904 ms
Processing Time: 10.863589 ms
Processing Time: 10.715292 ms
Processing Time: 10.752581 ms
Processing Time: 11.344002 ms
Processing Time: 12.861932 ms
Processing Time: 11.85416 ms
Processing Time: 10.538671 ms
Processing Time: 9.379821 ms
Processing Time: 11.939359 ms
Processing Time: 4.775703 ms
Processing Time: 4.817719 ms
Processing Time: 4.225087 ms
Processing Time: 4.127485 ms
Processing Time: 5.16397 ms
Processing Time: 4.187083 ms
Processing Time: 4.440895 ms
Processing Time: 4.442379 ms
Processing Time: 3.813406 ms
Processing Time: 4.146274 ms
Processing Time: 3.277153 ms
Processing Time: 3.028171 ms
Processing Time: 4.412339 ms
Processing Time: 3.191589 ms
Processing Time: 13.437554 ms
Processing Time: 4.420796 ms
Processing Time: 3.800744 ms
Processing Time: 4.823181 ms
Processing Time: 6.153593 ms
Processing Time: 6.565014 ms
Processing Time: 11.340363 ms
Processing Time: 11.187396 ms
Processing Time: 10.322413 ms
Processing Time: 10.404136 ms
Processing Time: 10.613539 ms
Processing Time: 12.745766 ms
Processing Time: 14.683882 ms
Processing Time: 11.681853 ms
Processing Time: 7.956413 ms
Processing Time: 8.070458 ms
Processing Time: 11.903359 ms
Processing Time: 11.813562 ms
Processing Time: 12.448545 ms
[170 286  36]
Processing Time: 12.688305 ms
Processing Time: 11.013995 ms
Processing Time: 11.225272 ms
Processing Time: 7.734632 ms
Processing Time: 3.620888 ms
Processing Time: 3.899831 ms
Processing Time: 3.334816 ms
Processing Time: 10.194019 ms
Processing Time: 8.668999 ms
Processing Time: 5.439743 ms
Processing Time: 12.244857 ms
Processing Time: 10.419162 ms
Processing Time: 9.779235 ms
Processing Time: 11.13513 ms
Processing Time: 13.435689 ms
Processing Time: 12.757058 ms
Processing Time: 4.305991 ms
Processing Time: 3.513449 ms
Processing Time: 3.624929 ms
Processing Time: 3.880183 ms
[382 334  33]
Processing Time: 4.591164 ms
Processing Time: 11.771247 ms
Processing Time: 11.861239 ms
Processing Time: 7.736029 ms
Processing Time: 5.118505 ms
Processing Time: 4.849842 ms
[354 298  31]
Processing Time: 5.12649 ms
[354 298  33]
Processing Time: 8.156812 ms
Processing Time: 8.416839 ms
Processing Time: 7.155991 ms
Processing Time: 6.799539 ms
Processing Time: 6.746788 ms
Processing Time: 6.579868 ms
Processing Time: 6.813612 ms
Processing Time: 7.565225 ms
Processing Time: 7.284649 ms
Processing Time: 7.916422 ms
Processing Time: 10.17843 ms
Processing Time: 10.591254 ms
Processing Time: 10.546185 ms
Processing Time: 12.421273 ms
Processing Time: 12.573285 ms
Processing Time: 12.362309 ms
Processing Time: 16.455062 ms
Processing Time: 3.944743 ms
Processing Time: 3.750335 ms
Processing Time: 6.17194 ms
Processing Time: 11.596231 ms
Processing Time: 11.676252 ms
[238 154  30]
Processing Time: 12.481857 ms
Processing Time: 11.072295 ms
Processing Time: 11.29687 ms
[242 174  34]
Processing Time: 12.517063 ms
Processing Time: 11.229297 ms
Processing Time: 11.641247 ms
Processing Time: 10.295744 ms
Processing Time: 11.112281 ms
Processing Time: 10.836695 ms
[258 130  30]
Processing Time: 13.077359 ms
Processing Time: 11.086604 ms
Processing Time: 11.676965 ms
[238 114  33]
Processing Time: 12.150374 ms
Processing Time: 10.249586 ms
Processing Time: 11.555756 ms
Processing Time: 11.834895 ms
Processing Time: 12.232493 ms
Processing Time: 12.490089 ms
Processing Time: 11.340107 ms
Processing Time: 11.318149 ms
Processing Time: 10.998378 ms
Processing Time: 10.256003 ms
Processing Time: 10.848989 ms
[70 58 38]
Processing Time: 11.964222 ms
[78 58 38]
Processing Time: 13.632826 ms
Processing Time: 12.525738 ms
Processing Time: 11.844361 ms
[98 74 36]
Processing Time: 12.38247 ms
Processing Time: 7.873547 ms
Processing Time: 7.801241 ms
[118  54  34]
Processing Time: 13.610868 ms
Processing Time: 18.276119 ms
Processing Time: 11.637396 ms
Processing Time: 10.763235 ms
Processing Time: 11.460579 ms
[86 90 39]
Processing Time: 13.101953 ms
[78 94 34]
Processing Time: 12.849642 ms
Processing Time: 12.459599 ms
Processing Time: 8.577942 ms
Processing Time: 8.817975 ms
Processing Time: 12.34353 ms
Processing Time: 11.815776 ms
Processing Time: 13.84505 ms
Processing Time: 11.243054 ms
Processing Time: 10.07565 ms
Processing Time: 10.354329 ms
Processing Time: 10.180442 ms
Processing Time: 10.126418 ms
Processing Time: 10.896332 ms
Processing Time: 11.616594 ms
Processing Time: 11.833768 ms
Processing Time: 12.75983 ms
Processing Time: 11.666433 ms
Processing Time: 6.471986 ms
Processing Time: 7.009981 ms
Processing Time: 6.60674 ms
Processing Time: 6.404125 ms
Processing Time: 6.48536 ms
[ 94 170  51]
Processing Time: 8.129091 ms
Processing Time: 7.191302 ms
Processing Time: 6.559153 ms
Processing Time: 6.788992 ms
Processing Time: 6.73439 ms
Processing Time: 7.293596 ms
Processing Time: 6.49507 ms
Processing Time: 9.622935 ms
Processing Time: 5.285597 ms
Processing Time: 5.88566 ms
Processing Time: 5.340395 ms
[198 306  74]
Processing Time: 5.521252 ms
[206 306  78]
Processing Time: 4.420988 ms
[194 302  74]
Processing Time: 4.954221 ms
[182 302  76]
Processing Time: 5.048805 ms
Processing Time: 3.89876 ms
[110 310 109]
Processing Time: 4.870315 ms
[102 334 106]
Processing Time: 4.227875 ms
[ 70 326 130]
Processing Time: 4.351902 ms
[ 90 326 106]
Processing Time: 13.576221 ms
[ 62 354 111]
Processing Time: 12.459144 ms
[ 86 378 110]
Processing Time: 10.500479 ms
[ 90 350 114]
Processing Time: 7.592546 ms
[ 86 358 120]
Processing Time: 8.787657 ms
[ 62 334 158]
Processing Time: 8.054927 ms
[ 22 346 197]
Processing Time: 7.773192 ms
[ 22 342 193]
Processing Time: 8.054819 ms
Processing Time: 5.750811 ms
Processing Time: 12.305285 ms
[ 74 418 150]
Processing Time: 13.061431 ms
Processing Time: 6.508526 ms
Processing Time: 7.489281 ms
Processing Time: 12.129103 ms
Processing Time: 14.587243 ms
[282 122 109]
Processing Time: 20.194477 ms
[494 214  37]
Processing Time: 21.909353 ms
Processing Time: 9.033545 ms
Processing Time: 7.133851 ms
Processing Time: 8.00679 ms
Processing Time: 7.908634 ms
Processing Time: 8.103904 ms
Processing Time: 7.52242 ms
Processing Time: 9.982012 ms
Processing Time: 9.842637 ms
Processing Time: 9.219445 ms
Processing Time: 12.456418 ms
Processing Time: 13.927397 ms
Processing Time: 11.154451 ms
Processing Time: 12.972085 ms
Processing Time: 11.221082 ms
Processing Time: 10.238582 ms
Processing Time: 10.452448 ms
Processing Time: 10.356083 ms
Processing Time: 10.170389 ms
Processing Time: 9.704549 ms
Processing Time: 11.177005 ms
Processing Time: 11.538242 ms
Processing Time: 10.944583 ms
Processing Time: 12.294501 ms
Processing Time: 10.843999 ms
Processing Time: 10.616421 ms
Processing Time: 11.255953 ms
Processing Time: 12.862586 ms
Processing Time: 11.550948 ms
Processing Time: 7.863478 ms
Processing Time: 10.569384 ms
Processing Time: 11.755389 ms
Processing Time: 10.00991 ms
Processing Time: 9.248781 ms
Processing Time: 10.296738 ms
Processing Time: 9.826555 ms
Processing Time: 10.665558 ms
Processing Time: 6.682973 ms
Processing Time: 5.484904 ms
Processing Time: 6.057757 ms
Processing Time: 5.934493 ms
Processing Time: 6.608095 ms
Processing Time: 6.378984 ms
Processing Time: 5.94284 ms
Processing Time: 5.513643 ms
Processing Time: 5.529072 ms
Processing Time: 4.829679 ms
Processing Time: 12.780177 ms
Processing Time: 10.564269 ms
Processing Time: 5.135305 ms
Processing Time: 5.843714 ms
Processing Time: 5.729285 ms
Processing Time: 5.972214 ms
Processing Time: 6.019617 ms
Processing Time: 9.218077 ms
Processing Time: 5.79206 ms
Processing Time: 4.580828 ms
Processing Time: 4.594496 ms
Processing Time: 4.255908 ms
Processing Time: 3.276784 ms
Processing Time: 3.469773 ms
Processing Time: 9.935876 ms
Processing Time: 5.800644 ms
Processing Time: 3.66315 ms
Processing Time: 3.545847 ms
Processing Time: 3.500176 ms
Processing Time: 4.065114 ms
Processing Time: 3.334897 ms
Processing Time: 5.57898 ms
Processing Time: 6.498024 ms
Processing Time: 8.071376 ms
Processing Time: 6.361748 ms
Processing Time: 10.267766 ms
Processing Time: 10.981799 ms
Processing Time: 10.811479 ms
Processing Time: 12.453625 ms
Processing Time: 9.882311 ms
Processing Time: 6.244962 ms
Processing Time: 7.053233 ms
Processing Time: 7.069703 ms
Processing Time: 10.905655 ms
Processing Time: 10.897403 ms
Processing Time: 11.010952 ms
Processing Time: 12.225016 ms
Processing Time: 10.200308 ms
Processing Time: 10.174788 ms
Processing Time: 11.346047 ms
[122 290  40]
Processing Time: 12.557104 ms
Processing Time: 12.433853 ms
Processing Time: 12.049005 ms
Processing Time: 13.441489 ms
Processing Time: 11.495436 ms
Processing Time: 10.995189 ms
Processing Time: 10.581229 ms
Processing Time: 10.952438 ms
Processing Time: 12.09708 ms
Processing Time: 13.571986 ms
[ 54 346  47]
Processing Time: 13.483028 ms
Processing Time: 11.570311 ms
[102 342  57]
Processing Time: 14.001897 ms
[102 342  57]
Processing Time: 12.059532 ms
Processing Time: 11.004527 ms
Processing Time: 4.860699 ms
Processing Time: 3.584076 ms
Processing Time: 4.577806 ms
Processing Time: 13.022079 ms
Processing Time: 13.789447 ms
Processing Time: 14.793446 ms
Processing Time: 13.669164 ms
Processing Time: 12.192929 ms
Processing Time: 12.381375 ms
Processing Time: 13.527237 ms
Processing Time: 12.346473 ms
Processing Time: 12.667642 ms
Processing Time: 16.196892 ms
Processing Time: 13.137144 ms
Processing Time: 14.379509 ms
Processing Time: 13.800537 ms
Processing Time: 13.611954 ms
Processing Time: 14.055411 ms
Processing Time: 13.823794 ms
Processing Time: 14.333145 ms
Processing Time: 12.361216 ms
Processing Time: 12.147936 ms
Processing Time: 12.549525 ms
Processing Time: 12.740757 ms
Processing Time: 13.416204 ms
Processing Time: 15.353722 ms
Processing Time: 17.921538 ms
Processing Time: 17.65203 ms
Processing Time: 13.018272 ms
Processing Time: 13.954021 ms
[  6 266 196]
Processing Time: 14.944868 ms
[ 50 446 312]
Processing Time: 15.55082 ms
[202 238 156]
Processing Time: 17.571682 ms
[182 302 266]
Processing Time: 17.661711 ms
[242 330 264]
Processing Time: 15.665041 ms
[298 278 256]
Processing Time: 15.671316 ms
[446 178 165]
Processing Time: 18.713574 ms
Processing Time: 13.059517 ms
Processing Time: 8.012356 ms
Processing Time: 7.809948 ms
Processing Time: 8.216901 ms
Processing Time: 7.68841 ms
Processing Time: 11.462724 ms
Processing Time: 10.2893 ms
Processing Time: 15.690407 ms
Processing Time: 6.63687 ms
Processing Time: 5.820606 ms
Processing Time: 10.755337 ms
Processing Time: 12.341264 ms
Processing Time: 12.431984 ms
Processing Time: 12.2265 ms
Processing Time: 11.785491 ms
Processing Time: 12.066365 ms
Processing Time: 13.912531 ms
Processing Time: 10.850522 ms
Processing Time: 12.055226 ms
Processing Time: 11.847176 ms
Processing Time: 11.467519 ms
Processing Time: 12.016604 ms
Processing Time: 11.509222 ms
Processing Time: 10.479601 ms
Processing Time: 10.834024 ms
Processing Time: 11.087569 ms
Processing Time: 11.797965 ms
Processing Time: 9.506083 ms
Processing Time: 13.524039 ms
Processing Time: 10.398329 ms
Processing Time: 5.9029 ms
Processing Time: 5.803093 ms
Processing Time: 11.040747 ms
Processing Time: 11.650077 ms
Processing Time: 11.533893 ms
Processing Time: 11.492178 ms
Processing Time: 11.256229 ms
Processing Time: 12.292396 ms
Processing Time: 12.092939 ms
Processing Time: 12.097543 ms
Processing Time: 13.494867 ms
Processing Time: 6.833483 ms
Processing Time: 6.642843 ms
Processing Time: 10.443075 ms
Processing Time: 12.304219 ms
Processing Time: 11.696259 ms
Processing Time: 10.976422 ms
Processing Time: 10.306738 ms
Processing Time: 10.237634 ms
Processing Time: 10.089468 ms
Processing Time: 10.20181 ms
Processing Time: 11.722898 ms
Processing Time: 12.448323 ms
Processing Time: 12.172832 ms
Processing Time: 10.697451 ms
Processing Time: 9.994255 ms
Processing Time: 12.187216 ms
Processing Time: 5.114454 ms
Processing Time: 5.276933 ms
Processing Time: 11.791022 ms
Processing Time: 9.537691 ms
Processing Time: 9.900342 ms
Processing Time: 11.398301 ms
Processing Time: 11.324254 ms
Processing Time: 11.444094 ms
Processing Time: 11.227866 ms
Processing Time: 11.020427 ms
Processing Time: 10.882981 ms
Processing Time: 9.955761 ms
Processing Time: 10.518762 ms
Processing Time: 11.315611 ms
Processing Time: 11.0015 ms
Processing Time: 13.961213 ms
Processing Time: 11.028544 ms
Processing Time: 10.008062 ms
Processing Time: 9.802198 ms
Processing Time: 10.914962 ms
Processing Time: 11.344675 ms
Processing Time: 11.959012 ms
Processing Time: 11.429495 ms
Processing Time: 10.207317 ms
Processing Time: 11.80399 ms
Processing Time: 10.076842 ms
Processing Time: 11.42835 ms
Processing Time: 12.933245 ms
Processing Time: 6.935785 ms
Processing Time: 7.305291 ms
Processing Time: 6.70821 ms
Processing Time: 6.161943 ms
Processing Time: 7.195087 ms
Processing Time: 8.72969 ms
Processing Time: 8.984835 ms
Processing Time: 9.063894 ms
Processing Time: 10.191537 ms
Processing Time: 9.684346 ms
Processing Time: 10.804726 ms
Processing Time: 9.083377 ms
Processing Time: 10.637985 ms
Processing Time: 11.720145 ms
Processing Time: 8.864739 ms
Processing Time: 9.52548 ms
Processing Time: 9.502771 ms
Processing Time: 7.380096 ms
Processing Time: 7.031506 ms
Processing Time: 4.514309 ms
Processing Time: 3.895372 ms
Processing Time: 4.081664 ms
Processing Time: 5.529547 ms
Processing Time: 6.406649 ms
Processing Time: 11.540614 ms
Processing Time: 10.684314 ms
Processing Time: 11.300257 ms
Processing Time: 11.866604 ms
[ 94 198  88]
Processing Time: 12.701764 ms
[ 90 194  86]
Processing Time: 15.504287 ms
Processing Time: 13.02987 ms
Processing Time: 14.869025 ms
Processing Time: 11.976724 ms
Processing Time: 11.955 ms
Processing Time: 13.399278 ms
Processing Time: 11.588501 ms
Processing Time: 13.086385 ms
Processing Time: 13.645587 ms
[154 178 160]
Processing Time: 15.559223 ms
[126 190 161]
Processing Time: 16.603452 ms
[166 202 154]
Processing Time: 19.668834 ms
[194 166 121]
Processing Time: 11.383184 ms
[118 238 126]
Processing Time: 11.188528 ms
Processing Time: 9.569455 ms
Processing Time: 8.319123 ms
Processing Time: 8.780058 ms
[142 218 214]
Processing Time: 12.735901 ms
[122 134 306]
Processing Time: 13.536829 ms
Processing Time: 11.651656 ms
Processing Time: 12.792562 ms
Processing Time: 10.95513 ms
Processing Time: 10.634575 ms
Processing Time: 13.244493 ms
Processing Time: 9.78538 ms
Processing Time: 9.604127 ms
Processing Time: 11.461557 ms
Processing Time: 10.6245 ms
Processing Time: 9.994988 ms
Processing Time: 11.052242 ms
Processing Time: 11.058382 ms
Processing Time: 11.037507 ms
Processing Time: 11.547908 ms
Processing Time: 11.858014 ms
Processing Time: 9.643115 ms
Processing Time: 10.977263 ms
Processing Time: 10.149137 ms
Processing Time: 10.976773 ms
Processing Time: 9.341734 ms
Processing Time: 9.905744 ms
Processing Time: 10.340946 ms
Processing Time: 3.496917 ms
Processing Time: 3.404158 ms
Processing Time: 3.106478 ms
Processing Time: 3.251475 ms
Processing Time: 9.837797 ms
Processing Time: 8.787046 ms
Processing Time: 5.053073 ms
Processing Time: 3.656914 ms
Processing Time: 3.924011 ms
Processing Time: 4.655605 ms
Processing Time: 9.351077 ms
Processing Time: 10.1855 ms
Processing Time: 10.313626 ms
Processing Time: 10.083769 ms
Processing Time: 8.866127 ms
Processing Time: 7.493826 ms
Processing Time: 7.240675 ms
Processing Time: 7.365149 ms
Processing Time: 10.888039 ms
Processing Time: 10.640112 ms
Processing Time: 5.845886 ms
Processing Time: 5.643119 ms
Processing Time: 10.54611 ms
Processing Time: 12.879629 ms
Processing Time: 11.159879 ms
Processing Time: 12.955711 ms
Processing Time: 11.254394 ms
Processing Time: 11.076511 ms
Processing Time: 11.50498 ms
Processing Time: 10.595727 ms
Processing Time: 12.224746 ms
Processing Time: 5.889052 ms
Processing Time: 9.403585 ms
Processing Time: 10.857851 ms
Processing Time: 11.036205 ms
Processing Time: 11.539562 ms
Processing Time: 11.043286 ms
Processing Time: 7.409363 ms
Processing Time: 9.171249 ms
Processing Time: 12.370302 ms
Processing Time: 10.563627 ms
Processing Time: 11.412561 ms
Processing Time: 10.392268 ms
Processing Time: 10.13669 ms
Processing Time: 11.502889 ms
Processing Time: 10.554934 ms
Processing Time: 9.939532 ms
Processing Time: 9.917143 ms
Processing Time: 11.203541 ms
Processing Time: 11.011914 ms
Processing Time: 11.289282 ms
Processing Time: 10.721172 ms
Processing Time: 13.687293 ms
Processing Time: 12.294965 ms
Processing Time: 10.188703 ms
Processing Time: 9.995132 ms
Processing Time: 10.221692 ms
Processing Time: 9.949829 ms
Processing Time: 12.6205 ms
Processing Time: 11.256579 ms
Processing Time: 11.196701 ms
Processing Time: 11.018833 ms
Processing Time: 11.023005 ms
Processing Time: 10.55146 ms
Processing Time: 11.35967 ms
Processing Time: 12.002497 ms
Processing Time: 12.131061 ms
Processing Time: 12.074741 ms
Processing Time: 10.733003 ms
Processing Time: 11.076744 ms
Processing Time: 10.597664 ms
Processing Time: 9.932693 ms
Processing Time: 10.015545 ms
Processing Time: 11.075089 ms
Processing Time: 11.118271 ms
Processing Time: 10.265371 ms
Processing Time: 11.179938 ms
Processing Time: 10.933398 ms
Processing Time: 11.721399 ms
Processing Time: 12.680966 ms
Processing Time: 12.992294 ms
Processing Time: 10.822525 ms
Processing Time: 10.881534 ms
Processing Time: 10.809164 ms
Processing Time: 10.21151 ms
Processing Time: 9.709938 ms
Processing Time: 9.945989 ms
Processing Time: 11.85215 ms
Processing Time: 11.032193 ms
Processing Time: 10.687167 ms
Processing Time: 10.697919 ms
Processing Time: 10.919333 ms
Processing Time: 12.194644 ms
Processing Time: 12.099898 ms
